<?xml version="1.0" encoding="UTF-8"?>
<robot generator="Robot 7.2.2 (Python 3.12.5 on win32)" generated="2026-06-23T15:00:49.830826" rpa="false" schemaversion="5">
<suite id="s1" name="Tests" source="C:\xampp\htdocs\homestay-booking\LanAnh_HomestayBooking_Automaition\tests">
<suite id="s1-s1" name="AccountTests" source="C:\xampp\htdocs\homestay-booking\LanAnh_HomestayBooking_Automaition\tests\AccountTests.robot">
<test id="s1-s1-t1" name="TC_01 User Can Update Profile Information" line="11">
<kw name="Open Browser To Application" owner="common_keywords" type="SETUP">
<kw name="Evaluate" owner="BuiltIn">
<msg time="2026-06-23T15:00:50.525274" level="INFO">${chrome_options} = &lt;selenium.webdriver.chrome.options.Options object at 0x000001BE9F6E1C10&gt;</msg>
<var>${chrome_options}</var>
<arg>sys.modules['selenium.webdriver'].ChromeOptions()</arg>
<arg>sys, selenium.webdriver</arg>
<doc>Evaluates the given expression in Python and returns the result.</doc>
<status status="PASS" start="2026-06-23T15:00:50.524211" elapsed="0.001063"/>
</kw>
<kw name="Call Method" owner="BuiltIn">
<arg>${chrome_options}</arg>
<arg>add_argument</arg>
<arg>--headless</arg>
<doc>Calls the named method of the given object with the provided arguments.</doc>
<status status="PASS" start="2026-06-23T15:00:50.525274" elapsed="0.000000"/>
</kw>
<kw name="Call Method" owner="BuiltIn">
<arg>${chrome_options}</arg>
<arg>add_argument</arg>
<arg>--disable-gpu</arg>
<doc>Calls the named method of the given object with the provided arguments.</doc>
<status status="PASS" start="2026-06-23T15:00:50.525274" elapsed="0.000000"/>
</kw>
<kw name="Call Method" owner="BuiltIn">
<arg>${chrome_options}</arg>
<arg>add_argument</arg>
<arg>--window-size\=1920,1080</arg>
<doc>Calls the named method of the given object with the provided arguments.</doc>
<status status="PASS" start="2026-06-23T15:00:50.526289" elapsed="0.000000"/>
</kw>
<kw name="Call Method" owner="BuiltIn">
<arg>${chrome_options}</arg>
<arg>add_argument</arg>
<arg>--ignore-certificate-errors</arg>
<doc>Calls the named method of the given object with the provided arguments.</doc>
<status status="PASS" start="2026-06-23T15:00:50.526289" elapsed="0.000000"/>
</kw>
<kw name="Call Method" owner="BuiltIn">
<arg>${chrome_options}</arg>
<arg>add_argument</arg>
<arg>--allow-insecure-localhost</arg>
<doc>Calls the named method of the given object with the provided arguments.</doc>
<status status="PASS" start="2026-06-23T15:00:50.526289" elapsed="0.000000"/>
</kw>
<kw name="Call Method" owner="BuiltIn">
<arg>${chrome_options}</arg>
<arg>add_argument</arg>
<arg>--no-sandbox</arg>
<doc>Calls the named method of the given object with the provided arguments.</doc>
<status status="PASS" start="2026-06-23T15:00:50.526289" elapsed="0.000000"/>
</kw>
<kw name="Open Browser" owner="SeleniumLibrary">
<msg time="2026-06-23T15:00:50.526289" level="INFO">Opening browser 'chrome' to base url 'http://127.0.0.1:8000'.</msg>
<arg>${BASE_URL}</arg>
<arg>${BROWSER}</arg>
<arg>options=${chrome_options}</arg>
<doc>Opens a new browser instance to the optional ``url``.</doc>
<status status="PASS" start="2026-06-23T15:00:50.526289" elapsed="7.756351"/>
</kw>
<kw name="Set Window Size" owner="SeleniumLibrary">
<arg>1920</arg>
<arg>1080</arg>
<doc>Sets current windows size to given ``width`` and ``height``.</doc>
<status status="PASS" start="2026-06-23T15:00:58.282640" elapsed="0.005625"/>
</kw>
<status status="PASS" start="2026-06-23T15:00:50.523278" elapsed="7.764987"/>
</kw>
<kw name="Go To Login Page" owner="LoginPage">
<kw name="Go To" owner="SeleniumLibrary">
<msg time="2026-06-23T15:00:58.289265" level="INFO">Opening url 'http://127.0.0.1:8000/login'</msg>
<arg>${BASE_URL}/login</arg>
<doc>Navigates the current browser window to the provided ``url``.</doc>
<status status="PASS" start="2026-06-23T15:00:58.289265" elapsed="0.679953"/>
</kw>
<kw name="Wait Until Element Is Visible" owner="SeleniumLibrary">
<arg>${EMAIL_INPUT}</arg>
<arg>10s</arg>
<doc>Waits until the element ``locator`` is visible.</doc>
<status status="PASS" start="2026-06-23T15:00:58.969218" elapsed="0.032202"/>
</kw>
<status status="PASS" start="2026-06-23T15:00:58.289265" elapsed="0.712155"/>
</kw>
<kw name="Login With Credentials" owner="LoginPage">
<kw name="Input User Email" owner="LoginPage">
<kw name="Run Keyword If" owner="BuiltIn">
<kw name="Input Text" owner="SeleniumLibrary">
<msg time="2026-06-23T15:00:59.003445" level="INFO">Typing text 'customer@gmail.com' into text field 'xpath=//input[@type='email']'.</msg>
<arg>${EMAIL_INPUT}</arg>
<arg>${email}</arg>
<doc>Types the given ``text`` into the text field identified by ``locator``.</doc>
<status status="PASS" start="2026-06-23T15:00:59.003445" elapsed="0.131502"/>
</kw>
<arg>'${email}' != '${EMPTY}'</arg>
<arg>Input Text</arg>
<arg>${EMAIL_INPUT}</arg>
<arg>${email}</arg>
<doc>Runs the given keyword with the given arguments, if ``condition`` is true.</doc>
<status status="PASS" start="2026-06-23T15:00:59.003445" elapsed="0.131502"/>
</kw>
<arg>${email}</arg>
<status status="PASS" start="2026-06-23T15:00:59.002927" elapsed="0.132020"/>
</kw>
<kw name="Input User Password" owner="LoginPage">
<kw name="Run Keyword If" owner="BuiltIn">
<kw name="Input Password" owner="SeleniumLibrary">
<msg time="2026-06-23T15:00:59.135957" level="INFO">Typing password into text field 'xpath=//input[@type='password']'.</msg>
<msg time="2026-06-23T15:00:59.161305" level="INFO">Temporally setting log level to: NONE</msg>
<arg>${PASSWORD_INPUT}</arg>
<arg>${password}</arg>
<doc>Types the given password into the text field identified by ``locator``.</doc>
<status status="PASS" start="2026-06-23T15:00:59.135957" elapsed="0.060815"/>
</kw>
<arg>'${password}' != '${EMPTY}'</arg>
<arg>Input Password</arg>
<arg>${PASSWORD_INPUT}</arg>
<arg>${password}</arg>
<doc>Runs the given keyword with the given arguments, if ``condition`` is true.</doc>
<status status="PASS" start="2026-06-23T15:00:59.134947" elapsed="0.061825"/>
</kw>
<arg>${password}</arg>
<status status="PASS" start="2026-06-23T15:00:59.134947" elapsed="0.061825"/>
</kw>
<kw name="Click Login Button" owner="LoginPage">
<kw name="Click Element" owner="SeleniumLibrary">
<msg time="2026-06-23T15:00:59.197790" level="INFO">Clicking element 'xpath=//button[@type='submit']'.</msg>
<arg>${LOGIN_BUTTON}</arg>
<doc>Click the element identified by ``locator``.</doc>
<status status="PASS" start="2026-06-23T15:00:59.197790" elapsed="0.086174"/>
</kw>
<status status="PASS" start="2026-06-23T15:00:59.196772" elapsed="0.087705"/>
</kw>
<arg>${VALID_USER}</arg>
<arg>${VALID_PASSWORD}</arg>
<status status="PASS" start="2026-06-23T15:00:59.002927" elapsed="0.281550"/>
</kw>
<kw name="Wait Until Location Is" owner="SeleniumLibrary">
<msg time="2026-06-23T15:01:01.328555" level="INFO" html="true">&lt;/td&gt;&lt;/tr&gt;&lt;tr&gt;&lt;td colspan="3"&gt;&lt;a href="selenium-screenshot-153.png"&gt;&lt;img src="selenium-screenshot-153.png" width="800px"&gt;&lt;/a&gt;</msg>
<msg time="2026-06-23T15:01:01.329560" level="FAIL">UnexpectedAlertPresentException: Alert Text: Đăng nhập thành công!
Message: unexpected alert open: {Alert text : Đăng nhập thành công!}
  (Session info: chrome=149.0.7827.116)
Stacktrace:
	chromedriver!GetHandleVerifier [0x7ff64e693fa5+14925]
	chromedriver!GetHandleVerifier [0x7ff64e694000+14980]
	chromedriver!(No symbol) [0x7ff64e1d793d]
	chromedriver!(No symbol) [0x7ff64e27fe3d]
	chromedriver!(No symbol) [0x7ff64e22401c]
	chromedriver!(No symbol) [0x7ff64e224f43]
	chromedriver!GetHandleVerifier [0x7ff64ec77591+5f7f11]
	chromedriver!GetHandleVerifier [0x7ff64ec71902+5f2282]
	chromedriver!GetHandleVerifier [0x7ff64ec97115+617a95]
	chromedriver!GetHandleVerifier [0x7ff64e6b1dce+3274e]
	chromedriver!GetHandleVerifier [0x7ff64e6ba82c+3b1ac]
	chromedriver!GetHandleVerifier [0x7ff64e69d744+1e0c4]
	chromedriver!GetHandleVerifier [0x7ff64e69d8d4+1e254]
	chromedriver!GetHandleVerifier [0x7ff64e681447+1dc7]
	KERNEL32!BaseThreadInitThunk [0x7ffdd26ae957+17]
	ntdll!RtlUserThreadStart [0x7ffdd3087c1c+2c]
</msg>
<arg>${BASE_URL}/</arg>
<arg>timeout=20s</arg>
<doc>Waits until the current URL is ``expected``.</doc>
<status status="FAIL" start="2026-06-23T15:00:59.284477" elapsed="2.058077">UnexpectedAlertPresentException: Alert Text: Đăng nhập thành công!
Message: unexpected alert open: {Alert text : Đăng nhập thành công!}
  (Session info: chrome=149.0.7827.116)
Stacktrace:
	chromedriver!GetHandleVerifier [0x7ff64e693fa5+14925]
	chromedriver!GetHandleVerifier [0x7ff64e694000+14980]
	chromedriver!(No symbol) [0x7ff64e1d793d]
	chromedriver!(No symbol) [0x7ff64e27fe3d]
	chromedriver!(No symbol) [0x7ff64e22401c]
	chromedriver!(No symbol) [0x7ff64e224f43]
	chromedriver!GetHandleVerifier [0x7ff64ec77591+5f7f11]
	chromedriver!GetHandleVerifier [0x7ff64ec71902+5f2282]
	chromedriver!GetHandleVerifier [0x7ff64ec97115+617a95]
	chromedriver!GetHandleVerifier [0x7ff64e6b1dce+3274e]
	chromedriver!GetHandleVerifier [0x7ff64e6ba82c+3b1ac]
	chromedriver!GetHandleVerifier [0x7ff64e69d744+1e0c4]
	chromedriver!GetHandleVerifier [0x7ff64e69d8d4+1e254]
	chromedriver!GetHandleVerifier [0x7ff64e681447+1dc7]
	KERNEL32!BaseThreadInitThunk [0x7ffdd26ae957+17]
	ntdll!RtlUserThreadStart [0x7ffdd3087c1c+2c]
</status>
</kw>
<kw name="Go To" owner="SeleniumLibrary">
<arg>${BASE_URL}/profile</arg>
<doc>Navigates the current browser window to the provided ``url``.</doc>
<status status="NOT RUN" start="2026-06-23T15:01:01.343773" elapsed="0.000000"/>
</kw>
<kw name="Wait Until Page Contains" owner="SeleniumLibrary">
<arg>Hồ sơ cá nhân</arg>
<arg>timeout=10s</arg>
<doc>Waits until ``text`` appears on the current page.</doc>
<status status="NOT RUN" start="2026-06-23T15:01:01.343773" elapsed="0.000000"/>
</kw>
<kw name="Clear Element Text" owner="SeleniumLibrary">
<arg>xpath=//input[@id='name']</arg>
<doc>Clears the value of the text-input-element identified by ``locator``.</doc>
<status status="NOT RUN" start="2026-06-23T15:01:01.343773" elapsed="0.000000"/>
</kw>
<kw name="Input Text" owner="SeleniumLibrary">
<arg>xpath=//input[@id='name']</arg>
<arg>Automation Tester</arg>
<doc>Types the given ``text`` into the text field identified by ``locator``.</doc>
<status status="NOT RUN" start="2026-06-23T15:01:01.343773" elapsed="0.000000"/>
</kw>
<kw name="Click Button" owner="SeleniumLibrary">
<arg>xpath=//button[contains(text(), 'Lưu thay đổi')]</arg>
<doc>Clicks the button identified by ``locator``.</doc>
<status status="NOT RUN" start="2026-06-23T15:01:01.343773" elapsed="0.000000"/>
</kw>
<kw name="Wait Until Page Contains" owner="SeleniumLibrary">
<arg>Cập nhật thành công</arg>
<arg>timeout=5s</arg>
<doc>Waits until ``text`` appears on the current page.</doc>
<status status="NOT RUN" start="2026-06-23T15:01:01.344784" elapsed="0.000000"/>
</kw>
<kw name="Close Application" owner="common_keywords" type="TEARDOWN">
<kw name="Close Browser" owner="SeleniumLibrary">
<doc>Closes the current browser.</doc>
<status status="PASS" start="2026-06-23T15:01:01.345783" elapsed="2.134515"/>
</kw>
<status status="PASS" start="2026-06-23T15:01:01.345783" elapsed="2.135521"/>
</kw>
<doc>Cập nhật thông tin cá nhân (Tên, Số điện thoại)</doc>
<status status="FAIL" start="2026-06-23T15:00:50.522326" elapsed="12.958978">UnexpectedAlertPresentException: Alert Text: Đăng nhập thành công!
Message: unexpected alert open: {Alert text : Đăng nhập thành công!}
  (Session info: chrome=149.0.7827.116)
Stacktrace:
	chromedriver!GetHandleVerifier [0x7ff64e693fa5+14925]
	chromedriver!GetHandleVerifier [0x7ff64e694000+14980]
	chromedriver!(No symbol) [0x7ff64e1d793d]
	chromedriver!(No symbol) [0x7ff64e27fe3d]
	chromedriver!(No symbol) [0x7ff64e22401c]
	chromedriver!(No symbol) [0x7ff64e224f43]
	chromedriver!GetHandleVerifier [0x7ff64ec77591+5f7f11]
	chromedriver!GetHandleVerifier [0x7ff64ec71902+5f2282]
	chromedriver!GetHandleVerifier [0x7ff64ec97115+617a95]
	chromedriver!GetHandleVerifier [0x7ff64e6b1dce+3274e]
	chromedriver!GetHandleVerifier [0x7ff64e6ba82c+3b1ac]
	chromedriver!GetHandleVerifier [0x7ff64e69d744+1e0c4]
	chromedriver!GetHandleVerifier [0x7ff64e69d8d4+1e254]
	chromedriver!GetHandleVerifier [0x7ff64e681447+1dc7]
	KERNEL32!BaseThreadInitThunk [0x7ffdd26ae957+17]
	ntdll!RtlUserThreadStart [0x7ffdd3087c1c+2c]
</status>
</test>
<test id="s1-s1-t2" name="TC_02 User Cannot Update Profile With Empty Name" line="31">
<kw name="Open Browser To Application" owner="common_keywords" type="SETUP">
<kw name="Evaluate" owner="BuiltIn">
<msg time="2026-06-23T15:01:03.484413" level="INFO">${chrome_options} = &lt;selenium.webdriver.chrome.options.Options object at 0x000001BE9F6E1F70&gt;</msg>
<var>${chrome_options}</var>
<arg>sys.modules['selenium.webdriver'].ChromeOptions()</arg>
<arg>sys, selenium.webdriver</arg>
<doc>Evaluates the given expression in Python and returns the result.</doc>
<status status="PASS" start="2026-06-23T15:01:03.483360" elapsed="0.001053"/>
</kw>
<kw name="Call Method" owner="BuiltIn">
<arg>${chrome_options}</arg>
<arg>add_argument</arg>
<arg>--headless</arg>
<doc>Calls the named method of the given object with the provided arguments.</doc>
<status status="PASS" start="2026-06-23T15:01:03.484413" elapsed="0.000000"/>
</kw>
<kw name="Call Method" owner="BuiltIn">
<arg>${chrome_options}</arg>
<arg>add_argument</arg>
<arg>--disable-gpu</arg>
<doc>Calls the named method of the given object with the provided arguments.</doc>
<status status="PASS" start="2026-06-23T15:01:03.484413" elapsed="0.000000"/>
</kw>
<kw name="Call Method" owner="BuiltIn">
<arg>${chrome_options}</arg>
<arg>add_argument</arg>
<arg>--window-size\=1920,1080</arg>
<doc>Calls the named method of the given object with the provided arguments.</doc>
<status status="PASS" start="2026-06-23T15:01:03.484413" elapsed="0.000739"/>
</kw>
<kw name="Call Method" owner="BuiltIn">
<arg>${chrome_options}</arg>
<arg>add_argument</arg>
<arg>--ignore-certificate-errors</arg>
<doc>Calls the named method of the given object with the provided arguments.</doc>
<status status="PASS" start="2026-06-23T15:01:03.485152" elapsed="0.000000"/>
</kw>
<kw name="Call Method" owner="BuiltIn">
<arg>${chrome_options}</arg>
<arg>add_argument</arg>
<arg>--allow-insecure-localhost</arg>
<doc>Calls the named method of the given object with the provided arguments.</doc>
<status status="PASS" start="2026-06-23T15:01:03.485152" elapsed="0.000000"/>
</kw>
<kw name="Call Method" owner="BuiltIn">
<arg>${chrome_options}</arg>
<arg>add_argument</arg>
<arg>--no-sandbox</arg>
<doc>Calls the named method of the given object with the provided arguments.</doc>
<status status="PASS" start="2026-06-23T15:01:03.485152" elapsed="0.000000"/>
</kw>
<kw name="Open Browser" owner="SeleniumLibrary">
<msg time="2026-06-23T15:01:03.485152" level="INFO">Opening browser 'chrome' to base url 'http://127.0.0.1:8000'.</msg>
<arg>${BASE_URL}</arg>
<arg>${BROWSER}</arg>
<arg>options=${chrome_options}</arg>
<doc>Opens a new browser instance to the optional ``url``.</doc>
<status status="PASS" start="2026-06-23T15:01:03.485152" elapsed="3.008337"/>
</kw>
<kw name="Set Window Size" owner="SeleniumLibrary">
<arg>1920</arg>
<arg>1080</arg>
<doc>Sets current windows size to given ``width`` and ``height``.</doc>
<status status="PASS" start="2026-06-23T15:01:06.494596" elapsed="0.002500"/>
</kw>
<status status="PASS" start="2026-06-23T15:01:03.483360" elapsed="3.013736"/>
</kw>
<kw name="Go To Login Page" owner="LoginPage">
<kw name="Go To" owner="SeleniumLibrary">
<msg time="2026-06-23T15:01:06.498109" level="INFO">Opening url 'http://127.0.0.1:8000/login'</msg>
<arg>${BASE_URL}/login</arg>
<doc>Navigates the current browser window to the provided ``url``.</doc>
<status status="PASS" start="2026-06-23T15:01:06.498109" elapsed="0.605249"/>
</kw>
<kw name="Wait Until Element Is Visible" owner="SeleniumLibrary">
<arg>${EMAIL_INPUT}</arg>
<arg>10s</arg>
<doc>Waits until the element ``locator`` is visible.</doc>
<status status="PASS" start="2026-06-23T15:01:07.103358" elapsed="0.020308"/>
</kw>
<status status="PASS" start="2026-06-23T15:01:06.498109" elapsed="0.625557"/>
</kw>
<kw name="Login With Credentials" owner="LoginPage">
<kw name="Input User Email" owner="LoginPage">
<kw name="Run Keyword If" owner="BuiltIn">
<kw name="Input Text" owner="SeleniumLibrary">
<msg time="2026-06-23T15:01:07.124777" level="INFO">Typing text 'customer@gmail.com' into text field 'xpath=//input[@type='email']'.</msg>
<arg>${EMAIL_INPUT}</arg>
<arg>${email}</arg>
<doc>Types the given ``text`` into the text field identified by ``locator``.</doc>
<status status="PASS" start="2026-06-23T15:01:07.124777" elapsed="0.075861"/>
</kw>
<arg>'${email}' != '${EMPTY}'</arg>
<arg>Input Text</arg>
<arg>${EMAIL_INPUT}</arg>
<arg>${email}</arg>
<doc>Runs the given keyword with the given arguments, if ``condition`` is true.</doc>
<status status="PASS" start="2026-06-23T15:01:07.124777" elapsed="0.075861"/>
</kw>
<arg>${email}</arg>
<status status="PASS" start="2026-06-23T15:01:07.124777" elapsed="0.075861"/>
</kw>
<kw name="Input User Password" owner="LoginPage">
<kw name="Run Keyword If" owner="BuiltIn">
<kw name="Input Password" owner="SeleniumLibrary">
<msg time="2026-06-23T15:01:07.202644" level="INFO">Typing password into text field 'xpath=//input[@type='password']'.</msg>
<msg time="2026-06-23T15:01:07.226517" level="INFO">Temporally setting log level to: NONE</msg>
<arg>${PASSWORD_INPUT}</arg>
<arg>${password}</arg>
<doc>Types the given password into the text field identified by ``locator``.</doc>
<status status="PASS" start="2026-06-23T15:01:07.201640" elapsed="0.056661"/>
</kw>
<arg>'${password}' != '${EMPTY}'</arg>
<arg>Input Password</arg>
<arg>${PASSWORD_INPUT}</arg>
<arg>${password}</arg>
<doc>Runs the given keyword with the given arguments, if ``condition`` is true.</doc>
<status status="PASS" start="2026-06-23T15:01:07.200638" elapsed="0.058678"/>
</kw>
<arg>${password}</arg>
<status status="PASS" start="2026-06-23T15:01:07.200638" elapsed="0.058678"/>
</kw>
<kw name="Click Login Button" owner="LoginPage">
<kw name="Click Element" owner="SeleniumLibrary">
<msg time="2026-06-23T15:01:07.259316" level="INFO">Clicking element 'xpath=//button[@type='submit']'.</msg>
<arg>${LOGIN_BUTTON}</arg>
<doc>Click the element identified by ``locator``.</doc>
<status status="PASS" start="2026-06-23T15:01:07.259316" elapsed="0.056464"/>
</kw>
<status status="PASS" start="2026-06-23T15:01:07.259316" elapsed="0.056464"/>
</kw>
<arg>${VALID_USER}</arg>
<arg>${VALID_PASSWORD}</arg>
<status status="PASS" start="2026-06-23T15:01:07.124181" elapsed="0.191599"/>
</kw>
<kw name="Go To" owner="SeleniumLibrary">
<msg time="2026-06-23T15:01:07.316781" level="INFO">Opening url 'http://127.0.0.1:8000/profile'</msg>
<arg>${BASE_URL}/profile</arg>
<doc>Navigates the current browser window to the provided ``url``.</doc>
<status status="PASS" start="2026-06-23T15:01:07.315780" elapsed="0.254359"/>
</kw>
<kw name="Wait Until Page Contains" owner="SeleniumLibrary">
<msg time="2026-06-23T15:01:09.278779" level="INFO" html="true">&lt;/td&gt;&lt;/tr&gt;&lt;tr&gt;&lt;td colspan="3"&gt;&lt;a href="selenium-screenshot-154.png"&gt;&lt;img src="selenium-screenshot-154.png" width="800px"&gt;&lt;/a&gt;</msg>
<msg time="2026-06-23T15:01:09.278779" level="FAIL">UnexpectedAlertPresentException: Alert Text: Đăng nhập thành công!
Message: unexpected alert open: {Alert text : Đăng nhập thành công!}
  (Session info: chrome=149.0.7827.116)
Stacktrace:
	chromedriver!GetHandleVerifier [0x7ff64e693fa5+14925]
	chromedriver!GetHandleVerifier [0x7ff64e694000+14980]
	chromedriver!(No symbol) [0x7ff64e1d793d]
	chromedriver!(No symbol) [0x7ff64e27fe3d]
	chromedriver!(No symbol) [0x7ff64e22401c]
	chromedriver!(No symbol) [0x7ff64e224f43]
	chromedriver!GetHandleVerifier [0x7ff64ec77591+5f7f11]
	chromedriver!GetHandleVerifier [0x7ff64ec71902+5f2282]
	chromedriver!GetHandleVerifier [0x7ff64ec97115+617a95]
	chromedriver!GetHandleVerifier [0x7ff64e6b1dce+3274e]
	chromedriver!GetHandleVerifier [0x7ff64e6ba82c+3b1ac]
	chromedriver!GetHandleVerifier [0x7ff64e69d744+1e0c4]
	chromedriver!GetHandleVerifier [0x7ff64e69d8d4+1e254]
	chromedriver!GetHandleVerifier [0x7ff64e681447+1dc7]
	KERNEL32!BaseThreadInitThunk [0x7ffdd26ae957+17]
	ntdll!RtlUserThreadStart [0x7ffdd3087c1c+2c]
</msg>
<arg>Hồ sơ cá nhân</arg>
<arg>timeout=10s</arg>
<doc>Waits until ``text`` appears on the current page.</doc>
<status status="FAIL" start="2026-06-23T15:01:07.571139" elapsed="1.713184">UnexpectedAlertPresentException: Alert Text: Đăng nhập thành công!
Message: unexpected alert open: {Alert text : Đăng nhập thành công!}
  (Session info: chrome=149.0.7827.116)
Stacktrace:
	chromedriver!GetHandleVerifier [0x7ff64e693fa5+14925]
	chromedriver!GetHandleVerifier [0x7ff64e694000+14980]
	chromedriver!(No symbol) [0x7ff64e1d793d]
	chromedriver!(No symbol) [0x7ff64e27fe3d]
	chromedriver!(No symbol) [0x7ff64e22401c]
	chromedriver!(No symbol) [0x7ff64e224f43]
	chromedriver!GetHandleVerifier [0x7ff64ec77591+5f7f11]
	chromedriver!GetHandleVerifier [0x7ff64ec71902+5f2282]
	chromedriver!GetHandleVerifier [0x7ff64ec97115+617a95]
	chromedriver!GetHandleVerifier [0x7ff64e6b1dce+3274e]
	chromedriver!GetHandleVerifier [0x7ff64e6ba82c+3b1ac]
	chromedriver!GetHandleVerifier [0x7ff64e69d744+1e0c4]
	chromedriver!GetHandleVerifier [0x7ff64e69d8d4+1e254]
	chromedriver!GetHandleVerifier [0x7ff64e681447+1dc7]
	KERNEL32!BaseThreadInitThunk [0x7ffdd26ae957+17]
	ntdll!RtlUserThreadStart [0x7ffdd3087c1c+2c]
</status>
</kw>
<kw name="Clear Element Text" owner="SeleniumLibrary">
<arg>xpath=//input[@id='name']</arg>
<doc>Clears the value of the text-input-element identified by ``locator``.</doc>
<status status="NOT RUN" start="2026-06-23T15:01:09.284323" elapsed="0.000000"/>
</kw>
<kw name="Click Button" owner="SeleniumLibrary">
<arg>xpath=//button[contains(text(), 'Lưu thay đổi')]</arg>
<doc>Clicks the button identified by ``locator``.</doc>
<status status="NOT RUN" start="2026-06-23T15:01:09.285331" elapsed="0.000000"/>
</kw>
<kw name="Wait Until Page Contains" owner="SeleniumLibrary">
<arg>Tên không được để trống</arg>
<arg>timeout=5s</arg>
<doc>Waits until ``text`` appears on the current page.</doc>
<status status="NOT RUN" start="2026-06-23T15:01:09.285331" elapsed="0.000000"/>
</kw>
<kw name="Close Application" owner="common_keywords" type="TEARDOWN">
<kw name="Close Browser" owner="SeleniumLibrary">
<doc>Closes the current browser.</doc>
<status status="PASS" start="2026-06-23T15:01:09.286326" elapsed="2.147141"/>
</kw>
<status status="PASS" start="2026-06-23T15:01:09.285331" elapsed="2.148136"/>
</kw>
<doc>Không cho phép cập nhật nếu Tên bị bỏ trống</doc>
<status status="FAIL" start="2026-06-23T15:01:03.482811" elapsed="7.950656">UnexpectedAlertPresentException: Alert Text: Đăng nhập thành công!
Message: unexpected alert open: {Alert text : Đăng nhập thành công!}
  (Session info: chrome=149.0.7827.116)
Stacktrace:
	chromedriver!GetHandleVerifier [0x7ff64e693fa5+14925]
	chromedriver!GetHandleVerifier [0x7ff64e694000+14980]
	chromedriver!(No symbol) [0x7ff64e1d793d]
	chromedriver!(No symbol) [0x7ff64e27fe3d]
	chromedriver!(No symbol) [0x7ff64e22401c]
	chromedriver!(No symbol) [0x7ff64e224f43]
	chromedriver!GetHandleVerifier [0x7ff64ec77591+5f7f11]
	chromedriver!GetHandleVerifier [0x7ff64ec71902+5f2282]
	chromedriver!GetHandleVerifier [0x7ff64ec97115+617a95]
	chromedriver!GetHandleVerifier [0x7ff64e6b1dce+3274e]
	chromedriver!GetHandleVerifier [0x7ff64e6ba82c+3b1ac]
	chromedriver!GetHandleVerifier [0x7ff64e69d744+1e0c4]
	chromedriver!GetHandleVerifier [0x7ff64e69d8d4+1e254]
	chromedriver!GetHandleVerifier [0x7ff64e681447+1dc7]
	KERNEL32!BaseThreadInitThunk [0x7ffdd26ae957+17]
	ntdll!RtlUserThreadStart [0x7ffdd3087c1c+2c]
</status>
</test>
<test id="s1-s1-t3" name="TC_03 User Can Change Password Successfully" line="48">
<kw name="Open Browser To Application" owner="common_keywords" type="SETUP">
<kw name="Evaluate" owner="BuiltIn">
<msg time="2026-06-23T15:01:11.434480" level="INFO">${chrome_options} = &lt;selenium.webdriver.chrome.options.Options object at 0x000001BE9F71FE30&gt;</msg>
<var>${chrome_options}</var>
<arg>sys.modules['selenium.webdriver'].ChromeOptions()</arg>
<arg>sys, selenium.webdriver</arg>
<doc>Evaluates the given expression in Python and returns the result.</doc>
<status status="PASS" start="2026-06-23T15:01:11.434480" elapsed="0.000000"/>
</kw>
<kw name="Call Method" owner="BuiltIn">
<arg>${chrome_options}</arg>
<arg>add_argument</arg>
<arg>--headless</arg>
<doc>Calls the named method of the given object with the provided arguments.</doc>
<status status="PASS" start="2026-06-23T15:01:11.435482" elapsed="0.000000"/>
</kw>
<kw name="Call Method" owner="BuiltIn">
<arg>${chrome_options}</arg>
<arg>add_argument</arg>
<arg>--disable-gpu</arg>
<doc>Calls the named method of the given object with the provided arguments.</doc>
<status status="PASS" start="2026-06-23T15:01:11.435482" elapsed="0.000000"/>
</kw>
<kw name="Call Method" owner="BuiltIn">
<arg>${chrome_options}</arg>
<arg>add_argument</arg>
<arg>--window-size\=1920,1080</arg>
<doc>Calls the named method of the given object with the provided arguments.</doc>
<status status="PASS" start="2026-06-23T15:01:11.435482" elapsed="0.000000"/>
</kw>
<kw name="Call Method" owner="BuiltIn">
<arg>${chrome_options}</arg>
<arg>add_argument</arg>
<arg>--ignore-certificate-errors</arg>
<doc>Calls the named method of the given object with the provided arguments.</doc>
<status status="PASS" start="2026-06-23T15:01:11.435482" elapsed="0.000000"/>
</kw>
<kw name="Call Method" owner="BuiltIn">
<arg>${chrome_options}</arg>
<arg>add_argument</arg>
<arg>--allow-insecure-localhost</arg>
<doc>Calls the named method of the given object with the provided arguments.</doc>
<status status="PASS" start="2026-06-23T15:01:11.435482" elapsed="0.000000"/>
</kw>
<kw name="Call Method" owner="BuiltIn">
<arg>${chrome_options}</arg>
<arg>add_argument</arg>
<arg>--no-sandbox</arg>
<doc>Calls the named method of the given object with the provided arguments.</doc>
<status status="PASS" start="2026-06-23T15:01:11.436481" elapsed="0.000000"/>
</kw>
<kw name="Open Browser" owner="SeleniumLibrary">
<msg time="2026-06-23T15:01:11.436481" level="INFO">Opening browser 'chrome' to base url 'http://127.0.0.1:8000'.</msg>
<arg>${BASE_URL}</arg>
<arg>${BROWSER}</arg>
<arg>options=${chrome_options}</arg>
<doc>Opens a new browser instance to the optional ``url``.</doc>
<status status="PASS" start="2026-06-23T15:01:11.436481" elapsed="2.560493"/>
</kw>
<kw name="Set Window Size" owner="SeleniumLibrary">
<arg>1920</arg>
<arg>1080</arg>
<doc>Sets current windows size to given ``width`` and ``height``.</doc>
<status status="PASS" start="2026-06-23T15:01:13.996974" elapsed="0.003000"/>
</kw>
<status status="PASS" start="2026-06-23T15:01:11.434480" elapsed="2.565494"/>
</kw>
<kw name="Go To Login Page" owner="LoginPage">
<kw name="Go To" owner="SeleniumLibrary">
<msg time="2026-06-23T15:01:14.000974" level="INFO">Opening url 'http://127.0.0.1:8000/login'</msg>
<arg>${BASE_URL}/login</arg>
<doc>Navigates the current browser window to the provided ``url``.</doc>
<status status="PASS" start="2026-06-23T15:01:14.000974" elapsed="0.721262"/>
</kw>
<kw name="Wait Until Element Is Visible" owner="SeleniumLibrary">
<arg>${EMAIL_INPUT}</arg>
<arg>10s</arg>
<doc>Waits until the element ``locator`` is visible.</doc>
<status status="PASS" start="2026-06-23T15:01:14.722763" elapsed="0.017219"/>
</kw>
<status status="PASS" start="2026-06-23T15:01:14.000974" elapsed="0.739008"/>
</kw>
<kw name="Login With Credentials" owner="LoginPage">
<kw name="Input User Email" owner="LoginPage">
<kw name="Run Keyword If" owner="BuiltIn">
<kw name="Input Text" owner="SeleniumLibrary">
<msg time="2026-06-23T15:01:14.742509" level="INFO">Typing text 'customer@gmail.com' into text field 'xpath=//input[@type='email']'.</msg>
<arg>${EMAIL_INPUT}</arg>
<arg>${email}</arg>
<doc>Types the given ``text`` into the text field identified by ``locator``.</doc>
<status status="PASS" start="2026-06-23T15:01:14.742509" elapsed="0.083528"/>
</kw>
<arg>'${email}' != '${EMPTY}'</arg>
<arg>Input Text</arg>
<arg>${EMAIL_INPUT}</arg>
<arg>${email}</arg>
<doc>Runs the given keyword with the given arguments, if ``condition`` is true.</doc>
<status status="PASS" start="2026-06-23T15:01:14.741004" elapsed="0.085033"/>
</kw>
<arg>${email}</arg>
<status status="PASS" start="2026-06-23T15:01:14.741004" elapsed="0.085033"/>
</kw>
<kw name="Input User Password" owner="LoginPage">
<kw name="Run Keyword If" owner="BuiltIn">
<kw name="Input Password" owner="SeleniumLibrary">
<msg time="2026-06-23T15:01:14.827515" level="INFO">Typing password into text field 'xpath=//input[@type='password']'.</msg>
<msg time="2026-06-23T15:01:14.852590" level="INFO">Temporally setting log level to: NONE</msg>
<arg>${PASSWORD_INPUT}</arg>
<arg>${password}</arg>
<doc>Types the given password into the text field identified by ``locator``.</doc>
<status status="PASS" start="2026-06-23T15:01:14.827515" elapsed="0.059396"/>
</kw>
<arg>'${password}' != '${EMPTY}'</arg>
<arg>Input Password</arg>
<arg>${PASSWORD_INPUT}</arg>
<arg>${password}</arg>
<doc>Runs the given keyword with the given arguments, if ``condition`` is true.</doc>
<status status="PASS" start="2026-06-23T15:01:14.826037" elapsed="0.060874"/>
</kw>
<arg>${password}</arg>
<status status="PASS" start="2026-06-23T15:01:14.826037" elapsed="0.060874"/>
</kw>
<kw name="Click Login Button" owner="LoginPage">
<kw name="Click Element" owner="SeleniumLibrary">
<msg time="2026-06-23T15:01:14.887912" level="INFO">Clicking element 'xpath=//button[@type='submit']'.</msg>
<arg>${LOGIN_BUTTON}</arg>
<doc>Click the element identified by ``locator``.</doc>
<status status="PASS" start="2026-06-23T15:01:14.887912" elapsed="0.055445"/>
</kw>
<status status="PASS" start="2026-06-23T15:01:14.886911" elapsed="0.056446"/>
</kw>
<arg>${VALID_USER}</arg>
<arg>${VALID_PASSWORD}</arg>
<status status="PASS" start="2026-06-23T15:01:14.741004" elapsed="0.202353"/>
</kw>
<kw name="Go To" owner="SeleniumLibrary">
<msg time="2026-06-23T15:01:14.944373" level="INFO">Opening url 'http://127.0.0.1:8000/profile'</msg>
<arg>${BASE_URL}/profile</arg>
<doc>Navigates the current browser window to the provided ``url``.</doc>
<status status="PASS" start="2026-06-23T15:01:14.943357" elapsed="0.227798"/>
</kw>
<kw name="Wait Until Page Contains" owner="SeleniumLibrary">
<msg time="2026-06-23T15:01:15.785450" level="INFO" html="true">&lt;/td&gt;&lt;/tr&gt;&lt;tr&gt;&lt;td colspan="3"&gt;&lt;a href="selenium-screenshot-155.png"&gt;&lt;img src="selenium-screenshot-155.png" width="800px"&gt;&lt;/a&gt;</msg>
<msg time="2026-06-23T15:01:15.785450" level="FAIL">UnexpectedAlertPresentException: Alert Text: Đăng nhập thành công!
Message: unexpected alert open: {Alert text : Đăng nhập thành công!}
  (Session info: chrome=149.0.7827.116)
Stacktrace:
	chromedriver!GetHandleVerifier [0x7ff64e693fa5+14925]
	chromedriver!GetHandleVerifier [0x7ff64e694000+14980]
	chromedriver!(No symbol) [0x7ff64e1d793d]
	chromedriver!(No symbol) [0x7ff64e27fe3d]
	chromedriver!(No symbol) [0x7ff64e22401c]
	chromedriver!(No symbol) [0x7ff64e224f43]
	chromedriver!GetHandleVerifier [0x7ff64ec77591+5f7f11]
	chromedriver!GetHandleVerifier [0x7ff64ec71902+5f2282]
	chromedriver!GetHandleVerifier [0x7ff64ec97115+617a95]
	chromedriver!GetHandleVerifier [0x7ff64e6b1dce+3274e]
	chromedriver!GetHandleVerifier [0x7ff64e6ba82c+3b1ac]
	chromedriver!GetHandleVerifier [0x7ff64e69d744+1e0c4]
	chromedriver!GetHandleVerifier [0x7ff64e69d8d4+1e254]
	chromedriver!GetHandleVerifier [0x7ff64e681447+1dc7]
	KERNEL32!BaseThreadInitThunk [0x7ffdd26ae957+17]
	ntdll!RtlUserThreadStart [0x7ffdd3087c1c+2c]
</msg>
<arg>Hồ sơ cá nhân</arg>
<arg>timeout=10s</arg>
<doc>Waits until ``text`` appears on the current page.</doc>
<status status="FAIL" start="2026-06-23T15:01:15.171155" elapsed="0.616275">UnexpectedAlertPresentException: Alert Text: Đăng nhập thành công!
Message: unexpected alert open: {Alert text : Đăng nhập thành công!}
  (Session info: chrome=149.0.7827.116)
Stacktrace:
	chromedriver!GetHandleVerifier [0x7ff64e693fa5+14925]
	chromedriver!GetHandleVerifier [0x7ff64e694000+14980]
	chromedriver!(No symbol) [0x7ff64e1d793d]
	chromedriver!(No symbol) [0x7ff64e27fe3d]
	chromedriver!(No symbol) [0x7ff64e22401c]
	chromedriver!(No symbol) [0x7ff64e224f43]
	chromedriver!GetHandleVerifier [0x7ff64ec77591+5f7f11]
	chromedriver!GetHandleVerifier [0x7ff64ec71902+5f2282]
	chromedriver!GetHandleVerifier [0x7ff64ec97115+617a95]
	chromedriver!GetHandleVerifier [0x7ff64e6b1dce+3274e]
	chromedriver!GetHandleVerifier [0x7ff64e6ba82c+3b1ac]
	chromedriver!GetHandleVerifier [0x7ff64e69d744+1e0c4]
	chromedriver!GetHandleVerifier [0x7ff64e69d8d4+1e254]
	chromedriver!GetHandleVerifier [0x7ff64e681447+1dc7]
	KERNEL32!BaseThreadInitThunk [0x7ffdd26ae957+17]
	ntdll!RtlUserThreadStart [0x7ffdd3087c1c+2c]
</status>
</kw>
<kw name="Click Element" owner="SeleniumLibrary">
<arg>xpath=//button[contains(text(), 'Đổi mật khẩu')]</arg>
<doc>Click the element identified by ``locator``.</doc>
<status status="NOT RUN" start="2026-06-23T15:01:15.788429" elapsed="0.000000"/>
</kw>
<kw name="Wait Until Page Contains" owner="SeleniumLibrary">
<arg>Mật khẩu hiện tại</arg>
<arg>timeout=5s</arg>
<doc>Waits until ``text`` appears on the current page.</doc>
<status status="NOT RUN" start="2026-06-23T15:01:15.788429" elapsed="0.000000"/>
</kw>
<kw name="Input Text" owner="SeleniumLibrary">
<arg>xpath=//input[@id='currentPassword']</arg>
<arg>${VALID_PASSWORD}</arg>
<doc>Types the given ``text`` into the text field identified by ``locator``.</doc>
<status status="NOT RUN" start="2026-06-23T15:01:15.788429" elapsed="0.000000"/>
</kw>
<kw name="Input Text" owner="SeleniumLibrary">
<arg>xpath=//input[@id='newPassword']</arg>
<arg>NewPassword123!</arg>
<doc>Types the given ``text`` into the text field identified by ``locator``.</doc>
<status status="NOT RUN" start="2026-06-23T15:01:15.789424" elapsed="0.000000"/>
</kw>
<kw name="Input Text" owner="SeleniumLibrary">
<arg>xpath=//input[@id='confirmPassword']</arg>
<arg>NewPassword123!</arg>
<doc>Types the given ``text`` into the text field identified by ``locator``.</doc>
<status status="NOT RUN" start="2026-06-23T15:01:15.789424" elapsed="0.000000"/>
</kw>
<kw name="Log" owner="BuiltIn">
<arg>Form validation passes, skipped submit to preserve valid_password for other tests.</arg>
<doc>Logs the given message with the given level.</doc>
<status status="NOT RUN" start="2026-06-23T15:01:15.790425" elapsed="0.000000"/>
</kw>
<kw name="Close Application" owner="common_keywords" type="TEARDOWN">
<kw name="Close Browser" owner="SeleniumLibrary">
<doc>Closes the current browser.</doc>
<status status="PASS" start="2026-06-23T15:01:15.790425" elapsed="2.128471"/>
</kw>
<status status="PASS" start="2026-06-23T15:01:15.790425" elapsed="2.128471"/>
</kw>
<doc>Đổi mật khẩu thành công</doc>
<status status="FAIL" start="2026-06-23T15:01:11.434480" elapsed="6.484416">UnexpectedAlertPresentException: Alert Text: Đăng nhập thành công!
Message: unexpected alert open: {Alert text : Đăng nhập thành công!}
  (Session info: chrome=149.0.7827.116)
Stacktrace:
	chromedriver!GetHandleVerifier [0x7ff64e693fa5+14925]
	chromedriver!GetHandleVerifier [0x7ff64e694000+14980]
	chromedriver!(No symbol) [0x7ff64e1d793d]
	chromedriver!(No symbol) [0x7ff64e27fe3d]
	chromedriver!(No symbol) [0x7ff64e22401c]
	chromedriver!(No symbol) [0x7ff64e224f43]
	chromedriver!GetHandleVerifier [0x7ff64ec77591+5f7f11]
	chromedriver!GetHandleVerifier [0x7ff64ec71902+5f2282]
	chromedriver!GetHandleVerifier [0x7ff64ec97115+617a95]
	chromedriver!GetHandleVerifier [0x7ff64e6b1dce+3274e]
	chromedriver!GetHandleVerifier [0x7ff64e6ba82c+3b1ac]
	chromedriver!GetHandleVerifier [0x7ff64e69d744+1e0c4]
	chromedriver!GetHandleVerifier [0x7ff64e69d8d4+1e254]
	chromedriver!GetHandleVerifier [0x7ff64e681447+1dc7]
	KERNEL32!BaseThreadInitThunk [0x7ffdd26ae957+17]
	ntdll!RtlUserThreadStart [0x7ffdd3087c1c+2c]
</status>
</test>
<doc>Test luồng Quản lý Tài khoản (Profile)</doc>
<status status="FAIL" start="2026-06-23T15:00:49.892724" elapsed="28.029682"/>
</suite>
<suite id="s1-s2" name="AdminAdvancedTests" source="C:\xampp\htdocs\homestay-booking\LanAnh_HomestayBooking_Automaition\tests\AdminAdvancedTests.robot">
<test id="s1-s2-t1" name="TC_01 Admin Can Open Check-in Flow" line="16">
<kw name="Open Browser To Application" owner="common_keywords" type="SETUP">
<kw name="Evaluate" owner="BuiltIn">
<msg time="2026-06-23T15:01:17.931617" level="INFO">${chrome_options} = &lt;selenium.webdriver.chrome.options.Options object at 0x000001BE9F71EB70&gt;</msg>
<var>${chrome_options}</var>
<arg>sys.modules['selenium.webdriver'].ChromeOptions()</arg>
<arg>sys, selenium.webdriver</arg>
<doc>Evaluates the given expression in Python and returns the result.</doc>
<status status="PASS" start="2026-06-23T15:01:17.931617" elapsed="0.000000"/>
</kw>
<kw name="Call Method" owner="BuiltIn">
<arg>${chrome_options}</arg>
<arg>add_argument</arg>
<arg>--headless</arg>
<doc>Calls the named method of the given object with the provided arguments.</doc>
<status status="PASS" start="2026-06-23T15:01:17.931617" elapsed="0.000000"/>
</kw>
<kw name="Call Method" owner="BuiltIn">
<arg>${chrome_options}</arg>
<arg>add_argument</arg>
<arg>--disable-gpu</arg>
<doc>Calls the named method of the given object with the provided arguments.</doc>
<status status="PASS" start="2026-06-23T15:01:17.932626" elapsed="0.000000"/>
</kw>
<kw name="Call Method" owner="BuiltIn">
<arg>${chrome_options}</arg>
<arg>add_argument</arg>
<arg>--window-size\=1920,1080</arg>
<doc>Calls the named method of the given object with the provided arguments.</doc>
<status status="PASS" start="2026-06-23T15:01:17.932626" elapsed="0.000000"/>
</kw>
<kw name="Call Method" owner="BuiltIn">
<arg>${chrome_options}</arg>
<arg>add_argument</arg>
<arg>--ignore-certificate-errors</arg>
<doc>Calls the named method of the given object with the provided arguments.</doc>
<status status="PASS" start="2026-06-23T15:01:17.932626" elapsed="0.000000"/>
</kw>
<kw name="Call Method" owner="BuiltIn">
<arg>${chrome_options}</arg>
<arg>add_argument</arg>
<arg>--allow-insecure-localhost</arg>
<doc>Calls the named method of the given object with the provided arguments.</doc>
<status status="PASS" start="2026-06-23T15:01:17.933140" elapsed="0.000000"/>
</kw>
<kw name="Call Method" owner="BuiltIn">
<arg>${chrome_options}</arg>
<arg>add_argument</arg>
<arg>--no-sandbox</arg>
<doc>Calls the named method of the given object with the provided arguments.</doc>
<status status="PASS" start="2026-06-23T15:01:17.933140" elapsed="0.000000"/>
</kw>
<kw name="Open Browser" owner="SeleniumLibrary">
<msg time="2026-06-23T15:01:17.933658" level="INFO">Opening browser 'chrome' to base url 'http://127.0.0.1:8000'.</msg>
<arg>${BASE_URL}</arg>
<arg>${BROWSER}</arg>
<arg>options=${chrome_options}</arg>
<doc>Opens a new browser instance to the optional ``url``.</doc>
<status status="PASS" start="2026-06-23T15:01:17.933658" elapsed="2.528818"/>
</kw>
<kw name="Set Window Size" owner="SeleniumLibrary">
<arg>1920</arg>
<arg>1080</arg>
<doc>Sets current windows size to given ``width`` and ``height``.</doc>
<status status="PASS" start="2026-06-23T15:01:20.462476" elapsed="0.003988"/>
</kw>
<status status="PASS" start="2026-06-23T15:01:17.931617" elapsed="2.534847"/>
</kw>
<kw name="Go To Login Page" owner="LoginPage">
<kw name="Go To" owner="SeleniumLibrary">
<msg time="2026-06-23T15:01:20.467476" level="INFO">Opening url 'http://127.0.0.1:8000/login'</msg>
<arg>${BASE_URL}/login</arg>
<doc>Navigates the current browser window to the provided ``url``.</doc>
<status status="PASS" start="2026-06-23T15:01:20.467476" elapsed="0.579924"/>
</kw>
<kw name="Wait Until Element Is Visible" owner="SeleniumLibrary">
<arg>${EMAIL_INPUT}</arg>
<arg>10s</arg>
<doc>Waits until the element ``locator`` is visible.</doc>
<status status="PASS" start="2026-06-23T15:01:21.048402" elapsed="0.019517"/>
</kw>
<status status="PASS" start="2026-06-23T15:01:20.466464" elapsed="0.601455"/>
</kw>
<kw name="Login With Credentials" owner="LoginPage">
<kw name="Input User Email" owner="LoginPage">
<kw name="Run Keyword If" owner="BuiltIn">
<kw name="Input Text" owner="SeleniumLibrary">
<msg time="2026-06-23T15:01:21.069917" level="INFO">Typing text 'admin@gmail.com' into text field 'xpath=//input[@type='email']'.</msg>
<arg>${EMAIL_INPUT}</arg>
<arg>${email}</arg>
<doc>Types the given ``text`` into the text field identified by ``locator``.</doc>
<status status="PASS" start="2026-06-23T15:01:21.069917" elapsed="0.076937"/>
</kw>
<arg>'${email}' != '${EMPTY}'</arg>
<arg>Input Text</arg>
<arg>${EMAIL_INPUT}</arg>
<arg>${email}</arg>
<doc>Runs the given keyword with the given arguments, if ``condition`` is true.</doc>
<status status="PASS" start="2026-06-23T15:01:21.068919" elapsed="0.078936"/>
</kw>
<arg>${email}</arg>
<status status="PASS" start="2026-06-23T15:01:21.067919" elapsed="0.079936"/>
</kw>
<kw name="Input User Password" owner="LoginPage">
<kw name="Run Keyword If" owner="BuiltIn">
<kw name="Input Password" owner="SeleniumLibrary">
<msg time="2026-06-23T15:01:21.148787" level="INFO">Typing password into text field 'xpath=//input[@type='password']'.</msg>
<msg time="2026-06-23T15:01:21.172514" level="INFO">Temporally setting log level to: NONE</msg>
<arg>${PASSWORD_INPUT}</arg>
<arg>${password}</arg>
<doc>Types the given password into the text field identified by ``locator``.</doc>
<status status="PASS" start="2026-06-23T15:01:21.148787" elapsed="0.059355"/>
</kw>
<arg>'${password}' != '${EMPTY}'</arg>
<arg>Input Password</arg>
<arg>${PASSWORD_INPUT}</arg>
<arg>${password}</arg>
<doc>Runs the given keyword with the given arguments, if ``condition`` is true.</doc>
<status status="PASS" start="2026-06-23T15:01:21.147855" elapsed="0.060287"/>
</kw>
<arg>${password}</arg>
<status status="PASS" start="2026-06-23T15:01:21.147855" elapsed="0.060287"/>
</kw>
<kw name="Click Login Button" owner="LoginPage">
<kw name="Click Element" owner="SeleniumLibrary">
<msg time="2026-06-23T15:01:21.208142" level="INFO">Clicking element 'xpath=//button[@type='submit']'.</msg>
<arg>${LOGIN_BUTTON}</arg>
<doc>Click the element identified by ``locator``.</doc>
<status status="PASS" start="2026-06-23T15:01:21.208142" elapsed="0.053520"/>
</kw>
<status status="PASS" start="2026-06-23T15:01:21.208142" elapsed="0.053520"/>
</kw>
<arg>${ADMIN_USER}</arg>
<arg>${ADMIN_PASSWORD}</arg>
<status status="PASS" start="2026-06-23T15:01:21.067919" elapsed="0.193743"/>
</kw>
<kw name="Run Keyword And Ignore Error" owner="BuiltIn">
<kw name="Alert Should Be Present" owner="SeleniumLibrary">
<msg time="2026-06-23T15:01:21.262666" level="INFO">HANDLE::&lt;class 'datetime.timedelta'&gt;::0:00:05</msg>
<arg>timeout=5s</arg>
<doc>Verifies that an alert is present and by default, accepts it.</doc>
<status status="PASS" start="2026-06-23T15:01:21.262666" elapsed="0.510798"/>
</kw>
<arg>Alert Should Be Present</arg>
<arg>timeout=5s</arg>
<doc>Runs the given keyword with the given arguments and ignores possible error.</doc>
<status status="PASS" start="2026-06-23T15:01:21.262666" elapsed="0.510798"/>
</kw>
<kw name="Wait Until Location Contains" owner="SeleniumLibrary">
<arg>/admin</arg>
<arg>timeout=10s</arg>
<doc>Waits until the current URL contains ``expected``.</doc>
<status status="PASS" start="2026-06-23T15:01:21.773464" elapsed="0.492163"/>
</kw>
<kw name="Go To" owner="SeleniumLibrary">
<msg time="2026-06-23T15:01:22.267060" level="INFO">Opening url 'http://127.0.0.1:8000/admin/booking-management'</msg>
<arg>${ADMIN_BOOKING_URL}</arg>
<doc>Navigates the current browser window to the provided ``url``.</doc>
<status status="PASS" start="2026-06-23T15:01:22.267060" elapsed="1.306334"/>
</kw>
<kw name="Wait Until Page Contains" owner="SeleniumLibrary">
<arg>Check-in hôm nay</arg>
<arg>timeout=10s</arg>
<doc>Waits until ``text`` appears on the current page.</doc>
<status status="PASS" start="2026-06-23T15:01:23.573394" elapsed="0.011653"/>
</kw>
<kw name="Run Keyword And Return Status" owner="BuiltIn">
<kw name="Wait Until Page Contains Element" owner="SeleniumLibrary">
<msg time="2026-06-23T15:01:25.735614" level="INFO" html="true">&lt;/td&gt;&lt;/tr&gt;&lt;tr&gt;&lt;td colspan="3"&gt;&lt;a href="selenium-screenshot-156.png"&gt;&lt;img src="selenium-screenshot-156.png" width="800px"&gt;&lt;/a&gt;</msg>
<msg time="2026-06-23T15:01:25.735614" level="FAIL">Element 'xpath=//button[contains(text(), 'Nhận phòng')]' did not appear in 2 seconds.</msg>
<arg>xpath=//button[contains(text(), 'Nhận phòng')]</arg>
<arg>timeout=2s</arg>
<doc>Waits until the element ``locator`` appears on the current page.</doc>
<status status="FAIL" start="2026-06-23T15:01:23.586064" elapsed="2.150576">Element 'xpath=//button[contains(text(), 'Nhận phòng')]' did not appear in 2 seconds.</status>
</kw>
<msg time="2026-06-23T15:01:25.736640" level="INFO">${can_checkin} = False</msg>
<var>${can_checkin}</var>
<arg>Wait Until Page Contains Element</arg>
<arg>xpath=//button[contains(text(), 'Nhận phòng')]</arg>
<arg>timeout=2s</arg>
<doc>Runs the given keyword with given arguments and returns the status as a Boolean value.</doc>
<status status="PASS" start="2026-06-23T15:01:23.585047" elapsed="2.151593"/>
</kw>
<kw name="Run Keyword If" owner="BuiltIn">
<arg>${can_checkin}</arg>
<arg>Click Element</arg>
<arg>xpath=//button[contains(text(), 'Nhận phòng')]</arg>
<doc>Runs the given keyword with the given arguments, if ``condition`` is true.</doc>
<status status="PASS" start="2026-06-23T15:01:25.736640" elapsed="0.000000"/>
</kw>
<kw name="Run Keyword If" owner="BuiltIn">
<arg>${can_checkin}</arg>
<arg>Alert Should Be Present</arg>
<arg>action=DISMISS</arg>
<arg>timeout=5s</arg>
<doc>Runs the given keyword with the given arguments, if ``condition`` is true.</doc>
<status status="PASS" start="2026-06-23T15:01:25.736640" elapsed="0.000978"/>
</kw>
<kw name="Log" owner="BuiltIn">
<msg time="2026-06-23T15:01:25.737618" level="INFO">Verified Check-in functionality triggers.</msg>
<arg>Verified Check-in functionality triggers.</arg>
<doc>Logs the given message with the given level.</doc>
<status status="PASS" start="2026-06-23T15:01:25.737618" elapsed="0.000000"/>
</kw>
<kw name="Close Application" owner="common_keywords" type="TEARDOWN">
<kw name="Close Browser" owner="SeleniumLibrary">
<doc>Closes the current browser.</doc>
<status status="PASS" start="2026-06-23T15:01:25.737618" elapsed="2.165841"/>
</kw>
<status status="PASS" start="2026-06-23T15:01:25.737618" elapsed="2.165841"/>
</kw>
<doc>Admin mở popup Check-in thành công</doc>
<status status="PASS" start="2026-06-23T15:01:17.930634" elapsed="9.972825"/>
</test>
<test id="s1-s2-t2" name="TC_02 Admin Can Open Check-out Modal" line="36">
<kw name="Open Browser To Application" owner="common_keywords" type="SETUP">
<kw name="Evaluate" owner="BuiltIn">
<msg time="2026-06-23T15:01:27.905473" level="INFO">${chrome_options} = &lt;selenium.webdriver.chrome.options.Options object at 0x000001BE9F79C200&gt;</msg>
<var>${chrome_options}</var>
<arg>sys.modules['selenium.webdriver'].ChromeOptions()</arg>
<arg>sys, selenium.webdriver</arg>
<doc>Evaluates the given expression in Python and returns the result.</doc>
<status status="PASS" start="2026-06-23T15:01:27.904464" elapsed="0.001009"/>
</kw>
<kw name="Call Method" owner="BuiltIn">
<arg>${chrome_options}</arg>
<arg>add_argument</arg>
<arg>--headless</arg>
<doc>Calls the named method of the given object with the provided arguments.</doc>
<status status="PASS" start="2026-06-23T15:01:27.905473" elapsed="0.000000"/>
</kw>
<kw name="Call Method" owner="BuiltIn">
<arg>${chrome_options}</arg>
<arg>add_argument</arg>
<arg>--disable-gpu</arg>
<doc>Calls the named method of the given object with the provided arguments.</doc>
<status status="PASS" start="2026-06-23T15:01:27.905473" elapsed="0.000000"/>
</kw>
<kw name="Call Method" owner="BuiltIn">
<arg>${chrome_options}</arg>
<arg>add_argument</arg>
<arg>--window-size\=1920,1080</arg>
<doc>Calls the named method of the given object with the provided arguments.</doc>
<status status="PASS" start="2026-06-23T15:01:27.905473" elapsed="0.000000"/>
</kw>
<kw name="Call Method" owner="BuiltIn">
<arg>${chrome_options}</arg>
<arg>add_argument</arg>
<arg>--ignore-certificate-errors</arg>
<doc>Calls the named method of the given object with the provided arguments.</doc>
<status status="PASS" start="2026-06-23T15:01:27.905473" elapsed="0.000000"/>
</kw>
<kw name="Call Method" owner="BuiltIn">
<arg>${chrome_options}</arg>
<arg>add_argument</arg>
<arg>--allow-insecure-localhost</arg>
<doc>Calls the named method of the given object with the provided arguments.</doc>
<status status="PASS" start="2026-06-23T15:01:27.905473" elapsed="0.000000"/>
</kw>
<kw name="Call Method" owner="BuiltIn">
<arg>${chrome_options}</arg>
<arg>add_argument</arg>
<arg>--no-sandbox</arg>
<doc>Calls the named method of the given object with the provided arguments.</doc>
<status status="PASS" start="2026-06-23T15:01:27.905473" elapsed="0.000000"/>
</kw>
<kw name="Open Browser" owner="SeleniumLibrary">
<msg time="2026-06-23T15:01:27.906471" level="INFO">Opening browser 'chrome' to base url 'http://127.0.0.1:8000'.</msg>
<arg>${BASE_URL}</arg>
<arg>${BROWSER}</arg>
<arg>options=${chrome_options}</arg>
<doc>Opens a new browser instance to the optional ``url``.</doc>
<status status="PASS" start="2026-06-23T15:01:27.906471" elapsed="2.813824"/>
</kw>
<kw name="Set Window Size" owner="SeleniumLibrary">
<arg>1920</arg>
<arg>1080</arg>
<doc>Sets current windows size to given ``width`` and ``height``.</doc>
<status status="PASS" start="2026-06-23T15:01:30.720295" elapsed="0.004035"/>
</kw>
<status status="PASS" start="2026-06-23T15:01:27.904464" elapsed="2.819866"/>
</kw>
<kw name="Go To Login Page" owner="LoginPage">
<kw name="Go To" owner="SeleniumLibrary">
<msg time="2026-06-23T15:01:30.725327" level="INFO">Opening url 'http://127.0.0.1:8000/login'</msg>
<arg>${BASE_URL}/login</arg>
<doc>Navigates the current browser window to the provided ``url``.</doc>
<status status="PASS" start="2026-06-23T15:01:30.724330" elapsed="0.793675"/>
</kw>
<kw name="Wait Until Element Is Visible" owner="SeleniumLibrary">
<arg>${EMAIL_INPUT}</arg>
<arg>10s</arg>
<doc>Waits until the element ``locator`` is visible.</doc>
<status status="PASS" start="2026-06-23T15:01:31.519002" elapsed="0.018828"/>
</kw>
<status status="PASS" start="2026-06-23T15:01:30.724330" elapsed="0.813500"/>
</kw>
<kw name="Login With Credentials" owner="LoginPage">
<kw name="Input User Email" owner="LoginPage">
<kw name="Run Keyword If" owner="BuiltIn">
<kw name="Input Text" owner="SeleniumLibrary">
<msg time="2026-06-23T15:01:31.539848" level="INFO">Typing text 'admin@gmail.com' into text field 'xpath=//input[@type='email']'.</msg>
<arg>${EMAIL_INPUT}</arg>
<arg>${email}</arg>
<doc>Types the given ``text`` into the text field identified by ``locator``.</doc>
<status status="PASS" start="2026-06-23T15:01:31.538831" elapsed="0.087803"/>
</kw>
<arg>'${email}' != '${EMPTY}'</arg>
<arg>Input Text</arg>
<arg>${EMAIL_INPUT}</arg>
<arg>${email}</arg>
<doc>Runs the given keyword with the given arguments, if ``condition`` is true.</doc>
<status status="PASS" start="2026-06-23T15:01:31.538831" elapsed="0.088788"/>
</kw>
<arg>${email}</arg>
<status status="PASS" start="2026-06-23T15:01:31.538831" elapsed="0.088788"/>
</kw>
<kw name="Input User Password" owner="LoginPage">
<kw name="Run Keyword If" owner="BuiltIn">
<kw name="Input Password" owner="SeleniumLibrary">
<msg time="2026-06-23T15:01:31.628639" level="INFO">Typing password into text field 'xpath=//input[@type='password']'.</msg>
<msg time="2026-06-23T15:01:31.661841" level="INFO">Temporally setting log level to: NONE</msg>
<arg>${PASSWORD_INPUT}</arg>
<arg>${password}</arg>
<doc>Types the given password into the text field identified by ``locator``.</doc>
<status status="PASS" start="2026-06-23T15:01:31.628639" elapsed="0.065104"/>
</kw>
<arg>'${password}' != '${EMPTY}'</arg>
<arg>Input Password</arg>
<arg>${PASSWORD_INPUT}</arg>
<arg>${password}</arg>
<doc>Runs the given keyword with the given arguments, if ``condition`` is true.</doc>
<status status="PASS" start="2026-06-23T15:01:31.627619" elapsed="0.066124"/>
</kw>
<arg>${password}</arg>
<status status="PASS" start="2026-06-23T15:01:31.627619" elapsed="0.066124"/>
</kw>
<kw name="Click Login Button" owner="LoginPage">
<kw name="Click Element" owner="SeleniumLibrary">
<msg time="2026-06-23T15:01:31.693743" level="INFO">Clicking element 'xpath=//button[@type='submit']'.</msg>
<arg>${LOGIN_BUTTON}</arg>
<doc>Click the element identified by ``locator``.</doc>
<status status="PASS" start="2026-06-23T15:01:31.693743" elapsed="0.052424"/>
</kw>
<status status="PASS" start="2026-06-23T15:01:31.693743" elapsed="0.052424"/>
</kw>
<arg>${ADMIN_USER}</arg>
<arg>${ADMIN_PASSWORD}</arg>
<status status="PASS" start="2026-06-23T15:01:31.538831" elapsed="0.207336"/>
</kw>
<kw name="Run Keyword And Ignore Error" owner="BuiltIn">
<kw name="Alert Should Be Present" owner="SeleniumLibrary">
<msg time="2026-06-23T15:01:31.746167" level="INFO">HANDLE::&lt;class 'datetime.timedelta'&gt;::0:00:05</msg>
<arg>timeout=5s</arg>
<doc>Verifies that an alert is present and by default, accepts it.</doc>
<status status="PASS" start="2026-06-23T15:01:31.746167" elapsed="0.506268"/>
</kw>
<arg>Alert Should Be Present</arg>
<arg>timeout=5s</arg>
<doc>Runs the given keyword with the given arguments and ignores possible error.</doc>
<status status="PASS" start="2026-06-23T15:01:31.746167" elapsed="0.507276"/>
</kw>
<kw name="Wait Until Location Contains" owner="SeleniumLibrary">
<arg>/admin</arg>
<arg>timeout=10s</arg>
<doc>Waits until the current URL contains ``expected``.</doc>
<status status="PASS" start="2026-06-23T15:01:32.253443" elapsed="1.218795"/>
</kw>
<kw name="Go To" owner="SeleniumLibrary">
<msg time="2026-06-23T15:01:33.473288" level="INFO">Opening url 'http://127.0.0.1:8000/admin/booking-management'</msg>
<arg>${ADMIN_BOOKING_URL}</arg>
<doc>Navigates the current browser window to the provided ``url``.</doc>
<status status="PASS" start="2026-06-23T15:01:33.472764" elapsed="0.231789"/>
</kw>
<kw name="Wait Until Page Contains" owner="SeleniumLibrary">
<arg>Check-out hôm nay</arg>
<arg>timeout=10s</arg>
<doc>Waits until ``text`` appears on the current page.</doc>
<status status="PASS" start="2026-06-23T15:01:33.705553" elapsed="0.434091"/>
</kw>
<kw name="Click Element" owner="SeleniumLibrary">
<msg time="2026-06-23T15:01:34.140641" level="INFO">Clicking element 'xpath=//button[contains(text(), 'Đang ở')]'.</msg>
<arg>xpath=//button[contains(text(), 'Đang ở')]</arg>
<doc>Click the element identified by ``locator``.</doc>
<status status="PASS" start="2026-06-23T15:01:34.139644" elapsed="0.061771"/>
</kw>
<kw name="Sleep" owner="BuiltIn">
<msg time="2026-06-23T15:01:35.201692" level="INFO">Slept 1 second.</msg>
<arg>1s</arg>
<doc>Pauses the test executed for the given time.</doc>
<status status="PASS" start="2026-06-23T15:01:34.201415" elapsed="1.000277"/>
</kw>
<kw name="Run Keyword And Return Status" owner="BuiltIn">
<kw name="Wait Until Page Contains Element" owner="SeleniumLibrary">
<msg time="2026-06-23T15:01:37.332143" level="INFO" html="true">&lt;/td&gt;&lt;/tr&gt;&lt;tr&gt;&lt;td colspan="3"&gt;&lt;a href="selenium-screenshot-157.png"&gt;&lt;img src="selenium-screenshot-157.png" width="800px"&gt;&lt;/a&gt;</msg>
<msg time="2026-06-23T15:01:37.332143" level="FAIL">Element 'xpath=//button[@title='Xem chi tiết']' did not appear in 2 seconds.</msg>
<arg>xpath=//button[@title='Xem chi tiết']</arg>
<arg>timeout=2s</arg>
<doc>Waits until the element ``locator`` appears on the current page.</doc>
<status status="FAIL" start="2026-06-23T15:01:35.201692" elapsed="2.130999">Element 'xpath=//button[@title='Xem chi tiết']' did not appear in 2 seconds.</status>
</kw>
<msg time="2026-06-23T15:01:37.332691" level="INFO">${has_detail} = False</msg>
<var>${has_detail}</var>
<arg>Wait Until Page Contains Element</arg>
<arg>xpath=//button[@title='Xem chi tiết']</arg>
<arg>timeout=2s</arg>
<doc>Runs the given keyword with given arguments and returns the status as a Boolean value.</doc>
<status status="PASS" start="2026-06-23T15:01:35.201692" elapsed="2.130999"/>
</kw>
<kw name="Run Keyword If" owner="BuiltIn">
<arg>${has_detail}</arg>
<arg>Click Element</arg>
<arg>xpath=(//button[@title='Xem chi tiết'])[1]</arg>
<doc>Runs the given keyword with the given arguments, if ``condition`` is true.</doc>
<status status="PASS" start="2026-06-23T15:01:37.332691" elapsed="0.000000"/>
</kw>
<kw name="Run Keyword If" owner="BuiltIn">
<arg>${has_detail}</arg>
<arg>Wait Until Page Contains Element</arg>
<arg>xpath=//button[contains(text(), 'Check-out')]</arg>
<arg>timeout=5s</arg>
<doc>Runs the given keyword with the given arguments, if ``condition`` is true.</doc>
<status status="PASS" start="2026-06-23T15:01:37.333717" elapsed="0.000000"/>
</kw>
<kw name="Run Keyword If" owner="BuiltIn">
<arg>${has_detail}</arg>
<arg>Click Element</arg>
<arg>xpath=//button[contains(text(), 'Check-out')]</arg>
<doc>Runs the given keyword with the given arguments, if ``condition`` is true.</doc>
<status status="PASS" start="2026-06-23T15:01:37.333717" elapsed="0.000567"/>
</kw>
<kw name="Log" owner="BuiltIn">
<msg time="2026-06-23T15:01:37.334284" level="INFO">Verified Check-out modal opens.</msg>
<arg>Verified Check-out modal opens.</arg>
<doc>Logs the given message with the given level.</doc>
<status status="PASS" start="2026-06-23T15:01:37.334284" elapsed="0.000000"/>
</kw>
<kw name="Close Application" owner="common_keywords" type="TEARDOWN">
<kw name="Close Browser" owner="SeleniumLibrary">
<doc>Closes the current browser.</doc>
<status status="PASS" start="2026-06-23T15:01:37.334816" elapsed="2.146266"/>
</kw>
<status status="PASS" start="2026-06-23T15:01:37.334284" elapsed="2.146798"/>
</kw>
<doc>Admin mở popup Check-out từ trang Chi tiết Booking</doc>
<status status="PASS" start="2026-06-23T15:01:27.904464" elapsed="11.576618"/>
</test>
<doc>Test luồng nâng cao cho Admin: Check-in, Check-out</doc>
<status status="PASS" start="2026-06-23T15:01:17.923608" elapsed="21.558499"/>
</suite>
<suite id="s1-s3" name="AdminReviewTests" source="C:\xampp\htdocs\homestay-booking\LanAnh_HomestayBooking_Automaition\tests\AdminReviewTests.robot">
<test id="s1-s3-t1" name="TC_01 Admin Can Toggle Review Visibility" line="16">
<kw name="Open Browser To Application" owner="common_keywords" type="SETUP">
<kw name="Evaluate" owner="BuiltIn">
<msg time="2026-06-23T15:01:39.503329" level="INFO">${chrome_options} = &lt;selenium.webdriver.chrome.options.Options object at 0x000001BE9F71DEB0&gt;</msg>
<var>${chrome_options}</var>
<arg>sys.modules['selenium.webdriver'].ChromeOptions()</arg>
<arg>sys, selenium.webdriver</arg>
<doc>Evaluates the given expression in Python and returns the result.</doc>
<status status="PASS" start="2026-06-23T15:01:39.503329" elapsed="0.000000"/>
</kw>
<kw name="Call Method" owner="BuiltIn">
<arg>${chrome_options}</arg>
<arg>add_argument</arg>
<arg>--headless</arg>
<doc>Calls the named method of the given object with the provided arguments.</doc>
<status status="PASS" start="2026-06-23T15:01:39.503329" elapsed="0.000000"/>
</kw>
<kw name="Call Method" owner="BuiltIn">
<arg>${chrome_options}</arg>
<arg>add_argument</arg>
<arg>--disable-gpu</arg>
<doc>Calls the named method of the given object with the provided arguments.</doc>
<status status="PASS" start="2026-06-23T15:01:39.503329" elapsed="0.000000"/>
</kw>
<kw name="Call Method" owner="BuiltIn">
<arg>${chrome_options}</arg>
<arg>add_argument</arg>
<arg>--window-size\=1920,1080</arg>
<doc>Calls the named method of the given object with the provided arguments.</doc>
<status status="PASS" start="2026-06-23T15:01:39.503329" elapsed="0.000000"/>
</kw>
<kw name="Call Method" owner="BuiltIn">
<arg>${chrome_options}</arg>
<arg>add_argument</arg>
<arg>--ignore-certificate-errors</arg>
<doc>Calls the named method of the given object with the provided arguments.</doc>
<status status="PASS" start="2026-06-23T15:01:39.503329" elapsed="0.001026"/>
</kw>
<kw name="Call Method" owner="BuiltIn">
<arg>${chrome_options}</arg>
<arg>add_argument</arg>
<arg>--allow-insecure-localhost</arg>
<doc>Calls the named method of the given object with the provided arguments.</doc>
<status status="PASS" start="2026-06-23T15:01:39.504355" elapsed="0.000000"/>
</kw>
<kw name="Call Method" owner="BuiltIn">
<arg>${chrome_options}</arg>
<arg>add_argument</arg>
<arg>--no-sandbox</arg>
<doc>Calls the named method of the given object with the provided arguments.</doc>
<status status="PASS" start="2026-06-23T15:01:39.504355" elapsed="0.000000"/>
</kw>
<kw name="Open Browser" owner="SeleniumLibrary">
<msg time="2026-06-23T15:01:39.504940" level="INFO">Opening browser 'chrome' to base url 'http://127.0.0.1:8000'.</msg>
<arg>${BASE_URL}</arg>
<arg>${BROWSER}</arg>
<arg>options=${chrome_options}</arg>
<doc>Opens a new browser instance to the optional ``url``.</doc>
<status status="PASS" start="2026-06-23T15:01:39.504940" elapsed="2.796856"/>
</kw>
<kw name="Set Window Size" owner="SeleniumLibrary">
<arg>1920</arg>
<arg>1080</arg>
<doc>Sets current windows size to given ``width`` and ``height``.</doc>
<status status="PASS" start="2026-06-23T15:01:42.302801" elapsed="0.004002"/>
</kw>
<status status="PASS" start="2026-06-23T15:01:39.502792" elapsed="2.805013"/>
</kw>
<kw name="Go To Login Page" owner="LoginPage">
<kw name="Go To" owner="SeleniumLibrary">
<msg time="2026-06-23T15:01:42.308803" level="INFO">Opening url 'http://127.0.0.1:8000/login'</msg>
<arg>${BASE_URL}/login</arg>
<doc>Navigates the current browser window to the provided ``url``.</doc>
<status status="PASS" start="2026-06-23T15:01:42.308803" elapsed="0.716190"/>
</kw>
<kw name="Wait Until Element Is Visible" owner="SeleniumLibrary">
<arg>${EMAIL_INPUT}</arg>
<arg>10s</arg>
<doc>Waits until the element ``locator`` is visible.</doc>
<status status="PASS" start="2026-06-23T15:01:43.026001" elapsed="0.058979"/>
</kw>
<status status="PASS" start="2026-06-23T15:01:42.307805" elapsed="0.777175"/>
</kw>
<kw name="Login With Credentials" owner="LoginPage">
<kw name="Input User Email" owner="LoginPage">
<kw name="Run Keyword If" owner="BuiltIn">
<kw name="Input Text" owner="SeleniumLibrary">
<msg time="2026-06-23T15:01:43.087495" level="INFO">Typing text 'admin@gmail.com' into text field 'xpath=//input[@type='email']'.</msg>
<arg>${EMAIL_INPUT}</arg>
<arg>${email}</arg>
<doc>Types the given ``text`` into the text field identified by ``locator``.</doc>
<status status="PASS" start="2026-06-23T15:01:43.087495" elapsed="0.218553"/>
</kw>
<arg>'${email}' != '${EMPTY}'</arg>
<arg>Input Text</arg>
<arg>${EMAIL_INPUT}</arg>
<arg>${email}</arg>
<doc>Runs the given keyword with the given arguments, if ``condition`` is true.</doc>
<status status="PASS" start="2026-06-23T15:01:43.086491" elapsed="0.219557"/>
</kw>
<arg>${email}</arg>
<status status="PASS" start="2026-06-23T15:01:43.086491" elapsed="0.219557"/>
</kw>
<kw name="Input User Password" owner="LoginPage">
<kw name="Run Keyword If" owner="BuiltIn">
<kw name="Input Password" owner="SeleniumLibrary">
<msg time="2026-06-23T15:01:43.309041" level="INFO">Typing password into text field 'xpath=//input[@type='password']'.</msg>
<msg time="2026-06-23T15:01:43.344947" level="INFO">Temporally setting log level to: NONE</msg>
<arg>${PASSWORD_INPUT}</arg>
<arg>${password}</arg>
<doc>Types the given password into the text field identified by ``locator``.</doc>
<status status="PASS" start="2026-06-23T15:01:43.308041" elapsed="0.087384"/>
</kw>
<arg>'${password}' != '${EMPTY}'</arg>
<arg>Input Password</arg>
<arg>${PASSWORD_INPUT}</arg>
<arg>${password}</arg>
<doc>Runs the given keyword with the given arguments, if ``condition`` is true.</doc>
<status status="PASS" start="2026-06-23T15:01:43.307056" elapsed="0.088369"/>
</kw>
<arg>${password}</arg>
<status status="PASS" start="2026-06-23T15:01:43.306048" elapsed="0.089377"/>
</kw>
<kw name="Click Login Button" owner="LoginPage">
<kw name="Click Element" owner="SeleniumLibrary">
<msg time="2026-06-23T15:01:43.395425" level="INFO">Clicking element 'xpath=//button[@type='submit']'.</msg>
<arg>${LOGIN_BUTTON}</arg>
<doc>Click the element identified by ``locator``.</doc>
<status status="PASS" start="2026-06-23T15:01:43.395425" elapsed="0.102192"/>
</kw>
<status status="PASS" start="2026-06-23T15:01:43.395425" elapsed="0.102192"/>
</kw>
<arg>${ADMIN_USER}</arg>
<arg>${ADMIN_PASSWORD}</arg>
<status status="PASS" start="2026-06-23T15:01:43.085987" elapsed="0.411630"/>
</kw>
<kw name="Run Keyword And Ignore Error" owner="BuiltIn">
<kw name="Alert Should Be Present" owner="SeleniumLibrary">
<msg time="2026-06-23T15:01:43.498976" level="INFO">HANDLE::&lt;class 'datetime.timedelta'&gt;::0:00:05</msg>
<arg>timeout=5s</arg>
<doc>Verifies that an alert is present and by default, accepts it.</doc>
<status status="PASS" start="2026-06-23T15:01:43.498976" elapsed="0.513790"/>
</kw>
<arg>Alert Should Be Present</arg>
<arg>timeout=5s</arg>
<doc>Runs the given keyword with the given arguments and ignores possible error.</doc>
<status status="PASS" start="2026-06-23T15:01:43.497617" elapsed="0.515149"/>
</kw>
<kw name="Go To Admin Reviews Page" owner="AdminReviewsPage">
<kw name="Go To" owner="SeleniumLibrary">
<msg time="2026-06-23T15:01:44.013766" level="INFO">Opening url 'http://127.0.0.1:8000/admin/reviews'</msg>
<arg>${BASE_URL}/admin/reviews</arg>
<doc>Navigates the current browser window to the provided ``url``.</doc>
<status status="PASS" start="2026-06-23T15:01:44.013766" elapsed="0.269903"/>
</kw>
<kw name="Wait Until Location Contains" owner="SeleniumLibrary">
<msg time="2026-06-23T15:01:44.586382" level="INFO" html="true">&lt;/td&gt;&lt;/tr&gt;&lt;tr&gt;&lt;td colspan="3"&gt;&lt;a href="selenium-screenshot-158.png"&gt;&lt;img src="selenium-screenshot-158.png" width="800px"&gt;&lt;/a&gt;</msg>
<msg time="2026-06-23T15:01:44.586382" level="FAIL">UnexpectedAlertPresentException: Alert Text: Vui lòng đăng nhập tài khoản Quản trị viên!
Message: unexpected alert open: {Alert text : Vui lòng đăng nhập tài khoản Quản trị viên!}
  (Session info: chrome=149.0.7827.116)
Stacktrace:
	chromedriver!GetHandleVerifier [0x7ff64e693fa5+14925]
	chromedriver!GetHandleVerifier [0x7ff64e694000+14980]
	chromedriver!(No symbol) [0x7ff64e1d793d]
	chromedriver!(No symbol) [0x7ff64e27fe3d]
	chromedriver!(No symbol) [0x7ff64e22401c]
	chromedriver!(No symbol) [0x7ff64e224f43]
	chromedriver!GetHandleVerifier [0x7ff64ec77591+5f7f11]
	chromedriver!GetHandleVerifier [0x7ff64ec71902+5f2282]
	chromedriver!GetHandleVerifier [0x7ff64ec97115+617a95]
	chromedriver!GetHandleVerifier [0x7ff64e6b1dce+3274e]
	chromedriver!GetHandleVerifier [0x7ff64e6ba82c+3b1ac]
	chromedriver!GetHandleVerifier [0x7ff64e69d744+1e0c4]
	chromedriver!GetHandleVerifier [0x7ff64e69d8d4+1e254]
	chromedriver!GetHandleVerifier [0x7ff64e681447+1dc7]
	KERNEL32!BaseThreadInitThunk [0x7ffdd26ae957+17]
	ntdll!RtlUserThreadStart [0x7ffdd3087c1c+2c]
</msg>
<arg>/admin/reviews</arg>
<arg>timeout=10s</arg>
<doc>Waits until the current URL contains ``expected``.</doc>
<status status="FAIL" start="2026-06-23T15:01:44.283669" elapsed="0.303944">UnexpectedAlertPresentException: Alert Text: Vui lòng đăng nhập tài khoản Quản trị viên!
Message: unexpected alert open: {Alert text : Vui lòng đăng nhập tài khoản Quản trị viên!}
  (Session info: chrome=149.0.7827.116)
Stacktrace:
	chromedriver!GetHandleVerifier [0x7ff64e693fa5+14925]
	chromedriver!GetHandleVerifier [0x7ff64e694000+14980]
	chromedriver!(No symbol) [0x7ff64e1d793d]
	chromedriver!(No symbol) [0x7ff64e27fe3d]
	chromedriver!(No symbol) [0x7ff64e22401c]
	chromedriver!(No symbol) [0x7ff64e224f43]
	chromedriver!GetHandleVerifier [0x7ff64ec77591+5f7f11]
	chromedriver!GetHandleVerifier [0x7ff64ec71902+5f2282]
	chromedriver!GetHandleVerifier [0x7ff64ec97115+617a95]
	chromedriver!GetHandleVerifier [0x7ff64e6b1dce+3274e]
	chromedriver!GetHandleVerifier [0x7ff64e6ba82c+3b1ac]
	chromedriver!GetHandleVerifier [0x7ff64e69d744+1e0c4]
	chromedriver!GetHandleVerifier [0x7ff64e69d8d4+1e254]
	chromedriver!GetHandleVerifier [0x7ff64e681447+1dc7]
	KERNEL32!BaseThreadInitThunk [0x7ffdd26ae957+17]
	ntdll!RtlUserThreadStart [0x7ffdd3087c1c+2c]
</status>
</kw>
<kw name="Wait Until Page Contains Element" owner="SeleniumLibrary">
<arg>xpath=//h1[contains(text(), 'Quản lý Đánh giá')]</arg>
<arg>timeout=10s</arg>
<doc>Waits until the element ``locator`` appears on the current page.</doc>
<status status="NOT RUN" start="2026-06-23T15:01:44.587613" elapsed="0.000000"/>
</kw>
<status status="FAIL" start="2026-06-23T15:01:44.012766" elapsed="0.575919">UnexpectedAlertPresentException: Alert Text: Vui lòng đăng nhập tài khoản Quản trị viên!
Message: unexpected alert open: {Alert text : Vui lòng đăng nhập tài khoản Quản trị viên!}
  (Session info: chrome=149.0.7827.116)
Stacktrace:
	chromedriver!GetHandleVerifier [0x7ff64e693fa5+14925]
	chromedriver!GetHandleVerifier [0x7ff64e694000+14980]
	chromedriver!(No symbol) [0x7ff64e1d793d]
	chromedriver!(No symbol) [0x7ff64e27fe3d]
	chromedriver!(No symbol) [0x7ff64e22401c]
	chromedriver!(No symbol) [0x7ff64e224f43]
	chromedriver!GetHandleVerifier [0x7ff64ec77591+5f7f11]
	chromedriver!GetHandleVerifier [0x7ff64ec71902+5f2282]
	chromedriver!GetHandleVerifier [0x7ff64ec97115+617a95]
	chromedriver!GetHandleVerifier [0x7ff64e6b1dce+3274e]
	chromedriver!GetHandleVerifier [0x7ff64e6ba82c+3b1ac]
	chromedriver!GetHandleVerifier [0x7ff64e69d744+1e0c4]
	chromedriver!GetHandleVerifier [0x7ff64e69d8d4+1e254]
	chromedriver!GetHandleVerifier [0x7ff64e681447+1dc7]
	KERNEL32!BaseThreadInitThunk [0x7ffdd26ae957+17]
	ntdll!RtlUserThreadStart [0x7ffdd3087c1c+2c]
</status>
</kw>
<kw name="Toggle First Review Visibility" owner="AdminReviewsPage">
<status status="NOT RUN" start="2026-06-23T15:01:44.588685" elapsed="0.000000"/>
</kw>
<kw name="Close Application" owner="common_keywords" type="TEARDOWN">
<kw name="Close Browser" owner="SeleniumLibrary">
<doc>Closes the current browser.</doc>
<status status="PASS" start="2026-06-23T15:01:44.589612" elapsed="2.135995"/>
</kw>
<status status="PASS" start="2026-06-23T15:01:44.588685" elapsed="2.137478"/>
</kw>
<doc>Đổi trạng thái hiển thị của đánh giá đầu tiên</doc>
<status status="FAIL" start="2026-06-23T15:01:39.501287" elapsed="7.224876">UnexpectedAlertPresentException: Alert Text: Vui lòng đăng nhập tài khoản Quản trị viên!
Message: unexpected alert open: {Alert text : Vui lòng đăng nhập tài khoản Quản trị viên!}
  (Session info: chrome=149.0.7827.116)
Stacktrace:
	chromedriver!GetHandleVerifier [0x7ff64e693fa5+14925]
	chromedriver!GetHandleVerifier [0x7ff64e694000+14980]
	chromedriver!(No symbol) [0x7ff64e1d793d]
	chromedriver!(No symbol) [0x7ff64e27fe3d]
	chromedriver!(No symbol) [0x7ff64e22401c]
	chromedriver!(No symbol) [0x7ff64e224f43]
	chromedriver!GetHandleVerifier [0x7ff64ec77591+5f7f11]
	chromedriver!GetHandleVerifier [0x7ff64ec71902+5f2282]
	chromedriver!GetHandleVerifier [0x7ff64ec97115+617a95]
	chromedriver!GetHandleVerifier [0x7ff64e6b1dce+3274e]
	chromedriver!GetHandleVerifier [0x7ff64e6ba82c+3b1ac]
	chromedriver!GetHandleVerifier [0x7ff64e69d744+1e0c4]
	chromedriver!GetHandleVerifier [0x7ff64e69d8d4+1e254]
	chromedriver!GetHandleVerifier [0x7ff64e681447+1dc7]
	KERNEL32!BaseThreadInitThunk [0x7ffdd26ae957+17]
	ntdll!RtlUserThreadStart [0x7ffdd3087c1c+2c]
</status>
</test>
<test id="s1-s3-t2" name="TC_02 Admin Can Delete Review" line="25">
<kw name="Open Browser To Application" owner="common_keywords" type="SETUP">
<kw name="Evaluate" owner="BuiltIn">
<msg time="2026-06-23T15:01:46.727169" level="INFO">${chrome_options} = &lt;selenium.webdriver.chrome.options.Options object at 0x000001BE9F79D880&gt;</msg>
<var>${chrome_options}</var>
<arg>sys.modules['selenium.webdriver'].ChromeOptions()</arg>
<arg>sys, selenium.webdriver</arg>
<doc>Evaluates the given expression in Python and returns the result.</doc>
<status status="PASS" start="2026-06-23T15:01:46.727169" elapsed="0.000000"/>
</kw>
<kw name="Call Method" owner="BuiltIn">
<arg>${chrome_options}</arg>
<arg>add_argument</arg>
<arg>--headless</arg>
<doc>Calls the named method of the given object with the provided arguments.</doc>
<status status="PASS" start="2026-06-23T15:01:46.728167" elapsed="0.000000"/>
</kw>
<kw name="Call Method" owner="BuiltIn">
<arg>${chrome_options}</arg>
<arg>add_argument</arg>
<arg>--disable-gpu</arg>
<doc>Calls the named method of the given object with the provided arguments.</doc>
<status status="PASS" start="2026-06-23T15:01:46.728167" elapsed="0.000000"/>
</kw>
<kw name="Call Method" owner="BuiltIn">
<arg>${chrome_options}</arg>
<arg>add_argument</arg>
<arg>--window-size\=1920,1080</arg>
<doc>Calls the named method of the given object with the provided arguments.</doc>
<status status="PASS" start="2026-06-23T15:01:46.728167" elapsed="0.000000"/>
</kw>
<kw name="Call Method" owner="BuiltIn">
<arg>${chrome_options}</arg>
<arg>add_argument</arg>
<arg>--ignore-certificate-errors</arg>
<doc>Calls the named method of the given object with the provided arguments.</doc>
<status status="PASS" start="2026-06-23T15:01:46.728167" elapsed="0.000000"/>
</kw>
<kw name="Call Method" owner="BuiltIn">
<arg>${chrome_options}</arg>
<arg>add_argument</arg>
<arg>--allow-insecure-localhost</arg>
<doc>Calls the named method of the given object with the provided arguments.</doc>
<status status="PASS" start="2026-06-23T15:01:46.728167" elapsed="0.000000"/>
</kw>
<kw name="Call Method" owner="BuiltIn">
<arg>${chrome_options}</arg>
<arg>add_argument</arg>
<arg>--no-sandbox</arg>
<doc>Calls the named method of the given object with the provided arguments.</doc>
<status status="PASS" start="2026-06-23T15:01:46.729170" elapsed="0.000000"/>
</kw>
<kw name="Open Browser" owner="SeleniumLibrary">
<msg time="2026-06-23T15:01:46.729170" level="INFO">Opening browser 'chrome' to base url 'http://127.0.0.1:8000'.</msg>
<arg>${BASE_URL}</arg>
<arg>${BROWSER}</arg>
<arg>options=${chrome_options}</arg>
<doc>Opens a new browser instance to the optional ``url``.</doc>
<status status="PASS" start="2026-06-23T15:01:46.729170" elapsed="2.856423"/>
</kw>
<kw name="Set Window Size" owner="SeleniumLibrary">
<arg>1920</arg>
<arg>1080</arg>
<doc>Sets current windows size to given ``width`` and ``height``.</doc>
<status status="PASS" start="2026-06-23T15:01:49.586601" elapsed="0.005999"/>
</kw>
<status status="PASS" start="2026-06-23T15:01:46.727169" elapsed="2.865937"/>
</kw>
<kw name="Go To Login Page" owner="LoginPage">
<kw name="Go To" owner="SeleniumLibrary">
<msg time="2026-06-23T15:01:49.596203" level="INFO">Opening url 'http://127.0.0.1:8000/login'</msg>
<arg>${BASE_URL}/login</arg>
<doc>Navigates the current browser window to the provided ``url``.</doc>
<status status="PASS" start="2026-06-23T15:01:49.593106" elapsed="0.595467"/>
</kw>
<kw name="Wait Until Element Is Visible" owner="SeleniumLibrary">
<arg>${EMAIL_INPUT}</arg>
<arg>10s</arg>
<doc>Waits until the element ``locator`` is visible.</doc>
<status status="PASS" start="2026-06-23T15:01:50.188573" elapsed="0.030574"/>
</kw>
<status status="PASS" start="2026-06-23T15:01:49.593106" elapsed="0.627044"/>
</kw>
<kw name="Login With Credentials" owner="LoginPage">
<kw name="Input User Email" owner="LoginPage">
<kw name="Run Keyword If" owner="BuiltIn">
<kw name="Input Text" owner="SeleniumLibrary">
<msg time="2026-06-23T15:01:50.221148" level="INFO">Typing text 'admin@gmail.com' into text field 'xpath=//input[@type='email']'.</msg>
<arg>${EMAIL_INPUT}</arg>
<arg>${email}</arg>
<doc>Types the given ``text`` into the text field identified by ``locator``.</doc>
<status status="PASS" start="2026-06-23T15:01:50.221148" elapsed="0.097634"/>
</kw>
<arg>'${email}' != '${EMPTY}'</arg>
<arg>Input Text</arg>
<arg>${EMAIL_INPUT}</arg>
<arg>${email}</arg>
<doc>Runs the given keyword with the given arguments, if ``condition`` is true.</doc>
<status status="PASS" start="2026-06-23T15:01:50.220150" elapsed="0.098632"/>
</kw>
<arg>${email}</arg>
<status status="PASS" start="2026-06-23T15:01:50.220150" elapsed="0.098632"/>
</kw>
<kw name="Input User Password" owner="LoginPage">
<kw name="Run Keyword If" owner="BuiltIn">
<kw name="Input Password" owner="SeleniumLibrary">
<msg time="2026-06-23T15:01:50.320783" level="INFO">Typing password into text field 'xpath=//input[@type='password']'.</msg>
<msg time="2026-06-23T15:01:50.351901" level="INFO">Temporally setting log level to: NONE</msg>
<arg>${PASSWORD_INPUT}</arg>
<arg>${password}</arg>
<doc>Types the given password into the text field identified by ``locator``.</doc>
<status status="PASS" start="2026-06-23T15:01:50.320783" elapsed="0.075285"/>
</kw>
<arg>'${password}' != '${EMPTY}'</arg>
<arg>Input Password</arg>
<arg>${PASSWORD_INPUT}</arg>
<arg>${password}</arg>
<doc>Runs the given keyword with the given arguments, if ``condition`` is true.</doc>
<status status="PASS" start="2026-06-23T15:01:50.319781" elapsed="0.076287"/>
</kw>
<arg>${password}</arg>
<status status="PASS" start="2026-06-23T15:01:50.319781" elapsed="0.076287"/>
</kw>
<kw name="Click Login Button" owner="LoginPage">
<kw name="Click Element" owner="SeleniumLibrary">
<msg time="2026-06-23T15:01:50.397085" level="INFO">Clicking element 'xpath=//button[@type='submit']'.</msg>
<arg>${LOGIN_BUTTON}</arg>
<doc>Click the element identified by ``locator``.</doc>
<status status="PASS" start="2026-06-23T15:01:50.397085" elapsed="0.094795"/>
</kw>
<status status="PASS" start="2026-06-23T15:01:50.396068" elapsed="0.095812"/>
</kw>
<arg>${ADMIN_USER}</arg>
<arg>${ADMIN_PASSWORD}</arg>
<status status="PASS" start="2026-06-23T15:01:50.220150" elapsed="0.271730"/>
</kw>
<kw name="Run Keyword And Ignore Error" owner="BuiltIn">
<kw name="Alert Should Be Present" owner="SeleniumLibrary">
<msg time="2026-06-23T15:01:50.491880" level="INFO">HANDLE::&lt;class 'datetime.timedelta'&gt;::0:00:05</msg>
<arg>timeout=5s</arg>
<doc>Verifies that an alert is present and by default, accepts it.</doc>
<status status="PASS" start="2026-06-23T15:01:50.491880" elapsed="0.510688"/>
</kw>
<arg>Alert Should Be Present</arg>
<arg>timeout=5s</arg>
<doc>Runs the given keyword with the given arguments and ignores possible error.</doc>
<status status="PASS" start="2026-06-23T15:01:50.491880" elapsed="0.510688"/>
</kw>
<kw name="Go To Admin Reviews Page" owner="AdminReviewsPage">
<kw name="Go To" owner="SeleniumLibrary">
<msg time="2026-06-23T15:01:51.003572" level="INFO">Opening url 'http://127.0.0.1:8000/admin/reviews'</msg>
<arg>${BASE_URL}/admin/reviews</arg>
<doc>Navigates the current browser window to the provided ``url``.</doc>
<status status="PASS" start="2026-06-23T15:01:51.003572" elapsed="0.226953"/>
</kw>
<kw name="Wait Until Location Contains" owner="SeleniumLibrary">
<msg time="2026-06-23T15:01:51.565029" level="INFO" html="true">&lt;/td&gt;&lt;/tr&gt;&lt;tr&gt;&lt;td colspan="3"&gt;&lt;a href="selenium-screenshot-159.png"&gt;&lt;img src="selenium-screenshot-159.png" width="800px"&gt;&lt;/a&gt;</msg>
<msg time="2026-06-23T15:01:51.565029" level="FAIL">UnexpectedAlertPresentException: Alert Text: Vui lòng đăng nhập tài khoản Quản trị viên!
Message: unexpected alert open: {Alert text : Vui lòng đăng nhập tài khoản Quản trị viên!}
  (Session info: chrome=149.0.7827.116)
Stacktrace:
	chromedriver!GetHandleVerifier [0x7ff64e693fa5+14925]
	chromedriver!GetHandleVerifier [0x7ff64e694000+14980]
	chromedriver!(No symbol) [0x7ff64e1d793d]
	chromedriver!(No symbol) [0x7ff64e27fe3d]
	chromedriver!(No symbol) [0x7ff64e22401c]
	chromedriver!(No symbol) [0x7ff64e224f43]
[...]
<doc>Calls the named method of the given object with the provided arguments.</doc>
<status status="PASS" start="2026-06-23T15:08:27.978013" elapsed="0.000000"/>
</kw>
<kw name="Open Browser" owner="SeleniumLibrary">
<msg time="2026-06-23T15:08:27.978516" level="INFO">Opening browser 'chrome' to base url 'http://127.0.0.1:8000'.</msg>
<arg>${BASE_URL}</arg>
<arg>${BROWSER}</arg>
<arg>options=${chrome_options}</arg>
<doc>Opens a new browser instance to the optional ``url``.</doc>
<status status="PASS" start="2026-06-23T15:08:27.978516" elapsed="2.572050"/>
</kw>
<kw name="Set Window Size" owner="SeleniumLibrary">
<arg>1920</arg>
<arg>1080</arg>
<doc>Sets current windows size to given ``width`` and ``height``.</doc>
<status status="PASS" start="2026-06-23T15:08:30.550566" elapsed="0.003002"/>
</kw>
<status status="PASS" start="2026-06-23T15:08:27.975438" elapsed="2.578130"/>
</kw>
<kw name="Go To Login Page" owner="LoginPage">
<kw name="Go To" owner="SeleniumLibrary">
<msg time="2026-06-23T15:08:30.554565" level="INFO">Opening url 'http://127.0.0.1:8000/login'</msg>
<arg>${BASE_URL}/login</arg>
<doc>Navigates the current browser window to the provided ``url``.</doc>
<status status="PASS" start="2026-06-23T15:08:30.554565" elapsed="0.556197"/>
</kw>
<kw name="Wait Until Element Is Visible" owner="SeleniumLibrary">
<arg>${EMAIL_INPUT}</arg>
<arg>10s</arg>
<doc>Waits until the element ``locator`` is visible.</doc>
<status status="PASS" start="2026-06-23T15:08:31.110762" elapsed="0.019982"/>
</kw>
<status status="PASS" start="2026-06-23T15:08:30.553568" elapsed="0.577176"/>
</kw>
<kw name="Login With Credentials" owner="LoginPage">
<kw name="Input User Email" owner="LoginPage">
<kw name="Run Keyword If" owner="BuiltIn">
<kw name="Input Text" owner="SeleniumLibrary">
<msg time="2026-06-23T15:08:31.131722" level="INFO">Typing text 'customer@gmail.com' into text field 'xpath=//input[@type='email']'.</msg>
<arg>${EMAIL_INPUT}</arg>
<arg>${email}</arg>
<doc>Types the given ``text`` into the text field identified by ``locator``.</doc>
<status status="PASS" start="2026-06-23T15:08:31.131722" elapsed="0.094835"/>
</kw>
<arg>'${email}' != '${EMPTY}'</arg>
<arg>Input Text</arg>
<arg>${EMAIL_INPUT}</arg>
<arg>${email}</arg>
<doc>Runs the given keyword with the given arguments, if ``condition`` is true.</doc>
<status status="PASS" start="2026-06-23T15:08:31.131722" elapsed="0.095351"/>
</kw>
<arg>${email}</arg>
<status status="PASS" start="2026-06-23T15:08:31.130744" elapsed="0.096329"/>
</kw>
<kw name="Input User Password" owner="LoginPage">
<kw name="Run Keyword If" owner="BuiltIn">
<kw name="Input Password" owner="SeleniumLibrary">
<msg time="2026-06-23T15:08:31.228078" level="INFO">Typing password into text field 'xpath=//input[@type='password']'.</msg>
<msg time="2026-06-23T15:08:31.253273" level="INFO">Temporally setting log level to: NONE</msg>
<arg>${PASSWORD_INPUT}</arg>
<arg>${password}</arg>
<doc>Types the given password into the text field identified by ``locator``.</doc>
<status status="PASS" start="2026-06-23T15:08:31.228078" elapsed="0.059079"/>
</kw>
<arg>'${password}' != '${EMPTY}'</arg>
<arg>Input Password</arg>
<arg>${PASSWORD_INPUT}</arg>
<arg>${password}</arg>
<doc>Runs the given keyword with the given arguments, if ``condition`` is true.</doc>
<status status="PASS" start="2026-06-23T15:08:31.227073" elapsed="0.060084"/>
</kw>
<arg>${password}</arg>
<status status="PASS" start="2026-06-23T15:08:31.227073" elapsed="0.060679"/>
</kw>
<kw name="Click Login Button" owner="LoginPage">
<kw name="Click Element" owner="SeleniumLibrary">
<msg time="2026-06-23T15:08:31.287752" level="INFO">Clicking element 'xpath=//button[@type='submit']'.</msg>
<arg>${LOGIN_BUTTON}</arg>
<doc>Click the element identified by ``locator``.</doc>
<status status="PASS" start="2026-06-23T15:08:31.287752" elapsed="0.058033"/>
</kw>
<status status="PASS" start="2026-06-23T15:08:31.287752" elapsed="0.058033"/>
</kw>
<arg>${VALID_USER}</arg>
<arg>${VALID_PASSWORD}</arg>
<status status="PASS" start="2026-06-23T15:08:31.130744" elapsed="0.215041"/>
</kw>
<kw name="Run Keyword And Ignore Error" owner="BuiltIn">
<kw name="Alert Should Be Present" owner="SeleniumLibrary">
<msg time="2026-06-23T15:08:31.347294" level="INFO">HANDLE::&lt;class 'datetime.timedelta'&gt;::0:00:05</msg>
<arg>timeout=5s</arg>
<doc>Verifies that an alert is present and by default, accepts it.</doc>
<status status="PASS" start="2026-06-23T15:08:31.347294" elapsed="0.506642"/>
</kw>
<arg>Alert Should Be Present</arg>
<arg>timeout=5s</arg>
<doc>Runs the given keyword with the given arguments and ignores possible error.</doc>
<status status="PASS" start="2026-06-23T15:08:31.347294" elapsed="0.506642"/>
</kw>
<kw name="Wait Until Location Is" owner="SeleniumLibrary">
<arg>${BASE_URL}/</arg>
<arg>timeout=20s</arg>
<doc>Waits until the current URL is ``expected``.</doc>
<status status="PASS" start="2026-06-23T15:08:31.854934" elapsed="1.293997"/>
</kw>
<kw name="Go To" owner="SeleniumLibrary">
<msg time="2026-06-23T15:08:33.148931" level="INFO">Opening url 'http://127.0.0.1:8000/profile'</msg>
<arg>${BASE_URL}/profile</arg>
<doc>Navigates the current browser window to the provided ``url``.</doc>
<status status="PASS" start="2026-06-23T15:08:33.148931" elapsed="0.236017"/>
</kw>
<kw name="Wait Until Page Contains" owner="SeleniumLibrary">
<arg>Thông tin tài khoản</arg>
<arg>timeout=10s</arg>
<doc>Waits until ``text`` appears on the current page.</doc>
<status status="PASS" start="2026-06-23T15:08:33.387963" elapsed="0.434431"/>
</kw>
<kw name="Click Element" owner="SeleniumLibrary">
<msg time="2026-06-23T15:08:33.822898" level="INFO">Clicking element 'xpath=//button[contains(text(), 'Lịch sử')]'.</msg>
<arg>xpath=//button[contains(text(), 'Lịch sử')]</arg>
<doc>Click the element identified by ``locator``.</doc>
<status status="PASS" start="2026-06-23T15:08:33.822898" elapsed="0.059455"/>
</kw>
<kw name="Wait Until Page Contains Element" owner="SeleniumLibrary">
<arg>xpath=//div[contains(@class, 'border-dashed') or contains(@class, 'space-y-6')]</arg>
<arg>timeout=10s</arg>
<doc>Waits until the element ``locator`` appears on the current page.</doc>
<status status="PASS" start="2026-06-23T15:08:33.882353" elapsed="0.012551"/>
</kw>
<kw name="Log" owner="BuiltIn">
<msg time="2026-06-23T15:08:33.895918" level="INFO">Verified History Tab loaded successfully.</msg>
<arg>Verified History Tab loaded successfully.</arg>
<doc>Logs the given message with the given level.</doc>
<status status="PASS" start="2026-06-23T15:08:33.895918" elapsed="0.000993"/>
</kw>
<kw name="Close Application" owner="common_keywords" type="TEARDOWN">
<kw name="Close Browser" owner="SeleniumLibrary">
<doc>Closes the current browser.</doc>
<status status="PASS" start="2026-06-23T15:08:33.897923" elapsed="2.132252"/>
</kw>
<status status="PASS" start="2026-06-23T15:08:33.897418" elapsed="2.133362"/>
</kw>
<doc>Khách hàng có thể xem danh sách Lịch sử đặt phòng trong Profile</doc>
<status status="PASS" start="2026-06-23T15:08:27.975438" elapsed="8.055342"/>
</test>
<test id="s1-s13-t2" name="TC_02 User Can Cancel A Booking" line="30">
<kw name="Open Browser To Application" owner="common_keywords" type="SETUP">
<kw name="Evaluate" owner="BuiltIn">
<msg time="2026-06-23T15:08:36.031790" level="INFO">${chrome_options} = &lt;selenium.webdriver.chrome.options.Options object at 0x000001BE9F85DB20&gt;</msg>
<var>${chrome_options}</var>
<arg>sys.modules['selenium.webdriver'].ChromeOptions()</arg>
<arg>sys, selenium.webdriver</arg>
<doc>Evaluates the given expression in Python and returns the result.</doc>
<status status="PASS" start="2026-06-23T15:08:36.031790" elapsed="0.000000"/>
</kw>
<kw name="Call Method" owner="BuiltIn">
<arg>${chrome_options}</arg>
<arg>add_argument</arg>
<arg>--headless</arg>
<doc>Calls the named method of the given object with the provided arguments.</doc>
<status status="PASS" start="2026-06-23T15:08:36.032789" elapsed="0.000000"/>
</kw>
<kw name="Call Method" owner="BuiltIn">
<arg>${chrome_options}</arg>
<arg>add_argument</arg>
<arg>--disable-gpu</arg>
<doc>Calls the named method of the given object with the provided arguments.</doc>
<status status="PASS" start="2026-06-23T15:08:36.032789" elapsed="0.000000"/>
</kw>
<kw name="Call Method" owner="BuiltIn">
<arg>${chrome_options}</arg>
<arg>add_argument</arg>
<arg>--window-size\=1920,1080</arg>
<doc>Calls the named method of the given object with the provided arguments.</doc>
<status status="PASS" start="2026-06-23T15:08:36.032789" elapsed="0.000000"/>
</kw>
<kw name="Call Method" owner="BuiltIn">
<arg>${chrome_options}</arg>
<arg>add_argument</arg>
<arg>--ignore-certificate-errors</arg>
<doc>Calls the named method of the given object with the provided arguments.</doc>
<status status="PASS" start="2026-06-23T15:08:36.032789" elapsed="0.000000"/>
</kw>
<kw name="Call Method" owner="BuiltIn">
<arg>${chrome_options}</arg>
<arg>add_argument</arg>
<arg>--allow-insecure-localhost</arg>
<doc>Calls the named method of the given object with the provided arguments.</doc>
<status status="PASS" start="2026-06-23T15:08:36.033804" elapsed="0.000000"/>
</kw>
<kw name="Call Method" owner="BuiltIn">
<arg>${chrome_options}</arg>
<arg>add_argument</arg>
<arg>--no-sandbox</arg>
<doc>Calls the named method of the given object with the provided arguments.</doc>
<status status="PASS" start="2026-06-23T15:08:36.033804" elapsed="0.000000"/>
</kw>
<kw name="Open Browser" owner="SeleniumLibrary">
<msg time="2026-06-23T15:08:36.033804" level="INFO">Opening browser 'chrome' to base url 'http://127.0.0.1:8000'.</msg>
<arg>${BASE_URL}</arg>
<arg>${BROWSER}</arg>
<arg>options=${chrome_options}</arg>
<doc>Opens a new browser instance to the optional ``url``.</doc>
<status status="PASS" start="2026-06-23T15:08:36.033804" elapsed="2.709211"/>
</kw>
<kw name="Set Window Size" owner="SeleniumLibrary">
<arg>1920</arg>
<arg>1080</arg>
<doc>Sets current windows size to given ``width`` and ``height``.</doc>
<status status="PASS" start="2026-06-23T15:08:38.744014" elapsed="0.003000"/>
</kw>
<status status="PASS" start="2026-06-23T15:08:36.031790" elapsed="2.715224"/>
</kw>
<kw name="Go To Login Page" owner="LoginPage">
<kw name="Go To" owner="SeleniumLibrary">
<msg time="2026-06-23T15:08:38.747518" level="INFO">Opening url 'http://127.0.0.1:8000/login'</msg>
<arg>${BASE_URL}/login</arg>
<doc>Navigates the current browser window to the provided ``url``.</doc>
<status status="PASS" start="2026-06-23T15:08:38.747518" elapsed="0.185178"/>
</kw>
<kw name="Wait Until Element Is Visible" owner="SeleniumLibrary">
<arg>${EMAIL_INPUT}</arg>
<arg>10s</arg>
<doc>Waits until the element ``locator`` is visible.</doc>
<status status="PASS" start="2026-06-23T15:08:38.932696" elapsed="1.036617"/>
</kw>
<status status="PASS" start="2026-06-23T15:08:38.747518" elapsed="1.221795"/>
</kw>
<kw name="Login With Credentials" owner="LoginPage">
<kw name="Input User Email" owner="LoginPage">
<kw name="Run Keyword If" owner="BuiltIn">
<kw name="Input Text" owner="SeleniumLibrary">
<msg time="2026-06-23T15:08:39.970316" level="INFO">Typing text 'customer@gmail.com' into text field 'xpath=//input[@type='email']'.</msg>
<arg>${EMAIL_INPUT}</arg>
<arg>${email}</arg>
<doc>Types the given ``text`` into the text field identified by ``locator``.</doc>
<status status="PASS" start="2026-06-23T15:08:39.970316" elapsed="0.088771"/>
</kw>
<arg>'${email}' != '${EMPTY}'</arg>
<arg>Input Text</arg>
<arg>${EMAIL_INPUT}</arg>
<arg>${email}</arg>
<doc>Runs the given keyword with the given arguments, if ``condition`` is true.</doc>
<status status="PASS" start="2026-06-23T15:08:39.970316" elapsed="0.089362"/>
</kw>
<arg>${email}</arg>
<status status="PASS" start="2026-06-23T15:08:39.969313" elapsed="0.090365"/>
</kw>
<kw name="Input User Password" owner="LoginPage">
<kw name="Run Keyword If" owner="BuiltIn">
<kw name="Input Password" owner="SeleniumLibrary">
<msg time="2026-06-23T15:08:40.060684" level="INFO">Typing password into text field 'xpath=//input[@type='password']'.</msg>
<msg time="2026-06-23T15:08:40.091999" level="INFO">Temporally setting log level to: NONE</msg>
<arg>${PASSWORD_INPUT}</arg>
<arg>${password}</arg>
<doc>Types the given password into the text field identified by ``locator``.</doc>
<status status="PASS" start="2026-06-23T15:08:40.060684" elapsed="0.078131"/>
</kw>
<arg>'${password}' != '${EMPTY}'</arg>
<arg>Input Password</arg>
<arg>${PASSWORD_INPUT}</arg>
<arg>${password}</arg>
<doc>Runs the given keyword with the given arguments, if ``condition`` is true.</doc>
<status status="PASS" start="2026-06-23T15:08:40.059678" elapsed="0.079137"/>
</kw>
<arg>${password}</arg>
<status status="PASS" start="2026-06-23T15:08:40.059678" elapsed="0.079765"/>
</kw>
<kw name="Click Login Button" owner="LoginPage">
<kw name="Click Element" owner="SeleniumLibrary">
<msg time="2026-06-23T15:08:40.139443" level="INFO">Clicking element 'xpath=//button[@type='submit']'.</msg>
<arg>${LOGIN_BUTTON}</arg>
<doc>Click the element identified by ``locator``.</doc>
<status status="PASS" start="2026-06-23T15:08:40.139443" elapsed="0.062784"/>
</kw>
<status status="PASS" start="2026-06-23T15:08:40.139443" elapsed="0.062784"/>
</kw>
<arg>${VALID_USER}</arg>
<arg>${VALID_PASSWORD}</arg>
<status status="PASS" start="2026-06-23T15:08:39.969313" elapsed="0.232914"/>
</kw>
<kw name="Run Keyword And Ignore Error" owner="BuiltIn">
<kw name="Alert Should Be Present" owner="SeleniumLibrary">
<msg time="2026-06-23T15:08:40.203225" level="INFO">HANDLE::&lt;class 'datetime.timedelta'&gt;::0:00:05</msg>
<arg>timeout=5s</arg>
<doc>Verifies that an alert is present and by default, accepts it.</doc>
<status status="PASS" start="2026-06-23T15:08:40.203225" elapsed="0.507984"/>
</kw>
<arg>Alert Should Be Present</arg>
<arg>timeout=5s</arg>
<doc>Runs the given keyword with the given arguments and ignores possible error.</doc>
<status status="PASS" start="2026-06-23T15:08:40.202227" elapsed="0.508982"/>
</kw>
<kw name="Wait Until Location Is" owner="SeleniumLibrary">
<arg>${BASE_URL}/</arg>
<arg>timeout=20s</arg>
<doc>Waits until the current URL is ``expected``.</doc>
<status status="PASS" start="2026-06-23T15:08:40.711209" elapsed="0.402128"/>
</kw>
<kw name="Go To" owner="SeleniumLibrary">
<msg time="2026-06-23T15:08:41.114339" level="INFO">Opening url 'http://127.0.0.1:8000/profile'</msg>
<arg>${BASE_URL}/profile</arg>
<doc>Navigates the current browser window to the provided ``url``.</doc>
<status status="PASS" start="2026-06-23T15:08:41.113337" elapsed="0.918992"/>
</kw>
<kw name="Wait Until Page Contains" owner="SeleniumLibrary">
<arg>Thông tin tài khoản</arg>
<arg>timeout=10s</arg>
<doc>Waits until ``text`` appears on the current page.</doc>
<status status="PASS" start="2026-06-23T15:08:42.033328" elapsed="0.017513"/>
</kw>
<kw name="Click Element" owner="SeleniumLibrary">
<msg time="2026-06-23T15:08:42.053856" level="INFO">Clicking element 'xpath=//button[contains(text(), 'Lịch sử')]'.</msg>
<arg>xpath=//button[contains(text(), 'Lịch sử')]</arg>
<doc>Click the element identified by ``locator``.</doc>
<status status="PASS" start="2026-06-23T15:08:42.052844" elapsed="0.050566"/>
</kw>
<kw name="Wait Until Page Contains Element" owner="SeleniumLibrary">
<arg>xpath=//div[contains(@class, 'border-dashed') or contains(@class, 'space-y-6')]</arg>
<arg>timeout=10s</arg>
<doc>Waits until the element ``locator`` appears on the current page.</doc>
<status status="PASS" start="2026-06-23T15:08:42.104428" elapsed="0.009184"/>
</kw>
<kw name="Run Keyword And Return Status" owner="BuiltIn">
<kw name="Page Should Contain Element" owner="SeleniumLibrary">
<msg time="2026-06-23T15:08:42.231541" level="INFO" html="true">&lt;/td&gt;&lt;/tr&gt;&lt;tr&gt;&lt;td colspan="3"&gt;&lt;a href="selenium-screenshot-176.png"&gt;&lt;img src="selenium-screenshot-176.png" width="800px"&gt;&lt;/a&gt;</msg>
<msg time="2026-06-23T15:08:42.231541" level="FAIL">Page should have contained element 'xpath=//button[contains(text(), 'Hủy đặt phòng')]' but did not.</msg>
<arg>xpath=//button[contains(text(), 'Hủy đặt phòng')]</arg>
<doc>Verifies that element ``locator`` is found on the current page.</doc>
<status status="FAIL" start="2026-06-23T15:08:42.115622" elapsed="0.132122">Page should have contained element 'xpath=//button[contains(text(), 'Hủy đặt phòng')]' but did not.</status>
</kw>
<msg time="2026-06-23T15:08:42.247744" level="INFO">${can_cancel} = False</msg>
<var>${can_cancel}</var>
<arg>Page Should Contain Element</arg>
<arg>xpath=//button[contains(text(), 'Hủy đặt phòng')]</arg>
<doc>Runs the given keyword with given arguments and returns the status as a Boolean value.</doc>
<status status="PASS" start="2026-06-23T15:08:42.113612" elapsed="0.134132"/>
</kw>
<kw name="Run Keyword If" owner="BuiltIn">
<arg>${can_cancel}</arg>
<arg>Click Element</arg>
<arg>xpath=//button[contains(text(), 'Hủy đặt phòng')]</arg>
<doc>Runs the given keyword with the given arguments, if ``condition`` is true.</doc>
<status status="PASS" start="2026-06-23T15:08:42.248763" elapsed="0.000000"/>
</kw>
<kw name="Run Keyword If" owner="BuiltIn">
<arg>${can_cancel}</arg>
<arg>Alert Should Be Present</arg>
<arg>action=DISMISS</arg>
<arg>timeout=5s</arg>
<doc>Runs the given keyword with the given arguments, if ``condition`` is true.</doc>
<status status="PASS" start="2026-06-23T15:08:42.248763" elapsed="0.000645"/>
</kw>
<kw name="Log" owner="BuiltIn">
<msg time="2026-06-23T15:08:42.249408" level="INFO">Verified Cancellation popup functionality.</msg>
<arg>Verified Cancellation popup functionality.</arg>
<doc>Logs the given message with the given level.</doc>
<status status="PASS" start="2026-06-23T15:08:42.249408" elapsed="0.000000"/>
</kw>
<kw name="Close Application" owner="common_keywords" type="TEARDOWN">
<kw name="Close Browser" owner="SeleniumLibrary">
<doc>Closes the current browser.</doc>
<status status="PASS" start="2026-06-23T15:08:42.249408" elapsed="2.134649"/>
</kw>
<status status="PASS" start="2026-06-23T15:08:42.249408" elapsed="2.134649"/>
</kw>
<doc>Khách hàng có thể yêu cầu hủy đặt phòng (chạy tới bước verify popup)</doc>
<status status="PASS" start="2026-06-23T15:08:36.030780" elapsed="8.353277"/>
</test>
<doc>Test luồng Lịch sử đặt phòng và Hủy phòng của Người dùng</doc>
<status status="PASS" start="2026-06-23T15:08:27.965023" elapsed="16.420073"/>
</suite>
<status status="FAIL" start="2026-06-23T15:00:49.833331" elapsed="474.564727"/>
</suite>
<statistics>
<total>
<stat pass="36" fail="16" skip="0">All Tests</stat>
</total>
<tag>
</tag>
<suite>
<stat name="Tests" id="s1" pass="36" fail="16" skip="0">Tests</stat>
<stat name="AccountTests" id="s1-s1" pass="0" fail="3" skip="0">Tests.AccountTests</stat>
<stat name="AdminAdvancedTests" id="s1-s2" pass="2" fail="0" skip="0">Tests.AdminAdvancedTests</stat>
<stat name="AdminReviewTests" id="s1-s3" pass="0" fail="2" skip="0">Tests.AdminReviewTests</stat>
<stat name="AdminRoomTests" id="s1-s4" pass="0" fail="3" skip="0">Tests.AdminRoomTests</stat>
<stat name="AdminTests" id="s1-s5" pass="0" fail="3" skip="0">Tests.AdminTests</stat>
<stat name="AdminUserTests" id="s1-s6" pass="3" fail="0" skip="0">Tests.AdminUserTests</stat>
<stat name="AdminVoucherTests" id="s1-s7" pass="2" fail="1" skip="0">Tests.AdminVoucherTests</stat>
<stat name="AdvancedCheckoutTests" id="s1-s8" pass="0" fail="3" skip="0">Tests.AdvancedCheckoutTests</stat>
<stat name="AuthAdvancedTests" id="s1-s9" pass="1" fail="0" skip="0">Tests.AuthAdvancedTests</stat>
<stat name="LoginTests" id="s1-s10" pass="12" fail="0" skip="0">Tests.LoginTests</stat>
<stat name="RegisterTests" id="s1-s11" pass="12" fail="1" skip="0">Tests.RegisterTests</stat>
<stat name="SearchTests" id="s1-s12" pass="2" fail="0" skip="0">Tests.SearchTests</stat>
<stat name="UserBookingTests" id="s1-s13" pass="2" fail="0" skip="0">Tests.UserBookingTests</stat>
</suite>
</statistics>
<errors>
</errors>
</robot>
