<?xml version="1.0" encoding="UTF-8"?>
<robot generator="Robot 7.2.2 (Python 3.12.5 on win32)" generated="2026-06-21T21:16:24.396411" rpa="false" schemaversion="5">
<suite id="s1" name="LoginTests &amp; RegisterTests &amp; SearchTests &amp; AdvancedCheckoutTests">
<suite id="s1-s1" name="LoginTests" source="C:\xampp\htdocs\homestay-booking\NhomABC_HomestayBooking\tests\LoginTests.robot">
<test id="s1-s1-t1" name="TC_01 Valid Login Should Succeed" line="12">
<kw name="Open Browser To Application" owner="common_keywords" type="SETUP">
<kw name="Evaluate" owner="BuiltIn">
<msg time="2026-06-21T21:16:25.468768" level="INFO">${chrome_options} = &lt;selenium.webdriver.chrome.options.Options object at 0x0000021A26F19BB0&gt;</msg>
<var>${chrome_options}</var>
<arg>sys.modules['selenium.webdriver'].ChromeOptions()</arg>
<arg>sys, selenium.webdriver</arg>
<doc>Evaluates the given expression in Python and returns the result.</doc>
<status status="PASS" start="2026-06-21T21:16:25.467490" elapsed="0.001278"/>
</kw>
<kw name="Call Method" owner="BuiltIn">
<arg>${chrome_options}</arg>
<arg>add_argument</arg>
<arg>--headless</arg>
<doc>Calls the named method of the given object with the provided arguments.</doc>
<status status="PASS" start="2026-06-21T21:16:25.469297" elapsed="0.000000"/>
</kw>
<kw name="Call Method" owner="BuiltIn">
<arg>${chrome_options}</arg>
<arg>add_argument</arg>
<arg>--disable-gpu</arg>
<doc>Calls the named method of the given object with the provided arguments.</doc>
<status status="PASS" start="2026-06-21T21:16:25.469297" elapsed="0.000000"/>
</kw>
<kw name="Call Method" owner="BuiltIn">
<arg>${chrome_options}</arg>
<arg>add_argument</arg>
<arg>--window-size\=1920,1080</arg>
<doc>Calls the named method of the given object with the provided arguments.</doc>
<status status="PASS" start="2026-06-21T21:16:25.469297" elapsed="0.000596"/>
</kw>
<kw name="Call Method" owner="BuiltIn">
<arg>${chrome_options}</arg>
<arg>add_argument</arg>
<arg>--ignore-certificate-errors</arg>
<doc>Calls the named method of the given object with the provided arguments.</doc>
<status status="PASS" start="2026-06-21T21:16:25.469893" elapsed="0.000000"/>
</kw>
<kw name="Call Method" owner="BuiltIn">
<arg>${chrome_options}</arg>
<arg>add_argument</arg>
<arg>--allow-insecure-localhost</arg>
<doc>Calls the named method of the given object with the provided arguments.</doc>
<status status="PASS" start="2026-06-21T21:16:25.470594" elapsed="0.000000"/>
</kw>
<kw name="Call Method" owner="BuiltIn">
<arg>${chrome_options}</arg>
<arg>add_argument</arg>
<arg>--no-sandbox</arg>
<doc>Calls the named method of the given object with the provided arguments.</doc>
<status status="PASS" start="2026-06-21T21:16:25.470594" elapsed="0.000000"/>
</kw>
<kw name="Open Browser" owner="SeleniumLibrary">
<msg time="2026-06-21T21:16:25.471135" level="INFO">Opening browser 'chrome' to base url 'https://homestaybooking.id.vn'.</msg>
<arg>${BASE_URL}</arg>
<arg>${BROWSER}</arg>
<arg>options=${chrome_options}</arg>
<doc>Opens a new browser instance to the optional ``url``.</doc>
<status status="PASS" start="2026-06-21T21:16:25.470594" elapsed="5.685305"/>
</kw>
<kw name="Set Window Size" owner="SeleniumLibrary">
<arg>1920</arg>
<arg>1080</arg>
<doc>Sets current windows size to given ``width`` and ``height``.</doc>
<status status="PASS" start="2026-06-21T21:16:31.155899" elapsed="0.017231"/>
</kw>
<status status="PASS" start="2026-06-21T21:16:25.466179" elapsed="5.706951"/>
</kw>
<kw name="Go To Login Page" owner="LoginPage">
<kw name="Go To" owner="SeleniumLibrary">
<msg time="2026-06-21T21:16:31.173130" level="INFO">Opening url 'https://homestaybooking.id.vn/login'</msg>
<arg>${BASE_URL}/login</arg>
<doc>Navigates the current browser window to the provided ``url``.</doc>
<status status="PASS" start="2026-06-21T21:16:31.173130" elapsed="0.706221"/>
</kw>
<kw name="Wait Until Element Is Visible" owner="SeleniumLibrary">
<arg>${EMAIL_INPUT}</arg>
<arg>10s</arg>
<doc>Waits until the element ``locator`` is visible.</doc>
<status status="PASS" start="2026-06-21T21:16:31.879351" elapsed="0.049439"/>
</kw>
<status status="PASS" start="2026-06-21T21:16:31.173130" elapsed="0.755660"/>
</kw>
<kw name="Login With Credentials" owner="LoginPage">
<kw name="Input User Email" owner="LoginPage">
<kw name="Run Keyword If" owner="BuiltIn">
<kw name="Input Text" owner="SeleniumLibrary">
<msg time="2026-06-21T21:16:31.928790" level="INFO">Typing text 'customer@gmail.com' into text field 'id:email'.</msg>
<arg>${EMAIL_INPUT}</arg>
<arg>${email}</arg>
<doc>Types the given ``text`` into the text field identified by ``locator``.</doc>
<status status="PASS" start="2026-06-21T21:16:31.928790" elapsed="0.275389"/>
</kw>
<arg>'${email}' != '${EMPTY}'</arg>
<arg>Input Text</arg>
<arg>${EMAIL_INPUT}</arg>
<arg>${email}</arg>
<doc>Runs the given keyword with the given arguments, if ``condition`` is true.</doc>
<status status="PASS" start="2026-06-21T21:16:31.928790" elapsed="0.275389"/>
</kw>
<arg>${email}</arg>
<status status="PASS" start="2026-06-21T21:16:31.928790" elapsed="0.275389"/>
</kw>
<kw name="Input User Password" owner="LoginPage">
<kw name="Run Keyword If" owner="BuiltIn">
<kw name="Input Password" owner="SeleniumLibrary">
<msg time="2026-06-21T21:16:32.206333" level="INFO">Typing password into text field 'id:password'.</msg>
<msg time="2026-06-21T21:16:32.286403" level="INFO">Temporally setting log level to: NONE</msg>
<arg>${PASSWORD_INPUT}</arg>
<arg>${password}</arg>
<doc>Types the given password into the text field identified by ``locator``.</doc>
<status status="PASS" start="2026-06-21T21:16:32.206333" elapsed="0.191717"/>
</kw>
<arg>'${password}' != '${EMPTY}'</arg>
<arg>Input Password</arg>
<arg>${PASSWORD_INPUT}</arg>
<arg>${password}</arg>
<doc>Runs the given keyword with the given arguments, if ``condition`` is true.</doc>
<status status="PASS" start="2026-06-21T21:16:32.206333" elapsed="0.191717"/>
</kw>
<arg>${password}</arg>
<status status="PASS" start="2026-06-21T21:16:32.204179" elapsed="0.193871"/>
</kw>
<kw name="Click Login Button" owner="LoginPage">
<kw name="Click Element" owner="SeleniumLibrary">
<msg time="2026-06-21T21:16:32.399449" level="INFO">Clicking element 'xpath://button[@type='submit']'.</msg>
<arg>${LOGIN_BUTTON}</arg>
<doc>Click the element identified by ``locator``.</doc>
<status status="PASS" start="2026-06-21T21:16:32.398556" elapsed="0.104414"/>
</kw>
<status status="PASS" start="2026-06-21T21:16:32.398556" elapsed="0.104414"/>
</kw>
<arg>${VALID_USER}</arg>
<arg>${VALID_PASSWORD}</arg>
<status status="PASS" start="2026-06-21T21:16:31.928790" elapsed="0.574180"/>
</kw>
<kw name="Alert Should Be Present" owner="SeleniumLibrary">
<msg time="2026-06-21T21:16:32.503506" level="INFO">HANDLE::&lt;class 'datetime.timedelta'&gt;::0:00:10</msg>
<arg>timeout=10s</arg>
<doc>Verifies that an alert is present and by default, accepts it.</doc>
<status status="PASS" start="2026-06-21T21:16:32.503506" elapsed="0.527246"/>
</kw>
<kw name="Wait Until Location Is" owner="SeleniumLibrary">
<msg time="2026-06-21T21:16:48.367873" level="INFO" html="true">&lt;/td&gt;&lt;/tr&gt;&lt;tr&gt;&lt;td colspan="3"&gt;&lt;a href="selenium-screenshot-1.png"&gt;&lt;img src="selenium-screenshot-1.png" width="800px"&gt;&lt;/a&gt;</msg>
<msg time="2026-06-21T21:16:48.368453" level="FAIL">Location did not become 'https://homestaybooking.id.vn/' in 15 seconds.</msg>
<arg>${BASE_URL}/</arg>
<arg>timeout=15s</arg>
<doc>Waits until the current URL is ``expected``.</doc>
<status status="FAIL" start="2026-06-21T21:16:33.030752" elapsed="15.349152">Location did not become 'https://homestaybooking.id.vn/' in 15 seconds.</status>
</kw>
<kw name="Wait Until Element Is Visible" owner="SeleniumLibrary">
<arg>${ACCOUNT_DROPDOWN}</arg>
<arg>15s</arg>
<doc>Waits until the element ``locator`` is visible.</doc>
<status status="NOT RUN" start="2026-06-21T21:16:48.380459" elapsed="0.000000"/>
</kw>
<kw name="Verify User Is Logged In" owner="HomePage">
<status status="NOT RUN" start="2026-06-21T21:16:48.380459" elapsed="0.000000"/>
</kw>
<kw name="Close Application" owner="common_keywords" type="TEARDOWN">
<kw name="Close Browser" owner="SeleniumLibrary">
<doc>Closes the current browser.</doc>
<status status="PASS" start="2026-06-21T21:16:48.382198" elapsed="2.203243"/>
</kw>
<status status="PASS" start="2026-06-21T21:16:48.381007" elapsed="2.205260"/>
</kw>
<doc>Đăng nhập thành công với tài khoản hợp lệ</doc>
<status status="FAIL" start="2026-06-21T21:16:25.462224" elapsed="25.124043">Location did not become 'https://homestaybooking.id.vn/' in 15 seconds.</status>
</test>
<test id="s1-s1-t2" name="TC_02 Login With Empty Fields" line="21">
<kw name="Open Browser To Application" owner="common_keywords" type="SETUP">
<kw name="Evaluate" owner="BuiltIn">
<msg time="2026-06-21T21:16:50.592612" level="INFO">${chrome_options} = &lt;selenium.webdriver.chrome.options.Options object at 0x0000021A26F34F20&gt;</msg>
<var>${chrome_options}</var>
<arg>sys.modules['selenium.webdriver'].ChromeOptions()</arg>
<arg>sys, selenium.webdriver</arg>
<doc>Evaluates the given expression in Python and returns the result.</doc>
<status status="PASS" start="2026-06-21T21:16:50.590880" elapsed="0.001732"/>
</kw>
<kw name="Call Method" owner="BuiltIn">
<arg>${chrome_options}</arg>
<arg>add_argument</arg>
<arg>--headless</arg>
<doc>Calls the named method of the given object with the provided arguments.</doc>
<status status="PASS" start="2026-06-21T21:16:50.593286" elapsed="0.000700"/>
</kw>
<kw name="Call Method" owner="BuiltIn">
<arg>${chrome_options}</arg>
<arg>add_argument</arg>
<arg>--disable-gpu</arg>
<doc>Calls the named method of the given object with the provided arguments.</doc>
<status status="PASS" start="2026-06-21T21:16:50.594713" elapsed="0.000691"/>
</kw>
<kw name="Call Method" owner="BuiltIn">
<arg>${chrome_options}</arg>
<arg>add_argument</arg>
<arg>--window-size\=1920,1080</arg>
<doc>Calls the named method of the given object with the provided arguments.</doc>
<status status="PASS" start="2026-06-21T21:16:50.595404" elapsed="0.000495"/>
</kw>
<kw name="Call Method" owner="BuiltIn">
<arg>${chrome_options}</arg>
<arg>add_argument</arg>
<arg>--ignore-certificate-errors</arg>
<doc>Calls the named method of the given object with the provided arguments.</doc>
<status status="PASS" start="2026-06-21T21:16:50.595899" elapsed="0.000000"/>
</kw>
<kw name="Call Method" owner="BuiltIn">
<arg>${chrome_options}</arg>
<arg>add_argument</arg>
<arg>--allow-insecure-localhost</arg>
<doc>Calls the named method of the given object with the provided arguments.</doc>
<status status="PASS" start="2026-06-21T21:16:50.596769" elapsed="0.000000"/>
</kw>
<kw name="Call Method" owner="BuiltIn">
<arg>${chrome_options}</arg>
<arg>add_argument</arg>
<arg>--no-sandbox</arg>
<doc>Calls the named method of the given object with the provided arguments.</doc>
<status status="PASS" start="2026-06-21T21:16:50.597650" elapsed="0.000000"/>
</kw>
<kw name="Open Browser" owner="SeleniumLibrary">
<msg time="2026-06-21T21:16:50.598516" level="INFO">Opening browser 'chrome' to base url 'https://homestaybooking.id.vn'.</msg>
<arg>${BASE_URL}</arg>
<arg>${BROWSER}</arg>
<arg>options=${chrome_options}</arg>
<doc>Opens a new browser instance to the optional ``url``.</doc>
<status status="PASS" start="2026-06-21T21:16:50.597650" elapsed="3.414810"/>
</kw>
<kw name="Set Window Size" owner="SeleniumLibrary">
<arg>1920</arg>
<arg>1080</arg>
<doc>Sets current windows size to given ``width`` and ``height``.</doc>
<status status="PASS" start="2026-06-21T21:16:54.012460" elapsed="0.012496"/>
</kw>
<status status="PASS" start="2026-06-21T21:16:50.589438" elapsed="3.435518"/>
</kw>
<kw name="Go To Login Page" owner="LoginPage">
<kw name="Go To" owner="SeleniumLibrary">
<msg time="2026-06-21T21:16:54.024956" level="INFO">Opening url 'https://homestaybooking.id.vn/login'</msg>
<arg>${BASE_URL}/login</arg>
<doc>Navigates the current browser window to the provided ``url``.</doc>
<status status="PASS" start="2026-06-21T21:16:54.024956" elapsed="0.648423"/>
</kw>
<kw name="Wait Until Element Is Visible" owner="SeleniumLibrary">
<arg>${EMAIL_INPUT}</arg>
<arg>10s</arg>
<doc>Waits until the element ``locator`` is visible.</doc>
<status status="PASS" start="2026-06-21T21:16:54.673379" elapsed="0.055810"/>
</kw>
<status status="PASS" start="2026-06-21T21:16:54.024956" elapsed="0.704950"/>
</kw>
<kw name="Login With Credentials" owner="LoginPage">
<kw name="Input User Email" owner="LoginPage">
<kw name="Run Keyword If" owner="BuiltIn">
<arg>'${email}' != '${EMPTY}'</arg>
<arg>Input Text</arg>
<arg>${EMAIL_INPUT}</arg>
<arg>${email}</arg>
<doc>Runs the given keyword with the given arguments, if ``condition`` is true.</doc>
<status status="PASS" start="2026-06-21T21:16:54.731475" elapsed="0.000000"/>
</kw>
<arg>${email}</arg>
<status status="PASS" start="2026-06-21T21:16:54.731475" elapsed="0.000000"/>
</kw>
<kw name="Input User Password" owner="LoginPage">
<kw name="Run Keyword If" owner="BuiltIn">
<arg>'${password}' != '${EMPTY}'</arg>
<arg>Input Password</arg>
<arg>${PASSWORD_INPUT}</arg>
<arg>${password}</arg>
<doc>Runs the given keyword with the given arguments, if ``condition`` is true.</doc>
<status status="PASS" start="2026-06-21T21:16:54.731475" elapsed="0.000000"/>
</kw>
<arg>${password}</arg>
<status status="PASS" start="2026-06-21T21:16:54.731475" elapsed="0.000000"/>
</kw>
<kw name="Click Login Button" owner="LoginPage">
<kw name="Click Element" owner="SeleniumLibrary">
<msg time="2026-06-21T21:16:54.731475" level="INFO">Clicking element 'xpath://button[@type='submit']'.</msg>
<arg>${LOGIN_BUTTON}</arg>
<doc>Click the element identified by ``locator``.</doc>
<status status="PASS" start="2026-06-21T21:16:54.731475" elapsed="0.211989"/>
</kw>
<status status="PASS" start="2026-06-21T21:16:54.731475" elapsed="0.211989"/>
</kw>
<arg>${EMPTY}</arg>
<arg>${EMPTY}</arg>
<status status="PASS" start="2026-06-21T21:16:54.729906" elapsed="0.213558"/>
</kw>
<kw name="Verify HTML5 Validation Message" owner="LoginPage">
<kw name="Execute Javascript" owner="SeleniumLibrary">
<msg time="2026-06-21T21:16:54.948117" level="INFO">Executing JavaScript:
return document.getElementById('email').validationMessage;
Without any arguments.</msg>
<msg time="2026-06-21T21:16:54.955661" level="INFO">${validation_msg} = Please fill out this field.</msg>
<var>${validation_msg}</var>
<arg>return document.getElementById('${locator.split(":")[1]}').validationMessage;</arg>
<doc>Executes the given JavaScript code with possible arguments.</doc>
<status status="PASS" start="2026-06-21T21:16:54.943464" elapsed="0.012197"/>
</kw>
<kw name="Should Not Be Empty" owner="BuiltIn">
<msg time="2026-06-21T21:16:54.955661" level="INFO">Length is 27.</msg>
<arg>${validation_msg}</arg>
<doc>Verifies that the given item is not empty.</doc>
<status status="PASS" start="2026-06-21T21:16:54.955661" elapsed="0.000000"/>
</kw>
<arg>id:email</arg>
<status status="PASS" start="2026-06-21T21:16:54.943464" elapsed="0.012197"/>
</kw>
<kw name="Close Application" owner="common_keywords" type="TEARDOWN">
<kw name="Close Browser" owner="SeleniumLibrary">
<doc>Closes the current browser.</doc>
<status status="PASS" start="2026-06-21T21:16:54.967405" elapsed="2.141004"/>
</kw>
<status status="PASS" start="2026-06-21T21:16:54.967405" elapsed="2.141004"/>
</kw>
<doc>Bỏ trống cả Email và Password</doc>
<status status="PASS" start="2026-06-21T21:16:50.587978" elapsed="6.520431"/>
</test>
<test id="s1-s1-t3" name="TC_03 Login With Empty Email" line="27">
<kw name="Open Browser To Application" owner="common_keywords" type="SETUP">
<kw name="Evaluate" owner="BuiltIn">
<msg time="2026-06-21T21:16:57.115796" level="INFO">${chrome_options} = &lt;selenium.webdriver.chrome.options.Options object at 0x0000021A26F8B5C0&gt;</msg>
<var>${chrome_options}</var>
<arg>sys.modules['selenium.webdriver'].ChromeOptions()</arg>
<arg>sys, selenium.webdriver</arg>
<doc>Evaluates the given expression in Python and returns the result.</doc>
<status status="PASS" start="2026-06-21T21:16:57.114356" elapsed="0.001440"/>
</kw>
<kw name="Call Method" owner="BuiltIn">
<arg>${chrome_options}</arg>
<arg>add_argument</arg>
<arg>--headless</arg>
<doc>Calls the named method of the given object with the provided arguments.</doc>
<status status="PASS" start="2026-06-21T21:16:57.116519" elapsed="0.000000"/>
</kw>
<kw name="Call Method" owner="BuiltIn">
<arg>${chrome_options}</arg>
<arg>add_argument</arg>
<arg>--disable-gpu</arg>
<doc>Calls the named method of the given object with the provided arguments.</doc>
<status status="PASS" start="2026-06-21T21:16:57.117603" elapsed="0.000734"/>
</kw>
<kw name="Call Method" owner="BuiltIn">
<arg>${chrome_options}</arg>
<arg>add_argument</arg>
<arg>--window-size\=1920,1080</arg>
<doc>Calls the named method of the given object with the provided arguments.</doc>
<status status="PASS" start="2026-06-21T21:16:57.118337" elapsed="0.000556"/>
</kw>
<kw name="Call Method" owner="BuiltIn">
<arg>${chrome_options}</arg>
<arg>add_argument</arg>
<arg>--ignore-certificate-errors</arg>
<doc>Calls the named method of the given object with the provided arguments.</doc>
<status status="PASS" start="2026-06-21T21:16:57.118893" elapsed="0.000821"/>
</kw>
<kw name="Call Method" owner="BuiltIn">
<arg>${chrome_options}</arg>
<arg>add_argument</arg>
<arg>--allow-insecure-localhost</arg>
<doc>Calls the named method of the given object with the provided arguments.</doc>
<status status="PASS" start="2026-06-21T21:16:57.120275" elapsed="0.000000"/>
</kw>
<kw name="Call Method" owner="BuiltIn">
<arg>${chrome_options}</arg>
<arg>add_argument</arg>
<arg>--no-sandbox</arg>
<doc>Calls the named method of the given object with the provided arguments.</doc>
<status status="PASS" start="2026-06-21T21:16:57.120982" elapsed="0.000000"/>
</kw>
<kw name="Open Browser" owner="SeleniumLibrary">
<msg time="2026-06-21T21:16:57.122853" level="INFO">Opening browser 'chrome' to base url 'https://homestaybooking.id.vn'.</msg>
<arg>${BASE_URL}</arg>
<arg>${BROWSER}</arg>
<arg>options=${chrome_options}</arg>
<doc>Opens a new browser instance to the optional ``url``.</doc>
<status status="PASS" start="2026-06-21T21:16:57.121555" elapsed="2.983856"/>
</kw>
<kw name="Set Window Size" owner="SeleniumLibrary">
<arg>1920</arg>
<arg>1080</arg>
<doc>Sets current windows size to given ``width`` and ``height``.</doc>
<status status="PASS" start="2026-06-21T21:17:00.105411" elapsed="0.017978"/>
</kw>
<status status="PASS" start="2026-06-21T21:16:57.113644" elapsed="3.009745"/>
</kw>
<kw name="Go To Login Page" owner="LoginPage">
<kw name="Go To" owner="SeleniumLibrary">
<msg time="2026-06-21T21:17:00.123389" level="INFO">Opening url 'https://homestaybooking.id.vn/login'</msg>
<arg>${BASE_URL}/login</arg>
<doc>Navigates the current browser window to the provided ``url``.</doc>
<status status="PASS" start="2026-06-21T21:17:00.123389" elapsed="0.601191"/>
</kw>
<kw name="Wait Until Element Is Visible" owner="SeleniumLibrary">
<arg>${EMAIL_INPUT}</arg>
<arg>10s</arg>
<doc>Waits until the element ``locator`` is visible.</doc>
<status status="PASS" start="2026-06-21T21:17:00.724580" elapsed="0.059339"/>
</kw>
<status status="PASS" start="2026-06-21T21:17:00.123389" elapsed="0.660530"/>
</kw>
<kw name="Login With Credentials" owner="LoginPage">
<kw name="Input User Email" owner="LoginPage">
<kw name="Run Keyword If" owner="BuiltIn">
<arg>'${email}' != '${EMPTY}'</arg>
<arg>Input Text</arg>
<arg>${EMAIL_INPUT}</arg>
<arg>${email}</arg>
<doc>Runs the given keyword with the given arguments, if ``condition`` is true.</doc>
<status status="PASS" start="2026-06-21T21:17:00.783919" elapsed="0.000000"/>
</kw>
<arg>${email}</arg>
<status status="PASS" start="2026-06-21T21:17:00.783919" elapsed="0.000000"/>
</kw>
<kw name="Input User Password" owner="LoginPage">
<kw name="Run Keyword If" owner="BuiltIn">
<kw name="Input Password" owner="SeleniumLibrary">
<msg time="2026-06-21T21:17:00.783919" level="INFO">Typing password into text field 'id:password'.</msg>
<msg time="2026-06-21T21:17:00.899976" level="INFO">Temporally setting log level to: NONE</msg>
<arg>${PASSWORD_INPUT}</arg>
<arg>${password}</arg>
<doc>Types the given password into the text field identified by ``locator``.</doc>
<status status="PASS" start="2026-06-21T21:17:00.783919" elapsed="0.269608"/>
</kw>
<arg>'${password}' != '${EMPTY}'</arg>
<arg>Input Password</arg>
<arg>${PASSWORD_INPUT}</arg>
<arg>${password}</arg>
<doc>Runs the given keyword with the given arguments, if ``condition`` is true.</doc>
<status status="PASS" start="2026-06-21T21:17:00.783919" elapsed="0.269608"/>
</kw>
<arg>${password}</arg>
<status status="PASS" start="2026-06-21T21:17:00.783919" elapsed="0.269608"/>
</kw>
<kw name="Click Login Button" owner="LoginPage">
<kw name="Click Element" owner="SeleniumLibrary">
<msg time="2026-06-21T21:17:01.053527" level="INFO">Clicking element 'xpath://button[@type='submit']'.</msg>
<arg>${LOGIN_BUTTON}</arg>
<doc>Click the element identified by ``locator``.</doc>
<status status="PASS" start="2026-06-21T21:17:01.053527" elapsed="0.193619"/>
</kw>
<status status="PASS" start="2026-06-21T21:17:01.053527" elapsed="0.193619"/>
</kw>
<arg>${EMPTY}</arg>
<arg>${VALID_PASSWORD}</arg>
<status status="PASS" start="2026-06-21T21:17:00.783919" elapsed="0.463227"/>
</kw>
<kw name="Verify HTML5 Validation Message" owner="LoginPage">
<kw name="Execute Javascript" owner="SeleniumLibrary">
<msg time="2026-06-21T21:17:01.247146" level="INFO">Executing JavaScript:
return document.getElementById('email').validationMessage;
Without any arguments.</msg>
<msg time="2026-06-21T21:17:01.265368" level="INFO">${validation_msg} = Please fill out this field.</msg>
<var>${validation_msg}</var>
<arg>return document.getElementById('${locator.split(":")[1]}').validationMessage;</arg>
<doc>Executes the given JavaScript code with possible arguments.</doc>
<status status="PASS" start="2026-06-21T21:17:01.247146" elapsed="0.018222"/>
</kw>
<kw name="Should Not Be Empty" owner="BuiltIn">
<msg time="2026-06-21T21:17:01.265368" level="INFO">Length is 27.</msg>
<arg>${validation_msg}</arg>
<doc>Verifies that the given item is not empty.</doc>
<status status="PASS" start="2026-06-21T21:17:01.265368" elapsed="0.000000"/>
</kw>
<arg>id:email</arg>
<status status="PASS" start="2026-06-21T21:17:01.247146" elapsed="0.018222"/>
</kw>
<kw name="Close Application" owner="common_keywords" type="TEARDOWN">
<kw name="Close Browser" owner="SeleniumLibrary">
<doc>Closes the current browser.</doc>
<status status="PASS" start="2026-06-21T21:17:01.265368" elapsed="2.144834"/>
</kw>
<status status="PASS" start="2026-06-21T21:17:01.265368" elapsed="2.144834"/>
</kw>
<doc>Bỏ trống trường Email</doc>
<status status="PASS" start="2026-06-21T21:16:57.111427" elapsed="6.298775"/>
</test>
<test id="s1-s1-t4" name="TC_04 Login With Empty Password" line="33">
<kw name="Open Browser To Application" owner="common_keywords" type="SETUP">
<kw name="Evaluate" owner="BuiltIn">
<msg time="2026-06-21T21:17:03.416735" level="INFO">${chrome_options} = &lt;selenium.webdriver.chrome.options.Options object at 0x0000021A26FA4F80&gt;</msg>
<var>${chrome_options}</var>
<arg>sys.modules['selenium.webdriver'].ChromeOptions()</arg>
<arg>sys, selenium.webdriver</arg>
<doc>Evaluates the given expression in Python and returns the result.</doc>
<status status="PASS" start="2026-06-21T21:17:03.416110" elapsed="0.000625"/>
</kw>
<kw name="Call Method" owner="BuiltIn">
<arg>${chrome_options}</arg>
<arg>add_argument</arg>
<arg>--headless</arg>
<doc>Calls the named method of the given object with the provided arguments.</doc>
<status status="PASS" start="2026-06-21T21:17:03.417413" elapsed="0.000649"/>
</kw>
<kw name="Call Method" owner="BuiltIn">
<arg>${chrome_options}</arg>
<arg>add_argument</arg>
<arg>--disable-gpu</arg>
<doc>Calls the named method of the given object with the provided arguments.</doc>
<status status="PASS" start="2026-06-21T21:17:03.418416" elapsed="0.000688"/>
</kw>
<kw name="Call Method" owner="BuiltIn">
<arg>${chrome_options}</arg>
<arg>add_argument</arg>
<arg>--window-size\=1920,1080</arg>
<doc>Calls the named method of the given object with the provided arguments.</doc>
<status status="PASS" start="2026-06-21T21:17:03.419104" elapsed="0.000621"/>
</kw>
<kw name="Call Method" owner="BuiltIn">
<arg>${chrome_options}</arg>
<arg>add_argument</arg>
<arg>--ignore-certificate-errors</arg>
<doc>Calls the named method of the given object with the provided arguments.</doc>
<status status="PASS" start="2026-06-21T21:17:03.420407" elapsed="0.000000"/>
</kw>
<kw name="Call Method" owner="BuiltIn">
<arg>${chrome_options}</arg>
<arg>add_argument</arg>
<arg>--allow-insecure-localhost</arg>
<doc>Calls the named method of the given object with the provided arguments.</doc>
<status status="PASS" start="2026-06-21T21:17:03.421034" elapsed="0.000338"/>
</kw>
<kw name="Call Method" owner="BuiltIn">
<arg>${chrome_options}</arg>
<arg>add_argument</arg>
<arg>--no-sandbox</arg>
<doc>Calls the named method of the given object with the provided arguments.</doc>
<status status="PASS" start="2026-06-21T21:17:03.421372" elapsed="0.000663"/>
</kw>
<kw name="Open Browser" owner="SeleniumLibrary">
<msg time="2026-06-21T21:17:03.422659" level="INFO">Opening browser 'chrome' to base url 'https://homestaybooking.id.vn'.</msg>
<arg>${BASE_URL}</arg>
<arg>${BROWSER}</arg>
<arg>options=${chrome_options}</arg>
<doc>Opens a new browser instance to the optional ``url``.</doc>
<status status="PASS" start="2026-06-21T21:17:03.422659" elapsed="3.072938"/>
</kw>
<kw name="Set Window Size" owner="SeleniumLibrary">
<arg>1920</arg>
<arg>1080</arg>
<doc>Sets current windows size to given ``width`` and ``height``.</doc>
<status status="PASS" start="2026-06-21T21:17:06.495597" elapsed="0.008426"/>
</kw>
<status status="PASS" start="2026-06-21T21:17:03.414246" elapsed="3.089777"/>
</kw>
<kw name="Go To Login Page" owner="LoginPage">
<kw name="Go To" owner="SeleniumLibrary">
<msg time="2026-06-21T21:17:06.504023" level="INFO">Opening url 'https://homestaybooking.id.vn/login'</msg>
<arg>${BASE_URL}/login</arg>
<doc>Navigates the current browser window to the provided ``url``.</doc>
<status status="PASS" start="2026-06-21T21:17:06.504023" elapsed="0.590076"/>
</kw>
<kw name="Wait Until Element Is Visible" owner="SeleniumLibrary">
<arg>${EMAIL_INPUT}</arg>
<arg>10s</arg>
<doc>Waits until the element ``locator`` is visible.</doc>
<status status="PASS" start="2026-06-21T21:17:07.094099" elapsed="0.055490"/>
</kw>
<status status="PASS" start="2026-06-21T21:17:06.504023" elapsed="0.645566"/>
</kw>
<kw name="Login With Credentials" owner="LoginPage">
<kw name="Input User Email" owner="LoginPage">
<kw name="Run Keyword If" owner="BuiltIn">
<kw name="Input Text" owner="SeleniumLibrary">
<msg time="2026-06-21T21:17:07.149589" level="INFO">Typing text 'customer@gmail.com' into text field 'id:email'.</msg>
<arg>${EMAIL_INPUT}</arg>
<arg>${email}</arg>
<doc>Types the given ``text`` into the text field identified by ``locator``.</doc>
<status status="PASS" start="2026-06-21T21:17:07.149589" elapsed="0.281901"/>
</kw>
<arg>'${email}' != '${EMPTY}'</arg>
<arg>Input Text</arg>
<arg>${EMAIL_INPUT}</arg>
<arg>${email}</arg>
<doc>Runs the given keyword with the given arguments, if ``condition`` is true.</doc>
<status status="PASS" start="2026-06-21T21:17:07.149589" elapsed="0.281901"/>
</kw>
<arg>${email}</arg>
<status status="PASS" start="2026-06-21T21:17:07.149589" elapsed="0.281901"/>
</kw>
<kw name="Input User Password" owner="LoginPage">
<kw name="Run Keyword If" owner="BuiltIn">
<arg>'${password}' != '${EMPTY}'</arg>
<arg>Input Password</arg>
<arg>${PASSWORD_INPUT}</arg>
<arg>${password}</arg>
<doc>Runs the given keyword with the given arguments, if ``condition`` is true.</doc>
<status status="PASS" start="2026-06-21T21:17:07.431490" elapsed="0.000000"/>
</kw>
<arg>${password}</arg>
<status status="PASS" start="2026-06-21T21:17:07.431490" elapsed="0.000000"/>
</kw>
<kw name="Click Login Button" owner="LoginPage">
<kw name="Click Element" owner="SeleniumLibrary">
<msg time="2026-06-21T21:17:07.431490" level="INFO">Clicking element 'xpath://button[@type='submit']'.</msg>
<arg>${LOGIN_BUTTON}</arg>
<doc>Click the element identified by ``locator``.</doc>
<status status="PASS" start="2026-06-21T21:17:07.431490" elapsed="0.230575"/>
</kw>
<status status="PASS" start="2026-06-21T21:17:07.431490" elapsed="0.230575"/>
</kw>
<arg>${VALID_USER}</arg>
<arg>${EMPTY}</arg>
<status status="PASS" start="2026-06-21T21:17:07.149589" elapsed="0.513531"/>
</kw>
<kw name="Verify HTML5 Validation Message" owner="LoginPage">
<kw name="Execute Javascript" owner="SeleniumLibrary">
<msg time="2026-06-21T21:17:07.663120" level="INFO">Executing JavaScript:
return document.getElementById('password').validationMessage;
Without any arguments.</msg>
<msg time="2026-06-21T21:17:07.678622" level="INFO">${validation_msg} = Please fill out this field.</msg>
<var>${validation_msg}</var>
<arg>return document.getElementById('${locator.split(":")[1]}').validationMessage;</arg>
<doc>Executes the given JavaScript code with possible arguments.</doc>
<status status="PASS" start="2026-06-21T21:17:07.663120" elapsed="0.015502"/>
</kw>
<kw name="Should Not Be Empty" owner="BuiltIn">
<msg time="2026-06-21T21:17:07.678622" level="INFO">Length is 27.</msg>
<arg>${validation_msg}</arg>
<doc>Verifies that the given item is not empty.</doc>
<status status="PASS" start="2026-06-21T21:17:07.678622" elapsed="0.000000"/>
</kw>
<arg>id:password</arg>
<status status="PASS" start="2026-06-21T21:17:07.663120" elapsed="0.015502"/>
</kw>
<kw name="Close Application" owner="common_keywords" type="TEARDOWN">
<kw name="Close Browser" owner="SeleniumLibrary">
<doc>Closes the current browser.</doc>
<status status="PASS" start="2026-06-21T21:17:07.679578" elapsed="2.124642"/>
</kw>
<status status="PASS" start="2026-06-21T21:17:07.678622" elapsed="2.125598"/>
</kw>
<doc>Bỏ trống trường Password</doc>
<status status="PASS" start="2026-06-21T21:17:03.412947" elapsed="6.391273"/>
</test>
<test id="s1-s1-t5" name="TC_05 Login With Unregistered Email" line="39">
<kw name="Open Browser To Application" owner="common_keywords" type="SETUP">
<kw name="Evaluate" owner="BuiltIn">
<msg time="2026-06-21T21:17:09.811652" level="INFO">${chrome_options} = &lt;selenium.webdriver.chrome.options.Options object at 0x0000021A26FA5BE0&gt;</msg>
<var>${chrome_options}</var>
<arg>sys.modules['selenium.webdriver'].ChromeOptions()</arg>
<arg>sys, selenium.webdriver</arg>
<doc>Evaluates the given expression in Python and returns the result.</doc>
<status status="PASS" start="2026-06-21T21:17:09.810624" elapsed="0.001028"/>
</kw>
<kw name="Call Method" owner="BuiltIn">
<arg>${chrome_options}</arg>
<arg>add_argument</arg>
<arg>--headless</arg>
<doc>Calls the named method of the given object with the provided arguments.</doc>
<status status="PASS" start="2026-06-21T21:17:09.812365" elapsed="0.000000"/>
</kw>
<kw name="Call Method" owner="BuiltIn">
<arg>${chrome_options}</arg>
<arg>add_argument</arg>
<arg>--disable-gpu</arg>
<doc>Calls the named method of the given object with the provided arguments.</doc>
<status status="PASS" start="2026-06-21T21:17:09.813202" elapsed="0.000000"/>
</kw>
<kw name="Call Method" owner="BuiltIn">
<arg>${chrome_options}</arg>
<arg>add_argument</arg>
<arg>--window-size\=1920,1080</arg>
<doc>Calls the named method of the given object with the provided arguments.</doc>
<status status="PASS" start="2026-06-21T21:17:09.813953" elapsed="0.000734"/>
</kw>
<kw name="Call Method" owner="BuiltIn">
<arg>${chrome_options}</arg>
<arg>add_argument</arg>
<arg>--ignore-certificate-errors</arg>
<doc>Calls the named method of the given object with the provided arguments.</doc>
<status status="PASS" start="2026-06-21T21:17:09.814687" elapsed="0.000000"/>
</kw>
<kw name="Call Method" owner="BuiltIn">
<arg>${chrome_options}</arg>
<arg>add_argument</arg>
<arg>--allow-insecure-localhost</arg>
<doc>Calls the named method of the given object with the provided arguments.</doc>
<status status="PASS" start="2026-06-21T21:17:09.815474" elapsed="0.000000"/>
</kw>
<kw name="Call Method" owner="BuiltIn">
<arg>${chrome_options}</arg>
<arg>add_argument</arg>
<arg>--no-sandbox</arg>
<doc>Calls the named method of the given object with the provided arguments.</doc>
<status status="PASS" start="2026-06-21T21:17:09.816678" elapsed="0.000634"/>
</kw>
<kw name="Open Browser" owner="SeleniumLibrary">
<msg time="2026-06-21T21:17:09.817932" level="INFO">Opening browser 'chrome' to base url 'https://homestaybooking.id.vn'.</msg>
<arg>${BASE_URL}</arg>
<arg>${BROWSER}</arg>
<arg>options=${chrome_options}</arg>
<doc>Opens a new browser instance to the optional ``url``.</doc>
<status status="PASS" start="2026-06-21T21:17:09.817625" elapsed="2.984670"/>
</kw>
<kw name="Set Window Size" owner="SeleniumLibrary">
<arg>1920</arg>
<arg>1080</arg>
<doc>Sets current windows size to given ``width`` and ``height``.</doc>
<status status="PASS" start="2026-06-21T21:17:12.802295" elapsed="0.014587"/>
</kw>
<status status="PASS" start="2026-06-21T21:17:09.809440" elapsed="3.007442"/>
</kw>
<kw name="Go To Login Page" owner="LoginPage">
<kw name="Go To" owner="SeleniumLibrary">
<msg time="2026-06-21T21:17:12.823375" level="INFO">Opening url 'https://homestaybooking.id.vn/login'</msg>
<arg>${BASE_URL}/login</arg>
<doc>Navigates the current browser window to the provided ``url``.</doc>
<status status="PASS" start="2026-06-21T21:17:12.823375" elapsed="0.618967"/>
</kw>
<kw name="Wait Until Element Is Visible" owner="SeleniumLibrary">
<arg>${EMAIL_INPUT}</arg>
<arg>10s</arg>
<doc>Waits until the element ``locator`` is visible.</doc>
<status status="PASS" start="2026-06-21T21:17:13.442342" elapsed="0.052372"/>
</kw>
<status status="PASS" start="2026-06-21T21:17:12.816882" elapsed="0.679847"/>
</kw>
<kw name="Login With Credentials" owner="LoginPage">
<kw name="Input User Email" owner="LoginPage">
<kw name="Run Keyword If" owner="BuiltIn">
<kw name="Input Text" owner="SeleniumLibrary">
<msg time="2026-06-21T21:17:13.496729" level="INFO">Typing text 'unregistered_email123@gmail.com' into text field 'id:email'.</msg>
<arg>${EMAIL_INPUT}</arg>
<arg>${email}</arg>
<doc>Types the given ``text`` into the text field identified by ``locator``.</doc>
<status status="PASS" start="2026-06-21T21:17:13.496729" elapsed="0.288907"/>
</kw>
<arg>'${email}' != '${EMPTY}'</arg>
<arg>Input Text</arg>
<arg>${EMAIL_INPUT}</arg>
<arg>${email}</arg>
<doc>Runs the given keyword with the given arguments, if ``condition`` is true.</doc>
<status status="PASS" start="2026-06-21T21:17:13.496729" elapsed="0.288907"/>
</kw>
<arg>${email}</arg>
<status status="PASS" start="2026-06-21T21:17:13.496729" elapsed="0.288907"/>
</kw>
<kw name="Input User Password" owner="LoginPage">
<kw name="Run Keyword If" owner="BuiltIn">
<kw name="Input Password" owner="SeleniumLibrary">
<msg time="2026-06-21T21:17:13.787687" level="INFO">Typing password into text field 'id:password'.</msg>
<msg time="2026-06-21T21:17:13.886288" level="INFO">Temporally setting log level to: NONE</msg>
<arg>${PASSWORD_INPUT}</arg>
<arg>${password}</arg>
<doc>Types the given password into the text field identified by ``locator``.</doc>
<status status="PASS" start="2026-06-21T21:17:13.787687" elapsed="0.248390"/>
</kw>
<arg>'${password}' != '${EMPTY}'</arg>
<arg>Input Password</arg>
<arg>${PASSWORD_INPUT}</arg>
<arg>${password}</arg>
<doc>Runs the given keyword with the given arguments, if ``condition`` is true.</doc>
<status status="PASS" start="2026-06-21T21:17:13.787687" elapsed="0.248390"/>
</kw>
<arg>${password}</arg>
<status status="PASS" start="2026-06-21T21:17:13.785636" elapsed="0.250441"/>
</kw>
<kw name="Click Login Button" owner="LoginPage">
<kw name="Click Element" owner="SeleniumLibrary">
<msg time="2026-06-21T21:17:14.036077" level="INFO">Clicking element 'xpath://button[@type='submit']'.</msg>
<arg>${LOGIN_BUTTON}</arg>
<doc>Click the element identified by ``locator``.</doc>
<status status="PASS" start="2026-06-21T21:17:14.036077" elapsed="0.195277"/>
</kw>
<status status="PASS" start="2026-06-21T21:17:14.036077" elapsed="0.195277"/>
</kw>
<arg>unregistered_email123@gmail.com</arg>
<arg>password123</arg>
<status status="PASS" start="2026-06-21T21:17:13.496729" elapsed="0.734625"/>
</kw>
<kw name="Verify Error Message Displayed" owner="LoginPage">
<kw name="Alert Should Be Present" owner="SeleniumLibrary">
<msg time="2026-06-21T21:17:14.236309" level="INFO">HANDLE::&lt;class 'datetime.timedelta'&gt;::0:00:10</msg>
<arg>timeout=10s</arg>
<doc>Verifies that an alert is present and by default, accepts it.</doc>
<status status="PASS" start="2026-06-21T21:17:14.236309" elapsed="0.528863"/>
</kw>
<status status="PASS" start="2026-06-21T21:17:14.231354" elapsed="0.533818"/>
</kw>
<kw name="Close Application" owner="common_keywords" type="TEARDOWN">
<kw name="Close Browser" owner="SeleniumLibrary">
<doc>Closes the current browser.</doc>
<status status="PASS" start="2026-06-21T21:17:14.767189" elapsed="2.119417"/>
</kw>
<status status="PASS" start="2026-06-21T21:17:14.765172" elapsed="2.121434"/>
</kw>
<doc>Nhập Email chưa đăng ký trong hệ thống</doc>
<status status="PASS" start="2026-06-21T21:17:09.807398" elapsed="7.079208"/>
</test>
<test id="s1-s1-t6" name="TC_06 Login With Wrong Password" line="45">
<kw name="Open Browser To Application" owner="common_keywords" type="SETUP">
<kw name="Evaluate" owner="BuiltIn">
<msg time="2026-06-21T21:17:16.888650" level="INFO">${chrome_options} = &lt;selenium.webdriver.chrome.options.Options object at 0x0000021A26FA5DF0&gt;</msg>
<var>${chrome_options}</var>
<arg>sys.modules['selenium.webdriver'].ChromeOptions()</arg>
<arg>sys, selenium.webdriver</arg>
<doc>Evaluates the given expression in Python and returns the result.</doc>
<status status="PASS" start="2026-06-21T21:17:16.888650" elapsed="0.000000"/>
</kw>
<kw name="Call Method" owner="BuiltIn">
<arg>${chrome_options}</arg>
<arg>add_argument</arg>
<arg>--headless</arg>
<doc>Calls the named method of the given object with the provided arguments.</doc>
<status status="PASS" start="2026-06-21T21:17:16.888650" elapsed="0.000000"/>
</kw>
<kw name="Call Method" owner="BuiltIn">
<arg>${chrome_options}</arg>
<arg>add_argument</arg>
<arg>--disable-gpu</arg>
<doc>Calls the named method of the given object with the provided arguments.</doc>
<status status="PASS" start="2026-06-21T21:17:16.888650" elapsed="0.001042"/>
</kw>
<kw name="Call Method" owner="BuiltIn">
<arg>${chrome_options}</arg>
<arg>add_argument</arg>
<arg>--window-size\=1920,1080</arg>
<doc>Calls the named method of the given object with the provided arguments.</doc>
<status status="PASS" start="2026-06-21T21:17:16.889692" elapsed="0.000000"/>
</kw>
<kw name="Call Method" owner="BuiltIn">
<arg>${chrome_options}</arg>
<arg>add_argument</arg>
<arg>--ignore-certificate-errors</arg>
<doc>Calls the named method of the given object with the provided arguments.</doc>
<status status="PASS" start="2026-06-21T21:17:16.889692" elapsed="0.000000"/>
</kw>
<kw name="Call Method" owner="BuiltIn">
<arg>${chrome_options}</arg>
<arg>add_argument</arg>
<arg>--allow-insecure-localhost</arg>
<doc>Calls the named method of the given object with the provided arguments.</doc>
<status status="PASS" start="2026-06-21T21:17:16.889692" elapsed="0.000000"/>
</kw>
<kw name="Call Method" owner="BuiltIn">
<arg>${chrome_options}</arg>
<arg>add_argument</arg>
<arg>--no-sandbox</arg>
<doc>Calls the named method of the given object with the provided arguments.</doc>
<status status="PASS" start="2026-06-21T21:17:16.889692" elapsed="0.000000"/>
</kw>
<kw name="Open Browser" owner="SeleniumLibrary">
<msg time="2026-06-21T21:17:16.889692" level="INFO">Opening browser 'chrome' to base url 'https://homestaybooking.id.vn'.</msg>
<arg>${BASE_URL}</arg>
<arg>${BROWSER}</arg>
<arg>options=${chrome_options}</arg>
<doc>Opens a new browser instance to the optional ``url``.</doc>
<status status="PASS" start="2026-06-21T21:17:16.889692" elapsed="3.097774"/>
</kw>
<kw name="Set Window Size" owner="SeleniumLibrary">
<arg>1920</arg>
<arg>1080</arg>
<doc>Sets current windows size to given ``width`` and ``height``.</doc>
<status status="PASS" start="2026-06-21T21:17:19.987466" elapsed="0.014026"/>
</kw>
<status status="PASS" start="2026-06-21T21:17:16.888650" elapsed="3.112842"/>
</kw>
<kw name="Go To Login Page" owner="LoginPage">
<kw name="Go To" owner="SeleniumLibrary">
<msg time="2026-06-21T21:17:20.004225" level="INFO">Opening url 'https://homestaybooking.id.vn/login'</msg>
<arg>${BASE_URL}/login</arg>
<doc>Navigates the current browser window to the provided ``url``.</doc>
<status status="PASS" start="2026-06-21T21:17:20.004225" elapsed="0.604588"/>
</kw>
<kw name="Wait Until Element Is Visible" owner="SeleniumLibrary">
<arg>${EMAIL_INPUT}</arg>
<arg>10s</arg>
<doc>Waits until the element ``locator`` is visible.</doc>
<status status="PASS" start="2026-06-21T21:17:20.609375" elapsed="0.049647"/>
</kw>
<status status="PASS" start="2026-06-21T21:17:20.004225" elapsed="0.654797"/>
</kw>
<kw name="Login With Credentials" owner="LoginPage">
<kw name="Input User Email" owner="LoginPage">
<kw name="Run Keyword If" owner="BuiltIn">
<kw name="Input Text" owner="SeleniumLibrary">
<msg time="2026-06-21T21:17:20.659022" level="INFO">Typing text 'customer@gmail.com' into text field 'id:email'.</msg>
<arg>${EMAIL_INPUT}</arg>
<arg>${email}</arg>
<doc>Types the given ``text`` into the text field identified by ``locator``.</doc>
<status status="PASS" start="2026-06-21T21:17:20.659022" elapsed="0.282092"/>
</kw>
<arg>'${email}' != '${EMPTY}'</arg>
<arg>Input Text</arg>
<arg>${EMAIL_INPUT}</arg>
<arg>${email}</arg>
<doc>Runs the given keyword with the given arguments, if ``condition`` is true.</doc>
<status status="PASS" start="2026-06-21T21:17:20.659022" elapsed="0.282607"/>
</kw>
<arg>${email}</arg>
<status status="PASS" start="2026-06-21T21:17:20.659022" elapsed="0.282607"/>
</kw>
<kw name="Input User Password" owner="LoginPage">
<kw name="Run Keyword If" owner="BuiltIn">
<kw name="Input Password" owner="SeleniumLibrary">
<msg time="2026-06-21T21:17:20.942834" level="INFO">Typing password into text field 'id:password'.</msg>
<msg time="2026-06-21T21:17:21.037405" level="INFO">Temporally setting log level to: NONE</msg>
<arg>${PASSWORD_INPUT}</arg>
<arg>${password}</arg>
<doc>Types the given password into the text field identified by ``locator``.</doc>
<status status="PASS" start="2026-06-21T21:17:20.942834" elapsed="0.259333"/>
</kw>
<arg>'${password}' != '${EMPTY}'</arg>
<arg>Input Password</arg>
<arg>${PASSWORD_INPUT}</arg>
<arg>${password}</arg>
<doc>Runs the given keyword with the given arguments, if ``condition`` is true.</doc>
<status status="PASS" start="2026-06-21T21:17:20.941629" elapsed="0.260538"/>
</kw>
<arg>${password}</arg>
<status status="PASS" start="2026-06-21T21:17:20.941629" elapsed="0.260538"/>
</kw>
<kw name="Click Login Button" owner="LoginPage">
<kw name="Click Element" owner="SeleniumLibrary">
<msg time="2026-06-21T21:17:21.205490" level="INFO">Clicking element 'xpath://button[@type='submit']'.</msg>
<arg>${LOGIN_BUTTON}</arg>
<doc>Click the element identified by ``locator``.</doc>
<status status="PASS" start="2026-06-21T21:17:21.202167" elapsed="0.199621"/>
</kw>
<status status="PASS" start="2026-06-21T21:17:21.202167" elapsed="0.199621"/>
</kw>
<arg>${VALID_USER}</arg>
<arg>wrongpassword</arg>
<status status="PASS" start="2026-06-21T21:17:20.659022" elapsed="0.742766"/>
</kw>
<kw name="Verify Error Message Displayed" owner="LoginPage">
<kw name="Alert Should Be Present" owner="SeleniumLibrary">
<msg time="2026-06-21T21:17:21.401788" level="INFO">HANDLE::&lt;class 'datetime.timedelta'&gt;::0:00:10</msg>
<arg>timeout=10s</arg>
<doc>Verifies that an alert is present and by default, accepts it.</doc>
<status status="PASS" start="2026-06-21T21:17:21.401788" elapsed="0.530278"/>
</kw>
<status status="PASS" start="2026-06-21T21:17:21.401788" elapsed="0.530278"/>
</kw>
<kw name="Close Application" owner="common_keywords" type="TEARDOWN">
<kw name="Close Browser" owner="SeleniumLibrary">
<doc>Closes the current browser.</doc>
<status status="PASS" start="2026-06-21T21:17:21.932066" elapsed="2.123489"/>
</kw>
<status status="PASS" start="2026-06-21T21:17:21.932066" elapsed="2.123489"/>
</kw>
<doc>Đăng nhập thất bại do sai mật khẩu</doc>
<status status="PASS" start="2026-06-21T21:17:16.886606" elapsed="7.168949"/>
</test>
<test id="s1-s1-t7" name="TC_07 Login With Invalid Email Format" line="51">
<kw name="Open Browser To Application" owner="common_keywords" type="SETUP">
<kw name="Evaluate" owner="BuiltIn">
<msg time="2026-06-21T21:17:24.059537" level="INFO">${chrome_options} = &lt;selenium.webdriver.chrome.options.Options object at 0x0000021A26FA5D30&gt;</msg>
<var>${chrome_options}</var>
<arg>sys.modules['selenium.webdriver'].ChromeOptions()</arg>
<arg>sys, selenium.webdriver</arg>
<doc>Evaluates the given expression in Python and returns the result.</doc>
<status status="PASS" start="2026-06-21T21:17:24.059537" elapsed="0.000000"/>
</kw>
<kw name="Call Method" owner="BuiltIn">
<arg>${chrome_options}</arg>
<arg>add_argument</arg>
<arg>--headless</arg>
<doc>Calls the named method of the given object with the provided arguments.</doc>
<status status="PASS" start="2026-06-21T21:17:24.059537" elapsed="0.000000"/>
</kw>
<kw name="Call Method" owner="BuiltIn">
<arg>${chrome_options}</arg>
<arg>add_argument</arg>
<arg>--disable-gpu</arg>
<doc>Calls the named method of the given object with the provided arguments.</doc>
<status status="PASS" start="2026-06-21T21:17:24.059537" elapsed="0.000000"/>
</kw>
<kw name="Call Method" owner="BuiltIn">
<arg>${chrome_options}</arg>
<arg>add_argument</arg>
<arg>--window-size\=1920,1080</arg>
<doc>Calls the named method of the given object with the provided arguments.</doc>
<status status="PASS" start="2026-06-21T21:17:24.059537" elapsed="0.006099"/>
</kw>
<kw name="Call Method" owner="BuiltIn">
<arg>${chrome_options}</arg>
<arg>add_argument</arg>
<arg>--ignore-certificate-errors</arg>
<doc>Calls the named method of the given object with the provided arguments.</doc>
<status status="PASS" start="2026-06-21T21:17:24.066355" elapsed="0.000000"/>
</kw>
<kw name="Call Method" owner="BuiltIn">
<arg>${chrome_options}</arg>
<arg>add_argument</arg>
<arg>--allow-insecure-localhost</arg>
<doc>Calls the named method of the given object with the provided arguments.</doc>
<status status="PASS" start="2026-06-21T21:17:24.066355" elapsed="0.000000"/>
</kw>
<kw name="Call Method" owner="BuiltIn">
<arg>${chrome_options}</arg>
<arg>add_argument</arg>
<arg>--no-sandbox</arg>
<doc>Calls the named method of the given object with the provided arguments.</doc>
<status status="PASS" start="2026-06-21T21:17:24.066355" elapsed="0.000000"/>
</kw>
<kw name="Open Browser" owner="SeleniumLibrary">
<msg time="2026-06-21T21:17:24.066355" level="INFO">Opening browser 'chrome' to base url 'https://homestaybooking.id.vn'.</msg>
<arg>${BASE_URL}</arg>
<arg>${BROWSER}</arg>
<arg>options=${chrome_options}</arg>
<doc>Opens a new browser instance to the optional ``url``.</doc>
<status status="PASS" start="2026-06-21T21:17:24.066355" elapsed="3.182137"/>
</kw>
<kw name="Set Window Size" owner="SeleniumLibrary">
<arg>1920</arg>
<arg>1080</arg>
<doc>Sets current windows size to given ``width`` and ``height``.</doc>
<status status="PASS" start="2026-06-21T21:17:27.252270" elapsed="0.012527"/>
</kw>
<status status="PASS" start="2026-06-21T21:17:24.059537" elapsed="3.205260"/>
</kw>
<kw name="Go To Login Page" owner="LoginPage">
<kw name="Go To" owner="SeleniumLibrary">
<msg time="2026-06-21T21:17:27.264797" level="INFO">Opening url 'https://homestaybooking.id.vn/login'</msg>
<arg>${BASE_URL}/login</arg>
<doc>Navigates the current browser window to the provided ``url``.</doc>
<status status="PASS" start="2026-06-21T21:17:27.264797" elapsed="0.759525"/>
</kw>
<kw name="Wait Until Element Is Visible" owner="SeleniumLibrary">
<arg>${EMAIL_INPUT}</arg>
<arg>10s</arg>
<doc>Waits until the element ``locator`` is visible.</doc>
<status status="PASS" start="2026-06-21T21:17:28.024322" elapsed="0.051030"/>
</kw>
<status status="PASS" start="2026-06-21T21:17:27.264797" elapsed="0.810555"/>
</kw>
<kw name="Login With Credentials" owner="LoginPage">
<kw name="Input User Email" owner="LoginPage">
<kw name="Run Keyword If" owner="BuiltIn">
<kw name="Input Text" owner="SeleniumLibrary">
<msg time="2026-06-21T21:17:28.077450" level="INFO">Typing text 'invalid_email_format' into text field 'id:email'.</msg>
<arg>${EMAIL_INPUT}</arg>
<arg>${email}</arg>
<doc>Types the given ``text`` into the text field identified by ``locator``.</doc>
<status status="PASS" start="2026-06-21T21:17:28.077450" elapsed="0.278754"/>
</kw>
<arg>'${email}' != '${EMPTY}'</arg>
<arg>Input Text</arg>
<arg>${EMAIL_INPUT}</arg>
<arg>${email}</arg>
<doc>Runs the given keyword with the given arguments, if ``condition`` is true.</doc>
<status status="PASS" start="2026-06-21T21:17:28.075352" elapsed="0.280852"/>
</kw>
<arg>${email}</arg>
<status status="PASS" start="2026-06-21T21:17:28.075352" elapsed="0.280852"/>
</kw>
<kw name="Input User Password" owner="LoginPage">
<kw name="Run Keyword If" owner="BuiltIn">
<kw name="Input Password" owner="SeleniumLibrary">
<msg time="2026-06-21T21:17:28.356204" level="INFO">Typing password into text field 'id:password'.</msg>
<msg time="2026-06-21T21:17:28.452988" level="INFO">Temporally setting log level to: NONE</msg>
<arg>${PASSWORD_INPUT}</arg>
<arg>${password}</arg>
<doc>Types the given password into the text field identified by ``locator``.</doc>
<status status="PASS" start="2026-06-21T21:17:28.356204" elapsed="0.241564"/>
</kw>
<arg>'${password}' != '${EMPTY}'</arg>
<arg>Input Password</arg>
<arg>${PASSWORD_INPUT}</arg>
<arg>${password}</arg>
<doc>Runs the given keyword with the given arguments, if ``condition`` is true.</doc>
<status status="PASS" start="2026-06-21T21:17:28.356204" elapsed="0.241564"/>
</kw>
<arg>${password}</arg>
<status status="PASS" start="2026-06-21T21:17:28.356204" elapsed="0.241564"/>
</kw>
<kw name="Click Login Button" owner="LoginPage">
<kw name="Click Element" owner="SeleniumLibrary">
<msg time="2026-06-21T21:17:28.597768" level="INFO">Clicking element 'xpath://button[@type='submit']'.</msg>
<arg>${LOGIN_BUTTON}</arg>
<doc>Click the element identified by ``locator``.</doc>
<status status="PASS" start="2026-06-21T21:17:28.597768" elapsed="0.191464"/>
</kw>
<status status="PASS" start="2026-06-21T21:17:28.597768" elapsed="0.191464"/>
</kw>
<arg>invalid_email_format</arg>
<arg>${VALID_PASSWORD}</arg>
<status status="PASS" start="2026-06-21T21:17:28.075352" elapsed="0.713880"/>
</kw>
<kw name="Verify HTML5 Validation Message" owner="LoginPage">
<kw name="Execute Javascript" owner="SeleniumLibrary">
<msg time="2026-06-21T21:17:28.791082" level="INFO">Executing JavaScript:
return document.getElementById('email').validationMessage;
Without any arguments.</msg>
<msg time="2026-06-21T21:17:28.803271" level="INFO">${validation_msg} = Please include an '@' in the email address. 'invalid_email_format' is missing an '@'.</msg>
<var>${validation_msg}</var>
<arg>return document.getElementById('${locator.split(":")[1]}').validationMessage;</arg>
<doc>Executes the given JavaScript code with possible arguments.</doc>
<status status="PASS" start="2026-06-21T21:17:28.789232" elapsed="0.014039"/>
</kw>
<kw name="Should Not Be Empty" owner="BuiltIn">
<msg time="2026-06-21T21:17:28.803271" level="INFO">Length is 85.</msg>
<arg>${validation_msg}</arg>
<doc>Verifies that the given item is not empty.</doc>
<status status="PASS" start="2026-06-21T21:17:28.803271" elapsed="0.000000"/>
</kw>
<arg>id:email</arg>
<status status="PASS" start="2026-06-21T21:17:28.789232" elapsed="0.014039"/>
</kw>
<kw name="Close Application" owner="common_keywords" type="TEARDOWN">
<kw name="Close Browser" owner="SeleniumLibrary">
<doc>Closes the current browser.</doc>
<status status="PASS" start="2026-06-21T21:17:28.805277" elapsed="2.163609"/>
</kw>
<status status="PASS" start="2026-06-21T21:17:28.805277" elapsed="2.164933"/>
</kw>
<doc>Nhập Email sai định dạng</doc>
<status status="PASS" start="2026-06-21T21:17:24.055555" elapsed="6.914655"/>
</test>
<test id="s1-s1-t8" name="TC_08 Login With Short Password" line="57">
<kw name="Open Browser To Application" owner="common_keywords" type="SETUP">
<kw name="Evaluate" owner="BuiltIn">
<msg time="2026-06-21T21:17:30.971871" level="INFO">${chrome_options} = &lt;selenium.webdriver.chrome.options.Options object at 0x0000021A26FB5760&gt;</msg>
<var>${chrome_options}</var>
<arg>sys.modules['selenium.webdriver'].ChromeOptions()</arg>
<arg>sys, selenium.webdriver</arg>
<doc>Evaluates the given expression in Python and returns the result.</doc>
<status status="PASS" start="2026-06-21T21:17:30.971871" elapsed="0.000560"/>
</kw>
<kw name="Call Method" owner="BuiltIn">
<arg>${chrome_options}</arg>
<arg>add_argument</arg>
<arg>--headless</arg>
<doc>Calls the named method of the given object with the provided arguments.</doc>
<status status="PASS" start="2026-06-21T21:17:30.972431" elapsed="0.000563"/>
</kw>
<kw name="Call Method" owner="BuiltIn">
<arg>${chrome_options}</arg>
<arg>add_argument</arg>
<arg>--disable-gpu</arg>
<doc>Calls the named method of the given object with the provided arguments.</doc>
<status status="PASS" start="2026-06-21T21:17:30.972994" elapsed="0.000000"/>
</kw>
<kw name="Call Method" owner="BuiltIn">
<arg>${chrome_options}</arg>
<arg>add_argument</arg>
<arg>--window-size\=1920,1080</arg>
<doc>Calls the named method of the given object with the provided arguments.</doc>
<status status="PASS" start="2026-06-21T21:17:30.973531" elapsed="0.000000"/>
</kw>
<kw name="Call Method" owner="BuiltIn">
<arg>${chrome_options}</arg>
<arg>add_argument</arg>
<arg>--ignore-certificate-errors</arg>
<doc>Calls the named method of the given object with the provided arguments.</doc>
<status status="PASS" start="2026-06-21T21:17:30.973531" elapsed="0.000000"/>
</kw>
<kw name="Call Method" owner="BuiltIn">
<arg>${chrome_options}</arg>
<arg>add_argument</arg>
<arg>--allow-insecure-localhost</arg>
<doc>Calls the named method of the given object with the provided arguments.</doc>
<status status="PASS" start="2026-06-21T21:17:30.973531" elapsed="0.000618"/>
</kw>
<kw name="Call Method" owner="BuiltIn">
<arg>${chrome_options}</arg>
<arg>add_argument</arg>
<arg>--no-sandbox</arg>
<doc>Calls the named method of the given object with the provided arguments.</doc>
<status status="PASS" start="2026-06-21T21:17:30.974149" elapsed="0.000000"/>
</kw>
<kw name="Open Browser" owner="SeleniumLibrary">
<msg time="2026-06-21T21:17:30.974758" level="INFO">Opening browser 'chrome' to base url 'https://homestaybooking.id.vn'.</msg>
<arg>${BASE_URL}</arg>
<arg>${BROWSER}</arg>
<arg>options=${chrome_options}</arg>
<doc>Opens a new browser instance to the optional ``url``.</doc>
<status status="PASS" start="2026-06-21T21:17:30.974149" elapsed="3.102621"/>
</kw>
<kw name="Set Window Size" owner="SeleniumLibrary">
<arg>1920</arg>
<arg>1080</arg>
<doc>Sets current windows size to given ``width`` and ``height``.</doc>
<status status="PASS" start="2026-06-21T21:17:34.077319" elapsed="0.011485"/>
</kw>
<status status="PASS" start="2026-06-21T21:17:30.971216" elapsed="3.117588"/>
</kw>
<kw name="Go To Login Page" owner="LoginPage">
<kw name="Go To" owner="SeleniumLibrary">
<msg time="2026-06-21T21:17:34.092518" level="INFO">Opening url 'https://homestaybooking.id.vn/login'</msg>
<arg>${BASE_URL}/login</arg>
<doc>Navigates the current browser window to the provided ``url``.</doc>
<status status="PASS" start="2026-06-21T21:17:34.091853" elapsed="0.645943"/>
</kw>
<kw name="Wait Until Element Is Visible" owner="SeleniumLibrary">
<arg>${EMAIL_INPUT}</arg>
<arg>10s</arg>
<doc>Waits until the element ``locator`` is visible.</doc>
<status status="PASS" start="2026-06-21T21:17:34.737796" elapsed="0.054769"/>
</kw>
<status status="PASS" start="2026-06-21T21:17:34.088804" elapsed="0.703761"/>
</kw>
<kw name="Login With Credentials" owner="LoginPage">
<kw name="Input User Email" owner="LoginPage">
<kw name="Run Keyword If" owner="BuiltIn">
<kw name="Input Text" owner="SeleniumLibrary">
<msg time="2026-06-21T21:17:34.792565" level="INFO">Typing text 'customer@gmail.com' into text field 'id:email'.</msg>
<arg>${EMAIL_INPUT}</arg>
<arg>${email}</arg>
<doc>Types the given ``text`` into the text field identified by ``locator``.</doc>
<status status="PASS" start="2026-06-21T21:17:34.792565" elapsed="0.311264"/>
</kw>
<arg>'${email}' != '${EMPTY}'</arg>
<arg>Input Text</arg>
<arg>${EMAIL_INPUT}</arg>
<arg>${email}</arg>
<doc>Runs the given keyword with the given arguments, if ``condition`` is true.</doc>
<status status="PASS" start="2026-06-21T21:17:34.792565" elapsed="0.311264"/>
</kw>
<arg>${email}</arg>
<status status="PASS" start="2026-06-21T21:17:34.792565" elapsed="0.311264"/>
</kw>
<kw name="Input User Password" owner="LoginPage">
<kw name="Run Keyword If" owner="BuiltIn">
<kw name="Input Password" owner="SeleniumLibrary">
<msg time="2026-06-21T21:17:35.107667" level="INFO">Typing password into text field 'id:password'.</msg>
<msg time="2026-06-21T21:17:35.210267" level="INFO">Temporally setting log level to: NONE</msg>
<arg>${PASSWORD_INPUT}</arg>
<arg>${password}</arg>
<doc>Types the given password into the text field identified by ``locator``.</doc>
<status status="PASS" start="2026-06-21T21:17:35.107667" elapsed="0.263074"/>
</kw>
<arg>'${password}' != '${EMPTY}'</arg>
<arg>Input Password</arg>
<arg>${PASSWORD_INPUT}</arg>
<arg>${password}</arg>
<doc>Runs the given keyword with the given arguments, if ``condition`` is true.</doc>
<status status="PASS" start="2026-06-21T21:17:35.103829" elapsed="0.266912"/>
</kw>
<arg>${password}</arg>
<status status="PASS" start="2026-06-21T21:17:35.103829" elapsed="0.268555"/>
</kw>
<kw name="Click Login Button" owner="LoginPage">
<kw name="Click Element" owner="SeleniumLibrary">
<msg time="2026-06-21T21:17:35.373432" level="INFO">Clicking element 'xpath://button[@type='submit']'.</msg>
<arg>${LOGIN_BUTTON}</arg>
<doc>Click the element identified by ``locator``.</doc>
<status status="PASS" start="2026-06-21T21:17:35.372384" elapsed="0.203884"/>
</kw>
<status status="PASS" start="2026-06-21T21:17:35.372384" elapsed="0.205008"/>
</kw>
<arg>${VALID_USER}</arg>
<arg>123</arg>
<status status="PASS" start="2026-06-21T21:17:34.792565" elapsed="0.784827"/>
</kw>
<kw name="Run Keyword And Ignore Error" owner="BuiltIn">
<kw name="Alert Should Be Present" owner="SeleniumLibrary">
<msg time="2026-06-21T21:17:35.577392" level="INFO">HANDLE::&lt;class 'datetime.timedelta'&gt;::0:00:05</msg>
<arg>timeout=5s</arg>
<doc>Verifies that an alert is present and by default, accepts it.</doc>
<status status="PASS" start="2026-06-21T21:17:35.577392" elapsed="0.531521"/>
</kw>
<arg>Alert Should Be Present</arg>
<arg>timeout=5s</arg>
<doc>Runs the given keyword with the given arguments and ignores possible error.</doc>
<status status="PASS" start="2026-06-21T21:17:35.577392" elapsed="0.531521"/>
</kw>
<kw name="Close Application" owner="common_keywords" type="TEARDOWN">
<kw name="Close Browser" owner="SeleniumLibrary">
<doc>Closes the current browser.</doc>
<status status="PASS" start="2026-06-21T21:17:36.108913" elapsed="2.135134"/>
</kw>
<status status="PASS" start="2026-06-21T21:17:36.108913" elapsed="2.135134"/>
</kw>
<doc>Nhập Password ngắn hơn 6 ký tự</doc>
<status status="PASS" start="2026-06-21T21:17:30.970210" elapsed="7.273837"/>
</test>
<test id="s1-s1-t9" name="TC_09 Login With Uppercase Email" line="64">
<kw name="Open Browser To Application" owner="common_keywords" type="SETUP">
<kw name="Evaluate" owner="BuiltIn">
<msg time="2026-06-21T21:17:38.246058" level="INFO">${chrome_options} = &lt;selenium.webdriver.chrome.options.Options object at 0x0000021A26FB6D80&gt;</msg>
<var>${chrome_options}</var>
<arg>sys.modules['selenium.webdriver'].ChromeOptions()</arg>
<arg>sys, selenium.webdriver</arg>
<doc>Evaluates the given expression in Python and returns the result.</doc>
<status status="PASS" start="2026-06-21T21:17:38.246058" elapsed="0.000000"/>
</kw>
<kw name="Call Method" owner="BuiltIn">
<arg>${chrome_options}</arg>
<arg>add_argument</arg>
<arg>--headless</arg>
<doc>Calls the named method of the given object with the provided arguments.</doc>
<status status="PASS" start="2026-06-21T21:17:38.246058" elapsed="0.000000"/>
</kw>
<kw name="Call Method" owner="BuiltIn">
<arg>${chrome_options}</arg>
<arg>add_argument</arg>
<arg>--disable-gpu</arg>
<doc>Calls the named method of the given object with the provided arguments.</doc>
<status status="PASS" start="2026-06-21T21:17:38.246058" elapsed="0.000000"/>
</kw>
<kw name="Call Method" owner="BuiltIn">
<arg>${chrome_options}</arg>
<arg>add_argument</arg>
<arg>--window-size\=1920,1080</arg>
<doc>Calls the named method of the given object with the provided arguments.</doc>
<status status="PASS" start="2026-06-21T21:17:38.246058" elapsed="0.000000"/>
</kw>
<kw name="Call Method" owner="BuiltIn">
<arg>${chrome_options}</arg>
<arg>add_argument</arg>
<arg>--ignore-certificate-errors</arg>
<doc>Calls the named method of the given object with the provided arguments.</doc>
<status status="PASS" start="2026-06-21T21:17:38.246058" elapsed="0.000000"/>
</kw>
<kw name="Call Method" owner="BuiltIn">
<arg>${chrome_options}</arg>
<arg>add_argument</arg>
<arg>--allow-insecure-localhost</arg>
<doc>Calls the named method of the given object with the provided arguments.</doc>
<status status="PASS" start="2026-06-21T21:17:38.247563" elapsed="0.000000"/>
</kw>
<kw name="Call Method" owner="BuiltIn">
<arg>${chrome_options}</arg>
<arg>add_argument</arg>
<arg>--no-sandbox</arg>
<doc>Calls the named method of the given object with the provided arguments.</doc>
<status status="PASS" start="2026-06-21T21:17:38.247563" elapsed="0.000000"/>
</kw>
<kw name="Open Browser" owner="SeleniumLibrary">
<msg time="2026-06-21T21:17:38.248740" level="INFO">Opening browser 'chrome' to base url 'https://homestaybooking.id.vn'.</msg>
<arg>${BASE_URL}</arg>
<arg>${BROWSER}</arg>
<arg>options=${chrome_options}</arg>
<doc>Opens a new browser instance to the optional ``url``.</doc>
<status status="PASS" start="2026-06-21T21:17:38.248740" elapsed="3.293821"/>
</kw>
<kw name="Set Window Size" owner="SeleniumLibrary">
<arg>1920</arg>
<arg>1080</arg>
<doc>Sets current windows size to given ``width`` and ``height``.</doc>
<status status="PASS" start="2026-06-21T21:17:41.543191" elapsed="0.007929"/>
</kw>
<status status="PASS" start="2026-06-21T21:17:38.246058" elapsed="3.305062"/>
</kw>
<kw name="Go To Login Page" owner="LoginPage">
<kw name="Go To" owner="SeleniumLibrary">
<msg time="2026-06-21T21:17:41.551120" level="INFO">Opening url 'https://homestaybooking.id.vn/login'</msg>
<arg>${BASE_URL}/login</arg>
<doc>Navigates the current browser window to the provided ``url``.</doc>
<status status="PASS" start="2026-06-21T21:17:41.551120" elapsed="0.699761"/>
</kw>
<kw name="Wait Until Element Is Visible" owner="SeleniumLibrary">
<arg>${EMAIL_INPUT}</arg>
<arg>10s</arg>
<doc>Waits until the element ``locator`` is visible.</doc>
<status status="PASS" start="2026-06-21T21:17:42.250881" elapsed="0.056740"/>
</kw>
<status status="PASS" start="2026-06-21T21:17:41.551120" elapsed="0.756501"/>
</kw>
<kw name="Convert To Upper Case" owner="String">
<msg time="2026-06-21T21:17:42.307621" level="INFO">${uppercase_email} = CUSTOMER@GMAIL.COM</msg>
<var>${uppercase_email}</var>
<arg>${VALID_USER}</arg>
<doc>Converts string to upper case.</doc>
<status status="PASS" start="2026-06-21T21:17:42.307621" elapsed="0.000000"/>
</kw>
<kw name="Login With Credentials" owner="LoginPage">
<kw name="Input User Email" owner="LoginPage">
<kw name="Run Keyword If" owner="BuiltIn">
<kw name="Input Text" owner="SeleniumLibrary">
<msg time="2026-06-21T21:17:42.307621" level="INFO">Typing text 'CUSTOMER@GMAIL.COM' into text field 'id:email'.</msg>
<arg>${EMAIL_INPUT}</arg>
<arg>${email}</arg>
<doc>Types the given ``text`` into the text field identified by ``locator``.</doc>
<status status="PASS" start="2026-06-21T21:17:42.307621" elapsed="0.260095"/>
</kw>
<arg>'${email}' != '${EMPTY}'</arg>
<arg>Input Text</arg>
<arg>${EMAIL_INPUT}</arg>
<arg>${email}</arg>
<doc>Runs the given keyword with the given arguments, if ``condition`` is true.</doc>
<status status="PASS" start="2026-06-21T21:17:42.307621" elapsed="0.260095"/>
</kw>
<arg>${email}</arg>
<status status="PASS" start="2026-06-21T21:17:42.307621" elapsed="0.260095"/>
</kw>
<kw name="Input User Password" owner="LoginPage">
<kw name="Run Keyword If" owner="BuiltIn">
<kw name="Input Password" owner="SeleniumLibrary">
<msg time="2026-06-21T21:17:42.567716" level="INFO">Typing password into text field 'id:password'.</msg>
<msg time="2026-06-21T21:17:42.675004" level="INFO">Temporally setting log level to: NONE</msg>
<arg>${PASSWORD_INPUT}</arg>
<arg>${password}</arg>
<doc>Types the given password into the text field identified by ``locator``.</doc>
<status status="PASS" start="2026-06-21T21:17:42.567716" elapsed="0.243344"/>
</kw>
<arg>'${password}' != '${EMPTY}'</arg>
<arg>Input Password</arg>
<arg>${PASSWORD_INPUT}</arg>
<arg>${password}</arg>
<doc>Runs the given keyword with the given arguments, if ``condition`` is true.</doc>
<status status="PASS" start="2026-06-21T21:17:42.567716" elapsed="0.243344"/>
</kw>
<arg>${password}</arg>
<status status="PASS" start="2026-06-21T21:17:42.567716" elapsed="0.243344"/>
</kw>
<kw name="Click Login Button" owner="LoginPage">
<kw name="Click Element" owner="SeleniumLibrary">
<msg time="2026-06-21T21:17:42.811060" level="INFO">Clicking element 'xpath://button[@type='submit']'.</msg>
<arg>${LOGIN_BUTTON}</arg>
<doc>Click the element identified by ``locator``.</doc>
<status status="PASS" start="2026-06-21T21:17:42.811060" elapsed="0.179366"/>
</kw>
<status status="PASS" start="2026-06-21T21:17:42.811060" elapsed="0.179366"/>
</kw>
<arg>${uppercase_email}</arg>
<arg>${VALID_PASSWORD}</arg>
<status status="PASS" start="2026-06-21T21:17:42.307621" elapsed="0.682805"/>
</kw>
<kw name="Alert Should Be Present" owner="SeleniumLibrary">
<msg time="2026-06-21T21:17:42.990426" level="INFO">HANDLE::&lt;class 'datetime.timedelta'&gt;::0:00:10</msg>
<arg>timeout=10s</arg>
<doc>Verifies that an alert is present and by default, accepts it.</doc>
<status status="PASS" start="2026-06-21T21:17:42.990426" elapsed="0.519554"/>
</kw>
<kw name="Wait Until Location Is" owner="SeleniumLibrary">
<msg time="2026-06-21T21:17:58.895483" level="INFO" html="true">&lt;/td&gt;&lt;/tr&gt;&lt;tr&gt;&lt;td colspan="3"&gt;&lt;a href="selenium-screenshot-2.png"&gt;&lt;img src="selenium-screenshot-2.png" width="800px"&gt;&lt;/a&gt;</msg>
<msg time="2026-06-21T21:17:58.895483" level="FAIL">Location did not become 'https://homestaybooking.id.vn/' in 15 seconds.</msg>
<arg>${BASE_URL}/</arg>
<arg>timeout=15s</arg>
<doc>Waits until the current URL is ``expected``.</doc>
<status status="FAIL" start="2026-06-21T21:17:43.509980" elapsed="15.385503">Location did not become 'https://homestaybooking.id.vn/' in 15 seconds.</status>
</kw>
<kw name="Close Application" owner="common_keywords" type="TEARDOWN">
<kw name="Close Browser" owner="SeleniumLibrary">
<doc>Closes the current browser.</doc>
<status status="PASS" start="2026-06-21T21:17:58.895483" elapsed="2.205872"/>
</kw>
<status status="PASS" start="2026-06-21T21:17:58.895483" elapsed="2.205872"/>
</kw>
<doc>Email viết hoa vẫn đăng nhập thành công</doc>
<status status="FAIL" start="2026-06-21T21:17:38.244047" elapsed="22.857308">Location did not become 'https://homestaybooking.id.vn/' in 15 seconds.</status>
</test>
<test id="s1-s1-t10" name="TC_10 Login With Email Containing Spaces" line="72">
<kw name="Open Browser To Application" owner="common_keywords" type="SETUP">
<kw name="Evaluate" owner="BuiltIn">
<msg time="2026-06-21T21:18:01.107861" level="INFO">${chrome_options} = &lt;selenium.webdriver.chrome.options.Options object at 0x0000021A26FA69F0&gt;</msg>
<var>${chrome_options}</var>
<arg>sys.modules['selenium.webdriver'].ChromeOptions()</arg>
<arg>sys, selenium.webdriver</arg>
<doc>Evaluates the given expression in Python and returns the result.</doc>
<status status="PASS" start="2026-06-21T21:18:01.106451" elapsed="0.002164"/>
</kw>
<kw name="Call Method" owner="BuiltIn">
<arg>${chrome_options}</arg>
<arg>add_argument</arg>
<arg>--headless</arg>
<doc>Calls the named method of the given object with the provided arguments.</doc>
<status status="PASS" start="2026-06-21T21:18:01.108941" elapsed="0.000657"/>
</kw>
<kw name="Call Method" owner="BuiltIn">
<arg>${chrome_options}</arg>
<arg>add_argument</arg>
<arg>--disable-gpu</arg>
<doc>Calls the named method of the given object with the provided arguments.</doc>
<status status="PASS" start="2026-06-21T21:18:01.109598" elapsed="0.000706"/>
</kw>
<kw name="Call Method" owner="BuiltIn">
<arg>${chrome_options}</arg>
<arg>add_argument</arg>
<arg>--window-size\=1920,1080</arg>
<doc>Calls the named method of the given object with the provided arguments.</doc>
<status status="PASS" start="2026-06-21T21:18:01.110304" elapsed="0.000782"/>
</kw>
<kw name="Call Method" owner="BuiltIn">
<arg>${chrome_options}</arg>
<arg>add_argument</arg>
<arg>--ignore-certificate-errors</arg>
<doc>Calls the named method of the given object with the provided arguments.</doc>
<status status="PASS" start="2026-06-21T21:18:01.111701" elapsed="0.000000"/>
</kw>
<kw name="Call Method" owner="BuiltIn">
<arg>${chrome_options}</arg>
<arg>add_argument</arg>
<arg>--allow-insecure-localhost</arg>
<doc>Calls the named method of the given object with the provided arguments.</doc>
<status status="PASS" start="2026-06-21T21:18:01.111701" elapsed="0.000797"/>
</kw>
<kw name="Call Method" owner="BuiltIn">
<arg>${chrome_options}</arg>
<arg>add_argument</arg>
<arg>--no-sandbox</arg>
<doc>Calls the named method of the given object with the provided arguments.</doc>
<status status="PASS" start="2026-06-21T21:18:01.112843" elapsed="0.000317"/>
</kw>
<kw name="Open Browser" owner="SeleniumLibrary">
<msg time="2026-06-21T21:18:01.114085" level="INFO">Opening browser 'chrome' to base url 'https://homestaybooking.id.vn'.</msg>
<arg>${BASE_URL}</arg>
<arg>${BROWSER}</arg>
<arg>options=${chrome_options}</arg>
<doc>Opens a new browser instance to the optional ``url``.</doc>
<status status="PASS" start="2026-06-21T21:18:01.113474" elapsed="3.286652"/>
</kw>
<kw name="Set Window Size" owner="SeleniumLibrary">
<arg>1920</arg>
<arg>1080</arg>
<doc>Sets current windows size to given ``width`` and ``height``.</doc>
<status status="PASS" start="2026-06-21T21:18:04.400126" elapsed="0.014566"/>
</kw>
<status status="PASS" start="2026-06-21T21:18:01.105765" elapsed="3.308927"/>
</kw>
<kw name="Go To Login Page" owner="LoginPage">
<kw name="Go To" owner="SeleniumLibrary">
<msg time="2026-06-21T21:18:04.414692" level="INFO">Opening url 'https://homestaybooking.id.vn/login'</msg>
<arg>${BASE_URL}/login</arg>
<doc>Navigates the current browser window to the provided ``url``.</doc>
<status status="PASS" start="2026-06-21T21:18:04.414692" elapsed="0.641921"/>
</kw>
<kw name="Wait Until Element Is Visible" owner="SeleniumLibrary">
<arg>${EMAIL_INPUT}</arg>
<arg>10s</arg>
<doc>Waits until the element ``locator`` is visible.</doc>
<status status="PASS" start="2026-06-21T21:18:05.058571" elapsed="0.043823"/>
</kw>
<status status="PASS" start="2026-06-21T21:18:04.414692" elapsed="0.687702"/>
</kw>
<kw name="Login With Credentials" owner="LoginPage">
<kw name="Input User Email" owner="LoginPage">
<kw name="Run Keyword If" owner="BuiltIn">
<kw name="Input Text" owner="SeleniumLibrary">
<msg time="2026-06-21T21:18:05.107901" level="INFO">Typing text ' customer@gmail.com ' into text field 'id:email'.</msg>
<arg>${EMAIL_INPUT}</arg>
<arg>${email}</arg>
<doc>Types the given ``text`` into the text field identified by ``locator``.</doc>
<status status="PASS" start="2026-06-21T21:18:05.107901" elapsed="0.256018"/>
</kw>
<arg>'${email}' != '${EMPTY}'</arg>
<arg>Input Text</arg>
<arg>${EMAIL_INPUT}</arg>
<arg>${email}</arg>
<doc>Runs the given keyword with the given arguments, if ``condition`` is true.</doc>
<status status="PASS" start="2026-06-21T21:18:05.106104" elapsed="0.257815"/>
</kw>
<arg>${email}</arg>
<status status="PASS" start="2026-06-21T21:18:05.106104" elapsed="0.257815"/>
</kw>
<kw name="Input User Password" owner="LoginPage">
<kw name="Run Keyword If" owner="BuiltIn">
<kw name="Input Password" owner="SeleniumLibrary">
<msg time="2026-06-21T21:18:05.363919" level="INFO">Typing password into text field 'id:password'.</msg>
<msg time="2026-06-21T21:18:05.458486" level="INFO">Temporally setting log level to: NONE</msg>
<arg>${PASSWORD_INPUT}</arg>
<arg>${password}</arg>
<doc>Types the given password into the text field identified by ``locator``.</doc>
<status status="PASS" start="2026-06-21T21:18:05.363919" elapsed="0.252500"/>
</kw>
<arg>'${password}' != '${EMPTY}'</arg>
<arg>Input Password</arg>
<arg>${PASSWORD_INPUT}</arg>
<arg>${password}</arg>
<doc>Runs the given keyword with the given arguments, if ``condition`` is true.</doc>
<status status="PASS" start="2026-06-21T21:18:05.363919" elapsed="0.252500"/>
</kw>
<arg>${password}</arg>
<status status="PASS" start="2026-06-21T21:18:05.363919" elapsed="0.252500"/>
</kw>
<kw name="Click Login Button" owner="LoginPage">
<kw name="Click Element" owner="SeleniumLibrary">
<msg time="2026-06-21T21:18:05.623273" level="INFO">Clicking element 'xpath://button[@type='submit']'.</msg>
<arg>${LOGIN_BUTTON}</arg>
<doc>Click the element identified by ``locator``.</doc>
<status status="PASS" start="2026-06-21T21:18:05.623273" elapsed="0.206777"/>
</kw>
<status status="PASS" start="2026-06-21T21:18:05.616419" elapsed="0.213631"/>
</kw>
<arg>${SPACE}${VALID_USER}${SPACE}</arg>
<arg>${VALID_PASSWORD}</arg>
<status status="PASS" start="2026-06-21T21:18:05.106104" elapsed="0.724265"/>
</kw>
<kw name="Run Keyword And Ignore Error" owner="BuiltIn">
<kw name="Alert Should Be Present" owner="SeleniumLibrary">
<msg time="2026-06-21T21:18:05.830876" level="INFO">HANDLE::&lt;class 'datetime.timedelta'&gt;::0:00:10</msg>
<arg>timeout=10s</arg>
<doc>Verifies that an alert is present and by default, accepts it.</doc>
<status status="PASS" start="2026-06-21T21:18:05.830876" elapsed="0.521296"/>
</kw>
<arg>Alert Should Be Present</arg>
<arg>timeout=10s</arg>
<doc>Runs the given keyword with the given arguments and ignores possible error.</doc>
<status status="PASS" start="2026-06-21T21:18:05.830369" elapsed="0.521803"/>
</kw>
<kw name="Close Application" owner="common_keywords" type="TEARDOWN">
<kw name="Close Browser" owner="SeleniumLibrary">
<doc>Closes the current browser.</doc>
<status status="PASS" start="2026-06-21T21:18:06.359870" elapsed="2.132374"/>
</kw>
<status status="PASS" start="2026-06-21T21:18:06.352172" elapsed="2.140072"/>
</kw>
<doc>Nhập email có khoảng trắng ở đầu hoặc cuối</doc>
<status status="PASS" start="2026-06-21T21:18:01.103487" elapsed="7.388757"/>
</test>
<test id="s1-s1-t11" name="TC_14 Login With Wrong Password Case Sensitivity" line="79">
<kw name="Open Browser To Application" owner="common_keywords" type="SETUP">
<kw name="Evaluate" owner="BuiltIn">
<msg time="2026-06-21T21:18:08.498924" level="INFO">${chrome_options} = &lt;selenium.webdriver.chrome.options.Options object at 0x0000021A26FB5C70&gt;</msg>
<var>${chrome_options}</var>
<arg>sys.modules['selenium.webdriver'].ChromeOptions()</arg>
<arg>sys, selenium.webdriver</arg>
<doc>Evaluates the given expression in Python and returns the result.</doc>
<status status="PASS" start="2026-06-21T21:18:08.497588" elapsed="0.001336"/>
</kw>
<kw name="Call Method" owner="BuiltIn">
<arg>${chrome_options}</arg>
<arg>add_argument</arg>
<arg>--headless</arg>
<doc>Calls the named method of the given object with the provided arguments.</doc>
<status status="PASS" start="2026-06-21T21:18:08.499724" elapsed="0.000000"/>
</kw>
<kw name="Call Method" owner="BuiltIn">
<arg>${chrome_options}</arg>
<arg>add_argument</arg>
<arg>--disable-gpu</arg>
<doc>Calls the named method of the given object with the provided arguments.</doc>
<status status="PASS" start="2026-06-21T21:18:08.500444" elapsed="0.000694"/>
</kw>
<kw name="Call Method" owner="BuiltIn">
<arg>${chrome_options}</arg>
<arg>add_argument</arg>
<arg>--window-size\=1920,1080</arg>
<doc>Calls the named method of the given object with the provided arguments.</doc>
<status status="PASS" start="2026-06-21T21:18:08.501554" elapsed="0.000367"/>
</kw>
<kw name="Call Method" owner="BuiltIn">
<arg>${chrome_options}</arg>
<arg>add_argument</arg>
<arg>--ignore-certificate-errors</arg>
<doc>Calls the named method of the given object with the provided arguments.</doc>
<status status="PASS" start="2026-06-21T21:18:08.501921" elapsed="0.000651"/>
</kw>
<kw name="Call Method" owner="BuiltIn">
<arg>${chrome_options}</arg>
<arg>add_argument</arg>
<arg>--allow-insecure-localhost</arg>
<doc>Calls the named method of the given object with the provided arguments.</doc>
<status status="PASS" start="2026-06-21T21:18:08.502572" elapsed="0.000648"/>
</kw>
<kw name="Call Method" owner="BuiltIn">
<arg>${chrome_options}</arg>
<arg>add_argument</arg>
<arg>--no-sandbox</arg>
<doc>Calls the named method of the given object with the provided arguments.</doc>
<status status="PASS" start="2026-06-21T21:18:08.503220" elapsed="0.000646"/>
</kw>
<kw name="Open Browser" owner="SeleniumLibrary">
<msg time="2026-06-21T21:18:08.504513" level="INFO">Opening browser 'chrome' to base url 'https://homestaybooking.id.vn'.</msg>
<arg>${BASE_URL}</arg>
<arg>${BROWSER}</arg>
<arg>options=${chrome_options}</arg>
<doc>Opens a new browser instance to the optional ``url``.</doc>
<status status="PASS" start="2026-06-21T21:18:08.503866" elapsed="2.957664"/>
</kw>
<kw name="Set Window Size" owner="SeleniumLibrary">
<arg>1920</arg>
<arg>1080</arg>
<doc>Sets current windows size to given ``width`` and ``height``.</doc>
<status status="PASS" start="2026-06-21T21:18:11.461530" elapsed="0.016245"/>
</kw>
<status status="PASS" start="2026-06-21T21:18:08.496306" elapsed="2.981469"/>
</kw>
<kw name="Go To Login Page" owner="LoginPage">
<kw name="Go To" owner="SeleniumLibrary">
<msg time="2026-06-21T21:18:11.477775" level="INFO">Opening url 'https://homestaybooking.id.vn/login'</msg>
<arg>${BASE_URL}/login</arg>
<doc>Navigates the current browser window to the provided ``url``.</doc>
<status status="PASS" start="2026-06-21T21:18:11.477775" elapsed="0.600770"/>
</kw>
<kw name="Wait Until Element Is Visible" owner="SeleniumLibrary">
<arg>${EMAIL_INPUT}</arg>
<arg>10s</arg>
<doc>Waits until the element ``locator`` is visible.</doc>
<status status="PASS" start="2026-06-21T21:18:12.078545" elapsed="0.055604"/>
</kw>
<status status="PASS" start="2026-06-21T21:18:11.477775" elapsed="0.656374"/>
</kw>
<kw name="Convert To Upper Case" owner="String">
<msg time="2026-06-21T21:18:12.134149" level="INFO">${uppercase_pass} = PASSWORD</msg>
<var>${uppercase_pass}</var>
<arg>${VALID_PASSWORD}</arg>
<doc>Converts string to upper case.</doc>
<status status="PASS" start="2026-06-21T21:18:12.134149" elapsed="0.000000"/>
</kw>
<kw name="Login With Credentials" owner="LoginPage">
<kw name="Input User Email" owner="LoginPage">
<kw name="Run Keyword If" owner="BuiltIn">
<kw name="Input Text" owner="SeleniumLibrary">
<msg time="2026-06-21T21:18:12.134149" level="INFO">Typing text 'customer@gmail.com' into text field 'id:email'.</msg>
[...]
<msg time="2026-06-21T21:21:18.549953" level="INFO">${past_date} = 2026-06-16</msg>
<var>${past_date}</var>
<arg>${current_date}</arg>
<arg>5 days</arg>
<arg>result_format=%Y-%m-%d</arg>
<doc>Subtracts time from date and returns the resulting date.</doc>
<status status="PASS" start="2026-06-21T21:21:18.542453" elapsed="0.007500"/>
</kw>
<kw name="Select Dates" owner="RoomDetailPage">
<kw name="Execute Javascript" owner="SeleniumLibrary">
<msg time="2026-06-21T21:21:18.549953" level="INFO">Executing JavaScript:
let setter = Object.getOwnPropertyDescriptor(window.HTMLInputElement.prototype, 'value').set; let inDate = document.querySelectorAll("input[type='date']")[0]; setter.call(inDate, "2026-06-21"); inDate.dispatchEvent(new Event('input', { bubbles: true })); inDate.dispatchEvent(new Event('change', { bubbles: true }));
Without any arguments.</msg>
<arg>let setter = Object.getOwnPropertyDescriptor(window.HTMLInputElement.prototype, 'value').set; let inDate = document.querySelectorAll("input[type='date']")[0]; setter.call(inDate, "${checkin_date}"); inDate.dispatchEvent(new Event('input', { bubbles: true })); inDate.dispatchEvent(new Event('change', { bubbles: true }));</arg>
<doc>Executes the given JavaScript code with possible arguments.</doc>
<status status="PASS" start="2026-06-21T21:21:18.549953" elapsed="0.015700"/>
</kw>
<kw name="Execute Javascript" owner="SeleniumLibrary">
<msg time="2026-06-21T21:21:18.565653" level="INFO">Executing JavaScript:
let setter = Object.getOwnPropertyDescriptor(window.HTMLInputElement.prototype, 'value').set; let outDate = document.querySelectorAll("input[type='date']")[1]; setter.call(outDate, "2026-06-16"); outDate.dispatchEvent(new Event('input', { bubbles: true })); outDate.dispatchEvent(new Event('change', { bubbles: true }));
Without any arguments.</msg>
<arg>let setter = Object.getOwnPropertyDescriptor(window.HTMLInputElement.prototype, 'value').set; let outDate = document.querySelectorAll("input[type='date']")[1]; setter.call(outDate, "${checkout_date}"); outDate.dispatchEvent(new Event('input', { bubbles: true })); outDate.dispatchEvent(new Event('change', { bubbles: true }));</arg>
<doc>Executes the given JavaScript code with possible arguments.</doc>
<status status="PASS" start="2026-06-21T21:21:18.565653" elapsed="0.016828"/>
</kw>
<arg>${current_date}</arg>
<arg>${past_date}</arg>
<status status="PASS" start="2026-06-21T21:21:18.549953" elapsed="0.034150"/>
</kw>
<kw name="Click Book Now" owner="RoomDetailPage">
<kw name="Scroll Element Into View" owner="SeleniumLibrary">
<arg>${BOOK_NOW_BUTTON}</arg>
<doc>Scrolls the element identified by ``locator`` into view.</doc>
<status status="PASS" start="2026-06-21T21:21:18.584103" elapsed="0.311121"/>
</kw>
<kw name="Sleep" owner="BuiltIn">
<msg time="2026-06-21T21:21:19.395967" level="INFO">Slept 500 milliseconds.</msg>
<arg>0.5s</arg>
<doc>Pauses the test executed for the given time.</doc>
<status status="PASS" start="2026-06-21T21:21:18.895224" elapsed="0.500743"/>
</kw>
<kw name="Execute Javascript" owner="SeleniumLibrary">
<msg time="2026-06-21T21:21:19.395967" level="INFO">Executing JavaScript:
let btn = Array.from(document.querySelectorAll('button')).find(el =&gt; el.textContent.includes('Đặt phòng ngay')); if(btn) btn.click();
Without any arguments.</msg>
<arg>let btn = Array.from(document.querySelectorAll('button')).find(el =&gt; el.textContent.includes('Đặt phòng ngay')); if(btn) btn.click();</arg>
<doc>Executes the given JavaScript code with possible arguments.</doc>
<status status="PASS" start="2026-06-21T21:21:19.395967" elapsed="0.027749"/>
</kw>
<status status="PASS" start="2026-06-21T21:21:18.584103" elapsed="0.839613"/>
</kw>
<kw name="Sleep" owner="BuiltIn">
<msg time="2026-06-21T21:21:20.424235" level="INFO">Slept 1 second.</msg>
<arg>1s</arg>
<doc>Pauses the test executed for the given time.</doc>
<status status="PASS" start="2026-06-21T21:21:19.423716" elapsed="1.000519"/>
</kw>
<kw name="Wait Until Page Contains" owner="SeleniumLibrary">
<msg time="2026-06-21T21:21:25.786576" level="INFO" html="true">&lt;/td&gt;&lt;/tr&gt;&lt;tr&gt;&lt;td colspan="3"&gt;&lt;a href="selenium-screenshot-9.png"&gt;&lt;img src="selenium-screenshot-9.png" width="800px"&gt;&lt;/a&gt;</msg>
<msg time="2026-06-21T21:21:25.786576" level="FAIL">Text 'Ngày trả phòng phải sau ngày nhận phòng' did not appear in 5 seconds.</msg>
<arg>Ngày trả phòng phải sau ngày nhận phòng</arg>
<arg>timeout=5s</arg>
<doc>Waits until ``text`` appears on the current page.</doc>
<status status="FAIL" start="2026-06-21T21:21:20.424235" elapsed="5.367899">Text 'Ngày trả phòng phải sau ngày nhận phòng' did not appear in 5 seconds.</status>
</kw>
<kw name="Close Application" owner="common_keywords" type="TEARDOWN">
<kw name="Close Browser" owner="SeleniumLibrary">
<doc>Closes the current browser.</doc>
<status status="PASS" start="2026-06-21T21:21:25.792134" elapsed="2.173813"/>
</kw>
<status status="PASS" start="2026-06-21T21:21:25.792134" elapsed="2.173813"/>
</kw>
<doc>Bắt lỗi khi người dùng cố tình nhập ngày trả phòng nhỏ hơn ngày nhận phòng</doc>
<status status="FAIL" start="2026-06-21T21:21:14.603248" elapsed="13.362699">Text 'Ngày trả phòng phải sau ngày nhận phòng' did not appear in 5 seconds.</status>
</test>
<test id="s1-s4-t3" name="TC_03 Guest Must Login Before Successful Payment" line="61">
<kw name="Open Browser To Application" owner="common_keywords" type="SETUP">
<kw name="Evaluate" owner="BuiltIn">
<msg time="2026-06-21T21:21:27.969219" level="INFO">${chrome_options} = &lt;selenium.webdriver.chrome.options.Options object at 0x0000021A26FD9BB0&gt;</msg>
<var>${chrome_options}</var>
<arg>sys.modules['selenium.webdriver'].ChromeOptions()</arg>
<arg>sys, selenium.webdriver</arg>
<doc>Evaluates the given expression in Python and returns the result.</doc>
<status status="PASS" start="2026-06-21T21:21:27.968662" elapsed="0.000557"/>
</kw>
<kw name="Call Method" owner="BuiltIn">
<arg>${chrome_options}</arg>
<arg>add_argument</arg>
<arg>--headless</arg>
<doc>Calls the named method of the given object with the provided arguments.</doc>
<status status="PASS" start="2026-06-21T21:21:27.969849" elapsed="0.000000"/>
</kw>
<kw name="Call Method" owner="BuiltIn">
<arg>${chrome_options}</arg>
<arg>add_argument</arg>
<arg>--disable-gpu</arg>
<doc>Calls the named method of the given object with the provided arguments.</doc>
<status status="PASS" start="2026-06-21T21:21:27.969849" elapsed="0.000742"/>
</kw>
<kw name="Call Method" owner="BuiltIn">
<arg>${chrome_options}</arg>
<arg>add_argument</arg>
<arg>--window-size\=1920,1080</arg>
<doc>Calls the named method of the given object with the provided arguments.</doc>
<status status="PASS" start="2026-06-21T21:21:27.970591" elapsed="0.000714"/>
</kw>
<kw name="Call Method" owner="BuiltIn">
<arg>${chrome_options}</arg>
<arg>add_argument</arg>
<arg>--ignore-certificate-errors</arg>
<doc>Calls the named method of the given object with the provided arguments.</doc>
<status status="PASS" start="2026-06-21T21:21:27.971305" elapsed="0.000601"/>
</kw>
<kw name="Call Method" owner="BuiltIn">
<arg>${chrome_options}</arg>
<arg>add_argument</arg>
<arg>--allow-insecure-localhost</arg>
<doc>Calls the named method of the given object with the provided arguments.</doc>
<status status="PASS" start="2026-06-21T21:21:27.971906" elapsed="0.000000"/>
</kw>
<kw name="Call Method" owner="BuiltIn">
<arg>${chrome_options}</arg>
<arg>add_argument</arg>
<arg>--no-sandbox</arg>
<doc>Calls the named method of the given object with the provided arguments.</doc>
<status status="PASS" start="2026-06-21T21:21:27.971906" elapsed="0.000628"/>
</kw>
<kw name="Open Browser" owner="SeleniumLibrary">
<msg time="2026-06-21T21:21:27.972534" level="INFO">Opening browser 'chrome' to base url 'https://homestaybooking.id.vn'.</msg>
<arg>${BASE_URL}</arg>
<arg>${BROWSER}</arg>
<arg>options=${chrome_options}</arg>
<doc>Opens a new browser instance to the optional ``url``.</doc>
<status status="PASS" start="2026-06-21T21:21:27.972534" elapsed="3.144338"/>
</kw>
<kw name="Set Window Size" owner="SeleniumLibrary">
<arg>1920</arg>
<arg>1080</arg>
<doc>Sets current windows size to given ``width`` and ``height``.</doc>
<status status="PASS" start="2026-06-21T21:21:31.116872" elapsed="0.008607"/>
</kw>
<status status="PASS" start="2026-06-21T21:21:27.968662" elapsed="3.156817"/>
</kw>
<kw name="Go To" owner="SeleniumLibrary">
<msg time="2026-06-21T21:21:31.125479" level="INFO">Opening url 'https://homestaybooking.id.vn/payment?roomId=1&amp;checkIn=2026-10-10&amp;checkOut=2026-10-12&amp;adults=1'</msg>
<arg>${BASE_URL}/payment?roomId=1&amp;checkIn=2026-10-10&amp;checkOut=2026-10-12&amp;adults=1</arg>
<doc>Navigates the current browser window to the provided ``url``.</doc>
<status status="PASS" start="2026-06-21T21:21:31.125479" elapsed="0.312908"/>
</kw>
<kw name="Wait Until Location Contains" owner="SeleniumLibrary">
<arg>/payment</arg>
<arg>timeout=10s</arg>
<doc>Waits until the current URL contains ``expected``.</doc>
<status status="PASS" start="2026-06-21T21:21:31.438387" elapsed="0.013125"/>
</kw>
<kw name="Enter Customer Details" owner="CheckoutPage">
<kw name="Wait Until Element Is Visible" owner="SeleniumLibrary">
<arg>${FULLNAME_INPUT}</arg>
<arg>10s</arg>
<doc>Waits until the element ``locator`` is visible.</doc>
<status status="PASS" start="2026-06-21T21:21:31.451512" elapsed="0.273223"/>
</kw>
<kw name="Execute Javascript" owner="SeleniumLibrary">
<msg time="2026-06-21T21:21:31.724735" level="INFO">Executing JavaScript:
function setVueValue(id, val) { let el = document.getElementById(id); let setter = Object.getOwnPropertyDescriptor(window.HTMLInputElement.prototype, 'value').set; setter.call(el, val); el.dispatchEvent(new Event('input', {bubbles: true})); }; setVueValue('name', 'Guest User'); setVueValue('email', 'guest@example.com'); setVueValue('phone', '0900000000');
Without any arguments.</msg>
<arg>function setVueValue(id, val) { let el = document.getElementById(id); let setter = Object.getOwnPropertyDescriptor(window.HTMLInputElement.prototype, 'value').set; setter.call(el, val); el.dispatchEvent(new Event('input', {bubbles: true})); }; setVueValue('name', '${name}'); setVueValue('email', '${email}'); setVueValue('phone', '${phone}');</arg>
<doc>Executes the given JavaScript code with possible arguments.</doc>
<status status="PASS" start="2026-06-21T21:21:31.724735" elapsed="0.017139"/>
</kw>
<arg>Guest User</arg>
<arg>guest@example.com</arg>
<arg>0900000000</arg>
<status status="PASS" start="2026-06-21T21:21:31.451512" elapsed="0.290362"/>
</kw>
<kw name="Click Confirm Booking" owner="CheckoutPage">
<kw name="Execute Javascript" owner="SeleniumLibrary">
<msg time="2026-06-21T21:21:31.749647" level="INFO">Executing JavaScript:
document.querySelector("button[type='submit']").click()
Without any arguments.</msg>
<arg>document.querySelector("button[type='submit']").click()</arg>
<doc>Executes the given JavaScript code with possible arguments.</doc>
<status status="PASS" start="2026-06-21T21:21:31.749647" elapsed="0.034894"/>
</kw>
<status status="PASS" start="2026-06-21T21:21:31.749647" elapsed="0.034894"/>
</kw>
<kw name="Sleep" owner="BuiltIn">
<msg time="2026-06-21T21:21:32.785188" level="INFO">Slept 1 second.</msg>
<arg>1s</arg>
<doc>Pauses the test executed for the given time.</doc>
<status status="PASS" start="2026-06-21T21:21:31.784541" elapsed="1.000647"/>
</kw>
<kw name="Handle Alert" owner="SeleniumLibrary">
<msg time="2026-06-21T21:21:32.785188" level="INFO">HANDLE::&lt;class 'NoneType'&gt;::None</msg>
<msg time="2026-06-21T21:21:32.799161" level="INFO">${alert_text} = Tài khoản của bạn đã bị Admin khóa hoặc phiên đăng nhập hết hạn!</msg>
<var>${alert_text}</var>
<doc>Handles the current alert and returns its message.</doc>
<status status="PASS" start="2026-06-21T21:21:32.785188" elapsed="0.013973"/>
</kw>
<kw name="Should Contain" owner="BuiltIn">
<arg>${alert_text}</arg>
<arg>đăng nhập</arg>
<doc>Fails if ``container`` does not contain ``item`` one or more times.</doc>
<status status="PASS" start="2026-06-21T21:21:32.799161" elapsed="0.002011"/>
</kw>
<kw name="Location Should Contain" owner="SeleniumLibrary">
<msg time="2026-06-21T21:21:32.826234" level="WARN">Keyword 'Capture Page Screenshot' could not be run on failure: Alert Text: Lỗi: Unauthenticated.
Message: unexpected alert open: {Alert text : Lỗi: Unauthenticated.}
  (Session info: chrome=149.0.7827.116)
Stacktrace:
	chromedriver!GetHandleVerifier [0x7ff751743fa5+14925]
	chromedriver!GetHandleVerifier [0x7ff751744000+14980]
	chromedriver!(No symbol) [0x7ff75128793d]
	chromedriver!(No symbol) [0x7ff75132fe3d]
	chromedriver!(No symbol) [0x7ff7512d401c]
	chromedriver!(No symbol) [0x7ff7512d4f43]
	chromedriver!GetHandleVerifier [0x7ff751d27591+5f7f11]
	chromedriver!GetHandleVerifier [0x7ff751d21902+5f2282]
	chromedriver!GetHandleVerifier [0x7ff751d47115+617a95]
	chromedriver!GetHandleVerifier [0x7ff751761dce+3274e]
	chromedriver!GetHandleVerifier [0x7ff75176a82c+3b1ac]
	chromedriver!GetHandleVerifier [0x7ff75174d744+1e0c4]
	chromedriver!GetHandleVerifier [0x7ff75174d8d4+1e254]
	chromedriver!GetHandleVerifier [0x7ff751731447+1dc7]
	KERNEL32!BaseThreadInitThunk [0x7ff8233fe8d7+17]
	ntdll!RtlUserThreadStart [0x7ff824e0c48c+2c]
</msg>
<msg time="2026-06-21T21:21:32.826234" level="FAIL">UnexpectedAlertPresentException: Alert Text: Lỗi: Unauthenticated.
Message: unexpected alert open: {Alert text : Lỗi: Unauthenticated.}
  (Session info: chrome=149.0.7827.116)
Stacktrace:
	chromedriver!GetHandleVerifier [0x7ff751743fa5+14925]
	chromedriver!GetHandleVerifier [0x7ff751744000+14980]
	chromedriver!(No symbol) [0x7ff75128793d]
	chromedriver!(No symbol) [0x7ff751298dad]
	chromedriver!(No symbol) [0x7ff7512a093a]
	chromedriver!(No symbol) [0x7ff751272f01]
	chromedriver!(No symbol) [0x7ff751298250]
	chromedriver!(No symbol) [0x7ff75132f263]
	chromedriver!(No symbol) [0x7ff7512d401c]
	chromedriver!(No symbol) [0x7ff7512d4f43]
	chromedriver!GetHandleVerifier [0x7ff751d27591+5f7f11]
	chromedriver!GetHandleVerifier [0x7ff751d21902+5f2282]
	chromedriver!GetHandleVerifier [0x7ff751d47115+617a95]
	chromedriver!GetHandleVerifier [0x7ff751761dce+3274e]
	chromedriver!GetHandleVerifier [0x7ff75176a82c+3b1ac]
	chromedriver!GetHandleVerifier [0x7ff75174d744+1e0c4]
	chromedriver!GetHandleVerifier [0x7ff75174d8d4+1e254]
	chromedriver!GetHandleVerifier [0x7ff751731447+1dc7]
	KERNEL32!BaseThreadInitThunk [0x7ff8233fe8d7+17]
	ntdll!RtlUserThreadStart [0x7ff824e0c48c+2c]
</msg>
<arg>/payment</arg>
<doc>Verifies that the current URL contains ``expected``.</doc>
<status status="FAIL" start="2026-06-21T21:21:32.801172" elapsed="0.040896">UnexpectedAlertPresentException: Alert Text: Lỗi: Unauthenticated.
Message: unexpected alert open: {Alert text : Lỗi: Unauthenticated.}
  (Session info: chrome=149.0.7827.116)
Stacktrace:
	chromedriver!GetHandleVerifier [0x7ff751743fa5+14925]
	chromedriver!GetHandleVerifier [0x7ff751744000+14980]
	chromedriver!(No symbol) [0x7ff75128793d]
	chromedriver!(No symbol) [0x7ff751298dad]
	chromedriver!(No symbol) [0x7ff7512a093a]
	chromedriver!(No symbol) [0x7ff751272f01]
	chromedriver!(No symbol) [0x7ff751298250]
	chromedriver!(No symbol) [0x7ff75132f263]
	chromedriver!(No symbol) [0x7ff7512d401c]
	chromedriver!(No symbol) [0x7ff7512d4f43]
	chromedriver!GetHandleVerifier [0x7ff751d27591+5f7f11]
	chromedriver!GetHandleVerifier [0x7ff751d21902+5f2282]
	chromedriver!GetHandleVerifier [0x7ff751d47115+617a95]
	chromedriver!GetHandleVerifier [0x7ff751761dce+3274e]
	chromedriver!GetHandleVerifier [0x7ff75176a82c+3b1ac]
	chromedriver!GetHandleVerifier [0x7ff75174d744+1e0c4]
	chromedriver!GetHandleVerifier [0x7ff75174d8d4+1e254]
	chromedriver!GetHandleVerifier [0x7ff751731447+1dc7]
	KERNEL32!BaseThreadInitThunk [0x7ff8233fe8d7+17]
	ntdll!RtlUserThreadStart [0x7ff824e0c48c+2c]
</status>
</kw>
<kw name="Close Application" owner="common_keywords" type="TEARDOWN">
<kw name="Close Browser" owner="SeleniumLibrary">
<doc>Closes the current browser.</doc>
<status status="PASS" start="2026-06-21T21:21:32.843534" elapsed="2.138998"/>
</kw>
<status status="PASS" start="2026-06-21T21:21:32.842924" elapsed="2.139608"/>
</kw>
<doc>Người dùng vãng lai (Guest) không thể thanh toán nếu chưa đăng nhập</doc>
<status status="FAIL" start="2026-06-21T21:21:27.967527" elapsed="7.016013">UnexpectedAlertPresentException: Alert Text: Lỗi: Unauthenticated.
Message: unexpected alert open: {Alert text : Lỗi: Unauthenticated.}
  (Session info: chrome=149.0.7827.116)
Stacktrace:
	chromedriver!GetHandleVerifier [0x7ff751743fa5+14925]
	chromedriver!GetHandleVerifier [0x7ff751744000+14980]
	chromedriver!(No symbol) [0x7ff75128793d]
	chromedriver!(No symbol) [0x7ff751298dad]
	chromedriver!(No symbol) [0x7ff7512a093a]
	chromedriver!(No symbol) [0x7ff751272f01]
	chromedriver!(No symbol) [0x7ff751298250]
	chromedriver!(No symbol) [0x7ff75132f263]
	chromedriver!(No symbol) [0x7ff7512d401c]
	chromedriver!(No symbol) [0x7ff7512d4f43]
	chromedriver!GetHandleVerifier [0x7ff751d27591+5f7f11]
	chromedriver!GetHandleVerifier [0x7ff751d21902+5f2282]
	chromedriver!GetHandleVerifier [0x7ff751d47115+617a95]
	chromedriver!GetHandleVerifier [0x7ff751761dce+3274e]
	chromedriver!GetHandleVerifier [0x7ff75176a82c+3b1ac]
	chromedriver!GetHandleVerifier [0x7ff75174d744+1e0c4]
	chromedriver!GetHandleVerifier [0x7ff75174d8d4+1e254]
	chromedriver!GetHandleVerifier [0x7ff751731447+1dc7]
	KERNEL32!BaseThreadInitThunk [0x7ff8233fe8d7+17]
	ntdll!RtlUserThreadStart [0x7ff824e0c48c+2c]
</status>
</test>
<doc>Test luồng Tìm kiếm, Đặt phòng nâng cao và bắt lỗi</doc>
<status status="FAIL" start="2026-06-21T21:20:47.178776" elapsed="47.805238"/>
</suite>
<status status="FAIL" start="2026-06-21T21:16:24.396411" elapsed="310.588727"/>
</suite>
<statistics>
<total>
<stat pass="23" fail="7" skip="0">All Tests</stat>
</total>
<tag>
</tag>
<suite>
<stat name="LoginTests &amp; RegisterTests &amp; SearchTests &amp; AdvancedCheckoutTests" id="s1" pass="23" fail="7" skip="0">LoginTests &amp; RegisterTests &amp; SearchTests &amp; AdvancedCheckoutTests</stat>
<stat name="LoginTests" id="s1-s1" pass="10" fail="2" skip="0">LoginTests &amp; RegisterTests &amp; SearchTests &amp; AdvancedCheckoutTests.LoginTests</stat>
<stat name="RegisterTests" id="s1-s2" pass="13" fail="0" skip="0">LoginTests &amp; RegisterTests &amp; SearchTests &amp; AdvancedCheckoutTests.RegisterTests</stat>
<stat name="SearchTests" id="s1-s3" pass="0" fail="2" skip="0">LoginTests &amp; RegisterTests &amp; SearchTests &amp; AdvancedCheckoutTests.SearchTests</stat>
<stat name="AdvancedCheckoutTests" id="s1-s4" pass="0" fail="3" skip="0">LoginTests &amp; RegisterTests &amp; SearchTests &amp; AdvancedCheckoutTests.AdvancedCheckoutTests</stat>
</suite>
</statistics>
<errors>
<msg time="2026-06-21T21:21:32.826234" level="WARN">Keyword 'Capture Page Screenshot' could not be run on failure: Alert Text: Lỗi: Unauthenticated.
Message: unexpected alert open: {Alert text : Lỗi: Unauthenticated.}
  (Session info: chrome=149.0.7827.116)
Stacktrace:
	chromedriver!GetHandleVerifier [0x7ff751743fa5+14925]
	chromedriver!GetHandleVerifier [0x7ff751744000+14980]
	chromedriver!(No symbol) [0x7ff75128793d]
	chromedriver!(No symbol) [0x7ff75132fe3d]
	chromedriver!(No symbol) [0x7ff7512d401c]
	chromedriver!(No symbol) [0x7ff7512d4f43]
	chromedriver!GetHandleVerifier [0x7ff751d27591+5f7f11]
	chromedriver!GetHandleVerifier [0x7ff751d21902+5f2282]
	chromedriver!GetHandleVerifier [0x7ff751d47115+617a95]
	chromedriver!GetHandleVerifier [0x7ff751761dce+3274e]
	chromedriver!GetHandleVerifier [0x7ff75176a82c+3b1ac]
	chromedriver!GetHandleVerifier [0x7ff75174d744+1e0c4]
	chromedriver!GetHandleVerifier [0x7ff75174d8d4+1e254]
	chromedriver!GetHandleVerifier [0x7ff751731447+1dc7]
	KERNEL32!BaseThreadInitThunk [0x7ff8233fe8d7+17]
	ntdll!RtlUserThreadStart [0x7ff824e0c48c+2c]
</msg>
</errors>
</robot>
